

catalog.alleles.tsv.gz
stacks_littlem_3_bigm_9_n9_nequalM_sample16/
stacks_littlem_3_bigm_9_n9_nequalM_sample0/
stacks_littlem_3_bigm_9_n9_nequalM_sample16/sample16.alleles.tsv.gz
stacks_littlem_3_bigm_9_n9_nequalM_sample0/sample0.alleles.tsv.gz
stacks_littlem_3_bigm_9_n9_nequalM_sample10/
stacks_littlem_3_bigm_9_n9_nequalM_sample1/
stacks_littlem_3_bigm_9_n9_nequalM_sample10/sample10.alleles.tsv.gz
stacks_littlem_3_bigm_9_n9_nequalM_sample1/sample1.alleles.tsv.gz
stacks_littlem_3_bigm_9_n9_nequalM_sample8/
stacks_littlem_3_bigm_9_n9_nequalM_sample8/sample8.alleles.tsv.gz
stacks_littlem_3_bigm_9_n9_nequalM_sample19/
stacks_littlem_3_bigm_9_n9_nequalM_sample16/sample16.snps.tsv.gz
stacks_littlem_3_bigm_9_n9_nequalM_sample19/sample19.alleles.tsv.gz
stacks_littlem_3_bigm_9_n9_nequalM_sample18/
stacks_littlem_3_bigm_9_n9_nequalM_sample10/sample10.snps.tsv.gz
stacks_littlem_3_bigm_9_n9_nequalM_sample9/
stacks_littlem_3_bigm_9_n9_nequalM_sample9/sample9.alleles.tsv.gz
stacks_littlem_3_bigm_9_n9_nequalM_sample17/
stacks_littlem_3_bigm_9_n9_nequalM_sample17/sample17.alleles.tsv.gz
stacks_littlem_3_bigm_9_n9_nequalM_sample17/sample17.snps.tsv.gz
stacks_littlem_3_bigm_9_n9_nequalM_sample15/
stacks_littlem_3_bigm_9_n9_nequalM_sample18/sample18.alleles.tsv.gz
stacks_littlem_3_bigm_9_n9_nequalM_sample1/sample1.snps.tsv.gz
stacks_littlem_3_bigm_9_n9_nequalM_sample5/
stacks_littlem_3_bigm_9_n9_nequalM_sample19/sample19.snps.tsv.gz
stacks_littlem_3_bigm_9_n9_nequalM_sample12/
stacks_littlem_3_bigm_9_n9_nequalM_sample0/sample0.snps.tsv.gz
stacks_littlem_3_bigm_9_n9_nequalM_sample24/
stacks_littlem_3_bigm_9_n9_nequalM_sample24/sample24.alleles.tsv.gz
stacks_littlem_3_bigm_9_n9_nequalM_sample6/
stacks_littlem_3_bigm_9_n9_nequalM_sample13/
stacks_littlem_3_bigm_9_n9_nequalM_sample3/
stacks_littlem_3_bigm_9_n9_nequalM_sample11/
stacks_littlem_3_bigm_9_n9_nequalM_sample8/sample8.snps.tsv.gz
stacks_littlem_3_bigm_9_n9_nequalM_sample9/sample9.snps.tsv.gz
stacks_littlem_3_bigm_9_n9_nequalM_sample7/
stacks_littlem_3_bigm_9_n9_nequalM_sample15/sample15.alleles.tsv.gz
stacks_littlem_3_bigm_9_n9_nequalM_sample18/sample18.snps.tsv.gz
stacks_littlem_3_bigm_9_n9_nequalM_sample5/sample5.alleles.tsv.gz
stacks_littlem_3_bigm_9_n9_nequalM_sample28/
stacks_littlem_3_bigm_9_n9_nequalM_sample23/
stacks_littlem_3_bigm_9_n9_nequalM_sample12/sample12.alleles.tsv.gz
stacks_littlem_3_bigm_9_n9_nequalM_sample6/sample6.alleles.tsv.gz
stacks_littlem_3_bigm_9_n9_nequalM_sample27/
stacks_littlem_3_bigm_9_n9_nequalM_sample27/sample27.alleles.tsv.gz
stacks_littlem_3_bigm_9_n9_nequalM_sample22/
stacks_littlem_3_bigm_9_n9_nequalM_sample22/sample22.alleles.tsv.gz
stacks_littlem_3_bigm_9_n9_nequalM_sample26/
stacks_littlem_3_bigm_9_n9_nequalM_sample25/
stacks_littlem_3_bigm_9_n9_nequalM_sample13/sample13.alleles.tsv.gz
stacks_littlem_3_bigm_9_n9_nequalM_sample3/sample3.alleles.tsv.gz
stacks_littlem_3_bigm_9_n9_nequalM_sample17/sample17.tags.tsv.gz
stacks_littlem_3_bigm_9_n9_nequalM_sample2/
stacks_littlem_3_bigm_9_n9_nequalM_sample2/sample2.alleles.tsv.gz
stacks_littlem_3_bigm_9_n9_nequalM_sample24/sample24.snps.tsv.gz
stacks_littlem_3_bigm_9_n9_nequalM_sample14/
stacks_littlem_3_bigm_9_n9_nequalM_sample11/sample11.alleles.tsv.gz
stacks_littlem_3_bigm_9_n9_nequalM_sample4/
stacks_littlem_3_bigm_9_n9_nequalM_sample4/sample4.alleles.tsv.gz
stacks_littlem_3_bigm_9_n9_nequalM_sample29/
stacks_littlem_3_bigm_9_n9_nequalM_sample29/sample29.alleles.tsv.gz
stacks_littlem_3_bigm_9_n9_nequalM_sample7/sample7.alleles.tsv.gz
stacks_littlem_3_bigm_9_n9_nequalM_sample15/sample15.snps.tsv.gz
stacks_littlem_3_bigm_9_n9_nequalM_sample28/sample28.alleles.tsv.gz
stacks_littlem_3_bigm_9_n9_nequalM_sample23/sample23.alleles.tsv.gz
stacks_littlem_3_bigm_9_n9_nequalM_sample5/sample5.snps.tsv.gz
stacks_littlem_3_bigm_9_n9_nequalM_sample20/
stacks_littlem_3_bigm_9_n9_nequalM_sample20/sample20.alleles.tsv.gz
stacks_littlem_3_bigm_9_n9_nequalM_sample21/
stacks_littlem_3_bigm_9_n9_nequalM_sample21/sample21.alleles.tsv.gz
stacks_littlem_3_bigm_9_n9_nequalM_sample27/sample27.snps.tsv.gz
stacks_littlem_3_bigm_9_n9_nequalM_sample22/sample22.snps.tsv.gz
stacks_littlem_3_bigm_9_n9_nequalM_sample6/sample6.snps.tsv.gz
stacks_littlem_3_bigm_9_n9_nequalM_sample26/sample26.alleles.tsv.gz
stacks_littlem_3_bigm_9_n9_nequalM_sample25/sample25.alleles.tsv.gz
stacks_littlem_3_bigm_9_n9_nequalM_sample3/sample3.snps.tsv.gz
stacks_littlem_3_bigm_9_n9_nequalM_sample13/sample13.snps.tsv.gz
stacks_littlem_3_bigm_9_n9_nequalM_sample14/sample14.alleles.tsv.gz
stacks_littlem_3_bigm_9_n9_nequalM_sample14/sample14.snps.tsv.gz
stacks_littlem_3_bigm_9_n9_nequalM_sample2/sample2.snps.tsv.gz
stacks_littlem_3_bigm_9_n9_nequalM_sample4/sample4.snps.tsv.gz
stacks_littlem_3_bigm_9_n9_nequalM_sample12/sample12.snps.tsv.gz
stacks_littlem_3_bigm_9_n9_nequalM_sample17/sample17.matches.tsv.gz
stacks_littlem_3_bigm_9_n9_nequalM_sample11/sample11.snps.tsv.gz
stacks_littlem_3_bigm_9_n9_nequalM_sample29/sample29.snps.tsv.gz
stacks_littlem_3_bigm_9_n9_nequalM_sample7/sample7.snps.tsv.gz
stacks_littlem_3_bigm_9_n9_nequalM_sample28/sample28.snps.tsv.gz
stacks_littlem_3_bigm_9_n9_nequalM_sample23/sample23.snps.tsv.gz
stacks_littlem_3_bigm_9_n9_nequalM_sample20/sample20.snps.tsv.gz
stacks_littlem_3_bigm_9_n9_nequalM_sample21/sample21.snps.tsv.gz
stacks_littlem_3_bigm_9_n9_nequalM_sample26/sample26.snps.tsv.gz
stacks_littlem_3_bigm_9_n9_nequalM_sample17/sample17.matches.bam
catalog.snps.tsv.gz
stacks_littlem_3_bigm_9_n9_nequalM_sample25/sample25.snps.tsv.gz
stacks_littlem_3_bigm_9_n9_nequalM_sample17/sample17_tsv2bam.log
catalog.tags.tsv.gz
stacks_littlem_3_bigm_9_n9_nequalM_sample14/sample14.tags.tsv.gz
stacks_littlem_3_bigm_9_n9_nequalM_sample19/sample19.tags.tsv.gz
stacks_littlem_3_bigm_9_n9_nequalM_sample10/sample10.tags.tsv.gz
stacks_littlem_3_bigm_9_n9_nequalM_sample18/sample18.tags.tsv.gz
stacks_littlem_3_bigm_9_n9_nequalM_sample21/sample21.tags.tsv.gz
stacks_littlem_3_bigm_9_n9_nequalM_sample15/sample15.tags.tsv.gz
stacks_littlem_3_bigm_9_n9_nequalM_sample29/sample29.tags.tsv.gz
stacks_littlem_3_bigm_9_n9_nequalM_sample9/sample9.tags.tsv.gz
stacks_littlem_3_bigm_9_n9_nequalM_sample14/sample14.matches.tsv.gz
stacks_littlem_3_bigm_9_n9_nequalM_sample14/sample14.matches.bam
stacks_littlem_3_bigm_9_n9_nequalM_sample1/sample1.tags.tsv.gz
stacks_littlem_3_bigm_9_n9_nequalM_sample13/sample13.tags.tsv.gz
stacks_littlem_3_bigm_9_n9_nequalM_sample11/sample11.tags.tsv.gz
stacks_littlem_3_bigm_9_n9_nequalM_sample5/sample5.tags.tsv.gz
stacks_littlem_3_bigm_9_n9_nequalM_sample10/sample10.matches.tsv.gz
stacks_littlem_3_bigm_9_n9_nequalM_sample10/sample10.matches.bam
stacks_littlem_3_bigm_9_n9_nequalM_sample7/sample7.tags.tsv.gz
stacks_littlem_3_bigm_9_n9_nequalM_sample8/sample8.tags.tsv.gz
stacks_littlem_3_bigm_9_n9_nequalM_sample3/sample3.tags.tsv.gz
stacks_littlem_3_bigm_9_n9_nequalM_sample0/sample0.tags.tsv.gz
stacks_littlem_3_bigm_9_n9_nequalM_sample26/sample26.tags.tsv.gz
stacks_littlem_3_bigm_9_n9_nequalM_sample24/sample24.tags.tsv.gz
stacks_littlem_3_bigm_9_n9_nequalM_sample28/sample28.tags.tsv.gz
stacks_littlem_3_bigm_9_n9_nequalM_sample20/sample20.tags.tsv.gz
stacks_littlem_3_bigm_9_n9_nequalM_sample14/sample14_tsv2bam.log
stacks_littlem_3_bigm_9_n9_nequalM_sample27/sample27.tags.tsv.gz
stacks_littlem_3_bigm_9_n9_nequalM_sample25/sample25.tags.tsv.gz
stacks_littlem_3_bigm_9_n9_nequalM_sample22/sample22.tags.tsv.gz
stacks_littlem_3_bigm_9_n9_nequalM_sample4/sample4.tags.tsv.gz
stacks_littlem_3_bigm_9_n9_nequalM_sample12/sample12.tags.tsv.gz
stacks_littlem_3_bigm_9_n9_nequalM_sample16/sample16.tags.tsv.gz
stacks_littlem_3_bigm_9_n9_nequalM_sample6/sample6.tags.tsv.gz
stacks_littlem_3_bigm_9_n9_nequalM_sample18/sample18.matches.tsv.gz
stacks_littlem_3_bigm_9_n9_nequalM_sample18/sample18.matches.bam
stacks_littlem_3_bigm_9_n9_nequalM_sample21/sample21.matches.tsv.gz
stacks_littlem_3_bigm_9_n9_nequalM_sample21/sample21.matches.bam
stacks_littlem_3_bigm_9_n9_nequalM_sample23/sample23.tags.tsv.gz
stacks_littlem_3_bigm_9_n9_nequalM_sample10/sample10_tsv2bam.log
stacks_littlem_3_bigm_9_n9_nequalM_sample2/sample2.tags.tsv.gz
stacks_littlem_3_bigm_9_n9_nequalM_sample29/sample29.matches.tsv.gz
stacks_littlem_3_bigm_9_n9_nequalM_sample29/sample29.matches.bam
stacks_littlem_3_bigm_9_n9_nequalM_sample15/sample15.matches.tsv.gz
stacks_littlem_3_bigm_9_n9_nequalM_sample15/sample15.matches.bam
stacks_littlem_3_bigm_9_n9_nequalM_sample1/sample1.matches.tsv.gz
stacks_littlem_3_bigm_9_n9_nequalM_sample1/sample1.matches.bam
stacks_littlem_3_bigm_9_n9_nequalM_sample7/sample7.matches.tsv.gz
stacks_littlem_3_bigm_9_n9_nequalM_sample7/sample7.matches.bam
stacks_littlem_3_bigm_9_n9_nequalM_sample11/sample11.matches.tsv.gz
stacks_littlem_3_bigm_9_n9_nequalM_sample11/sample11.matches.bam
stacks_littlem_3_bigm_9_n9_nequalM_sample9/sample9.matches.tsv.gz
stacks_littlem_3_bigm_9_n9_nequalM_sample9/sample9.matches.bam
stacks_littlem_3_bigm_9_n9_nequalM_sample3/sample3.matches.tsv.gz
stacks_littlem_3_bigm_9_n9_nequalM_sample8/sample8.matches.tsv.gz
stacks_littlem_3_bigm_9_n9_nequalM_sample3/sample3.matches.bam
stacks_littlem_3_bigm_9_n9_nequalM_sample8/sample8.matches.bam
stacks_littlem_3_bigm_9_n9_nequalM_sample19/sample19.matches.tsv.gz
stacks_littlem_3_bigm_9_n9_nequalM_sample19/sample19.matches.bam
stacks_littlem_3_bigm_9_n9_nequalM_sample22/sample22.matches.tsv.gz
stacks_littlem_3_bigm_9_n9_nequalM_sample28/sample28.matches.tsv.gz
stacks_littlem_3_bigm_9_n9_nequalM_sample28/sample28.matches.bam
stacks_littlem_3_bigm_9_n9_nequalM_sample22/sample22.matches.bam
stacks_littlem_3_bigm_9_n9_nequalM_sample24/sample24.matches.tsv.gz
stacks_littlem_3_bigm_9_n9_nequalM_sample24/sample24.matches.bam
stacks_littlem_3_bigm_9_n9_nequalM_sample29/sample29_tsv2bam.log
stacks_littlem_3_bigm_9_n9_nequalM_sample15/sample15_tsv2bam.log
stacks_littlem_3_bigm_9_n9_nequalM_sample18/sample18_tsv2bam.log
stacks_littlem_3_bigm_9_n9_nequalM_sample13/sample13.matches.tsv.gz
stacks_littlem_3_bigm_9_n9_nequalM_sample13/sample13.matches.bam
stacks_littlem_3_bigm_9_n9_nequalM_sample12/sample12.matches.tsv.gz
stacks_littlem_3_bigm_9_n9_nequalM_sample12/sample12.matches.bam
stacks_littlem_3_bigm_9_n9_nequalM_sample5/sample5.matches.tsv.gz
stacks_littlem_3_bigm_9_n9_nequalM_sample5/sample5.matches.bam
stacks_littlem_3_bigm_9_n9_nequalM_sample0/sample0.matches.tsv.gz
stacks_littlem_3_bigm_9_n9_nequalM_sample0/sample0.matches.bam
stacks_littlem_3_bigm_9_n9_nequalM_sample20/sample20.matches.tsv.gz
stacks_littlem_3_bigm_9_n9_nequalM_sample20/sample20.matches.bam
stacks_littlem_3_bigm_9_n9_nequalM_sample26/sample26.matches.tsv.gz
stacks_littlem_3_bigm_9_n9_nequalM_sample26/sample26.matches.bam
stacks_littlem_3_bigm_9_n9_nequalM_sample16/sample16.matches.tsv.gz
stacks_littlem_3_bigm_9_n9_nequalM_sample3/sample3_tsv2bam.log
stacks_littlem_3_bigm_9_n9_nequalM_sample7/sample7_tsv2bam.log
stacks_littlem_3_bigm_9_n9_nequalM_sample16/sample16.matches.bam
stacks_littlem_3_bigm_9_n9_nequalM_sample1/sample1_tsv2bam.log
stacks_littlem_3_bigm_9_n9_nequalM_sample28/sample28_tsv2bam.log
stacks_littlem_3_bigm_9_n9_nequalM_sample24/sample24_tsv2bam.log
stacks_littlem_3_bigm_9_n9_nequalM_sample27/sample27.matches.tsv.gz
stacks_littlem_3_bigm_9_n9_nequalM_sample21/sample21_tsv2bam.log
stacks_littlem_3_bigm_9_n9_nequalM_sample13/sample13_tsv2bam.log
stacks_littlem_3_bigm_9_n9_nequalM_sample27/sample27.matches.bam
stacks_littlem_3_bigm_9_n9_nequalM_sample8/sample8_tsv2bam.log
stacks_littlem_3_bigm_9_n9_nequalM_sample22/sample22_tsv2bam.log
stacks_littlem_3_bigm_9_n9_nequalM_sample25/sample25.matches.tsv.gz
stacks_littlem_3_bigm_9_n9_nequalM_sample25/sample25.matches.bam
stacks_littlem_3_bigm_9_n9_nequalM_sample9/sample9_tsv2bam.log
stacks_littlem_3_bigm_9_n9_nequalM_sample19/sample19_tsv2bam.log
stacks_littlem_3_bigm_9_n9_nequalM_sample11/sample11_tsv2bam.log
stacks_littlem_3_bigm_9_n9_nequalM_sample12/sample12_tsv2bam.log
stacks_littlem_3_bigm_9_n9_nequalM_sample4/sample4.matches.tsv.gz
stacks_littlem_3_bigm_9_n9_nequalM_sample4/sample4.matches.bam
stacks_littlem_3_bigm_9_n9_nequalM_sample20/sample20_tsv2bam.log
stacks_littlem_3_bigm_9_n9_nequalM_sample23/sample23.matches.tsv.gz
stacks_littlem_3_bigm_9_n9_nequalM_sample23/sample23.matches.bam
stacks_littlem_3_bigm_9_n9_nequalM_sample16/sample16_tsv2bam.log
stacks_littlem_3_bigm_9_n9_nequalM_sample5/sample5_tsv2bam.log
stacks_littlem_3_bigm_9_n9_nequalM_sample0/sample0_tsv2bam.log
stacks_littlem_3_bigm_9_n9_nequalM_sample2/sample2.matches.tsv.gz
stacks_littlem_3_bigm_9_n9_nequalM_sample2/sample2.matches.bam
stacks_littlem_3_bigm_9_n9_nequalM_sample6/sample6.matches.tsv.gz
stacks_littlem_3_bigm_9_n9_nequalM_sample6/sample6.matches.bam
stacks_littlem_3_bigm_9_n9_nequalM_sample25/sample25_tsv2bam.log
stacks_littlem_3_bigm_9_n9_nequalM_sample27/sample27_tsv2bam.log
stacks_littlem_3_bigm_9_n9_nequalM_sample23/sample23_tsv2bam.log
stacks_littlem_3_bigm_9_n9_nequalM_sample4/sample4_tsv2bam.log
stacks_littlem_3_bigm_9_n9_nequalM_sample26/sample26_tsv2bam.log
stacks_littlem_3_bigm_9_n9_nequalM_sample2/sample2_tsv2bam.log
stacks_littlem_3_bigm_9_n9_nequalM_sample6/sample6_tsv2bam.log
Logging to '/tmp/local/14590611/bioprj_PRJNA573759_Pyroteuthis-margaritifera/stacks_littlem_3_bigm_9_n9_nequalM/gstacks.log'.
Locus/sample distributions will be written to '/tmp/local/14590611/bioprj_PRJNA573759_Pyroteuthis-margaritifera/stacks_littlem_3_bigm_9_n9_nequalM/gstacks.log.distribs'.

Configuration for this run:
  Input mode: denovo
  Population map: '/tmp/local/14590611/bioprj_PRJNA573759_Pyroteuthis-margaritifera/stacks_littlem_3_bigm_9_n9_nequalM/popmap'
  Input files: 30, e.g. '/tmp/local/14590611/bioprj_PRJNA573759_Pyroteuthis-margaritifera/stacks_littlem_3_bigm_9_n9_nequalM/sample0.matches.bam'
  Output to: '/tmp/local/14590611/bioprj_PRJNA573759_Pyroteuthis-margaritifera/stacks_littlem_3_bigm_9_n9_nequalM/'
  Model: marukilow (var_alpha: 0.01, gt_alpha: 0.05)

Reading BAM headers...
Processing all loci...
1%...
2%...
5%...
10%...
20%...
50%...
100%
Input appears to be single-end (no paired-end reads were seen).

Genotyped 429601 loci:
  effective per-sample coverage: mean=88.4x, stdev=31.8x, min=10.3x, max=139.4x
  mean number of sites per locus: 142.2
  a consistent phasing was found for 173760 of out 193421 (89.8%) diploid loci needing phasing

gstacks is done.
stacks_littlem_3_bigm_9_n9_nequalM/
stacks_littlem_3_bigm_9_n9_nequalM/sample16.alleles.tsv.gz
stacks_littlem_3_bigm_9_n9_nequalM/sample16.snps.tsv.gz
stacks_littlem_3_bigm_9_n9_nequalM/sample16.tags.tsv.gz
stacks_littlem_3_bigm_9_n9_nequalM/sample16.matches.tsv.gz
stacks_littlem_3_bigm_9_n9_nequalM/sample16.matches.bam
stacks_littlem_3_bigm_9_n9_nequalM/sample16_tsv2bam.log
stacks_littlem_3_bigm_9_n9_nequalM/sample0.alleles.tsv.gz
stacks_littlem_3_bigm_9_n9_nequalM/sample0.snps.tsv.gz
stacks_littlem_3_bigm_9_n9_nequalM/sample0.tags.tsv.gz
stacks_littlem_3_bigm_9_n9_nequalM/sample0.matches.tsv.gz
stacks_littlem_3_bigm_9_n9_nequalM/sample0.matches.bam
stacks_littlem_3_bigm_9_n9_nequalM/sample0_tsv2bam.log
stacks_littlem_3_bigm_9_n9_nequalM/sample10.alleles.tsv.gz
stacks_littlem_3_bigm_9_n9_nequalM/sample10.snps.tsv.gz
stacks_littlem_3_bigm_9_n9_nequalM/sample10.tags.tsv.gz
stacks_littlem_3_bigm_9_n9_nequalM/sample10.matches.tsv.gz
stacks_littlem_3_bigm_9_n9_nequalM/sample10.matches.bam
stacks_littlem_3_bigm_9_n9_nequalM/sample10_tsv2bam.log
stacks_littlem_3_bigm_9_n9_nequalM/sample1.alleles.tsv.gz
stacks_littlem_3_bigm_9_n9_nequalM/sample1.snps.tsv.gz
stacks_littlem_3_bigm_9_n9_nequalM/sample1.tags.tsv.gz
stacks_littlem_3_bigm_9_n9_nequalM/sample1.matches.tsv.gz
stacks_littlem_3_bigm_9_n9_nequalM/sample1.matches.bam
stacks_littlem_3_bigm_9_n9_nequalM/sample1_tsv2bam.log
stacks_littlem_3_bigm_9_n9_nequalM/sample8.alleles.tsv.gz
stacks_littlem_3_bigm_9_n9_nequalM/sample8.snps.tsv.gz
stacks_littlem_3_bigm_9_n9_nequalM/sample8.tags.tsv.gz
stacks_littlem_3_bigm_9_n9_nequalM/sample8.matches.tsv.gz
stacks_littlem_3_bigm_9_n9_nequalM/sample8.matches.bam
stacks_littlem_3_bigm_9_n9_nequalM/sample8_tsv2bam.log
stacks_littlem_3_bigm_9_n9_nequalM/sample19.alleles.tsv.gz
stacks_littlem_3_bigm_9_n9_nequalM/sample19.snps.tsv.gz
stacks_littlem_3_bigm_9_n9_nequalM/sample19.tags.tsv.gz
stacks_littlem_3_bigm_9_n9_nequalM/sample19.matches.tsv.gz
stacks_littlem_3_bigm_9_n9_nequalM/sample19.matches.bam
stacks_littlem_3_bigm_9_n9_nequalM/sample19_tsv2bam.log
stacks_littlem_3_bigm_9_n9_nequalM/sample18.alleles.tsv.gz
stacks_littlem_3_bigm_9_n9_nequalM/sample18.snps.tsv.gz
stacks_littlem_3_bigm_9_n9_nequalM/sample18.tags.tsv.gz
stacks_littlem_3_bigm_9_n9_nequalM/sample18.matches.tsv.gz
stacks_littlem_3_bigm_9_n9_nequalM/sample18.matches.bam
stacks_littlem_3_bigm_9_n9_nequalM/sample18_tsv2bam.log
stacks_littlem_3_bigm_9_n9_nequalM/sample9.alleles.tsv.gz
stacks_littlem_3_bigm_9_n9_nequalM/sample9.snps.tsv.gz
stacks_littlem_3_bigm_9_n9_nequalM/sample9.tags.tsv.gz
stacks_littlem_3_bigm_9_n9_nequalM/sample9.matches.tsv.gz
stacks_littlem_3_bigm_9_n9_nequalM/sample9.matches.bam
stacks_littlem_3_bigm_9_n9_nequalM/sample9_tsv2bam.log
stacks_littlem_3_bigm_9_n9_nequalM/sample17.alleles.tsv.gz
stacks_littlem_3_bigm_9_n9_nequalM/sample17.snps.tsv.gz
stacks_littlem_3_bigm_9_n9_nequalM/sample17.tags.tsv.gz
stacks_littlem_3_bigm_9_n9_nequalM/sample17.matches.tsv.gz
stacks_littlem_3_bigm_9_n9_nequalM/sample17.matches.bam
stacks_littlem_3_bigm_9_n9_nequalM/sample17_tsv2bam.log
stacks_littlem_3_bigm_9_n9_nequalM/sample15.alleles.tsv.gz
stacks_littlem_3_bigm_9_n9_nequalM/sample15.snps.tsv.gz
stacks_littlem_3_bigm_9_n9_nequalM/sample15.tags.tsv.gz
stacks_littlem_3_bigm_9_n9_nequalM/sample15.matches.tsv.gz
stacks_littlem_3_bigm_9_n9_nequalM/sample15.matches.bam
stacks_littlem_3_bigm_9_n9_nequalM/sample15_tsv2bam.log
stacks_littlem_3_bigm_9_n9_nequalM/sample5.alleles.tsv.gz
stacks_littlem_3_bigm_9_n9_nequalM/sample5.snps.tsv.gz
stacks_littlem_3_bigm_9_n9_nequalM/sample5.tags.tsv.gz
stacks_littlem_3_bigm_9_n9_nequalM/sample5.matches.tsv.gz
stacks_littlem_3_bigm_9_n9_nequalM/sample5.matches.bam
stacks_littlem_3_bigm_9_n9_nequalM/sample5_tsv2bam.log
stacks_littlem_3_bigm_9_n9_nequalM/sample12.alleles.tsv.gz
stacks_littlem_3_bigm_9_n9_nequalM/sample12.snps.tsv.gz
stacks_littlem_3_bigm_9_n9_nequalM/sample12.tags.tsv.gz
stacks_littlem_3_bigm_9_n9_nequalM/sample12.matches.tsv.gz
stacks_littlem_3_bigm_9_n9_nequalM/sample12.matches.bam
stacks_littlem_3_bigm_9_n9_nequalM/sample12_tsv2bam.log
stacks_littlem_3_bigm_9_n9_nequalM/sample24.alleles.tsv.gz
stacks_littlem_3_bigm_9_n9_nequalM/sample24.snps.tsv.gz
stacks_littlem_3_bigm_9_n9_nequalM/sample24.tags.tsv.gz
stacks_littlem_3_bigm_9_n9_nequalM/sample24.matches.tsv.gz
stacks_littlem_3_bigm_9_n9_nequalM/sample24.matches.bam
stacks_littlem_3_bigm_9_n9_nequalM/sample24_tsv2bam.log
stacks_littlem_3_bigm_9_n9_nequalM/sample6.alleles.tsv.gz
stacks_littlem_3_bigm_9_n9_nequalM/sample6.snps.tsv.gz
stacks_littlem_3_bigm_9_n9_nequalM/sample6.tags.tsv.gz
stacks_littlem_3_bigm_9_n9_nequalM/sample6.matches.tsv.gz
stacks_littlem_3_bigm_9_n9_nequalM/sample6.matches.bam
stacks_littlem_3_bigm_9_n9_nequalM/sample6_tsv2bam.log
stacks_littlem_3_bigm_9_n9_nequalM/sample13.alleles.tsv.gz
stacks_littlem_3_bigm_9_n9_nequalM/sample13.snps.tsv.gz
stacks_littlem_3_bigm_9_n9_nequalM/sample13.tags.tsv.gz
stacks_littlem_3_bigm_9_n9_nequalM/sample13.matches.tsv.gz
stacks_littlem_3_bigm_9_n9_nequalM/sample13.matches.bam
stacks_littlem_3_bigm_9_n9_nequalM/sample13_tsv2bam.log
stacks_littlem_3_bigm_9_n9_nequalM/sample3.alleles.tsv.gz
stacks_littlem_3_bigm_9_n9_nequalM/sample3.snps.tsv.gz
stacks_littlem_3_bigm_9_n9_nequalM/sample3.tags.tsv.gz
stacks_littlem_3_bigm_9_n9_nequalM/sample3.matches.tsv.gz
stacks_littlem_3_bigm_9_n9_nequalM/sample3.matches.bam
stacks_littlem_3_bigm_9_n9_nequalM/sample3_tsv2bam.log
stacks_littlem_3_bigm_9_n9_nequalM/sample11.alleles.tsv.gz
stacks_littlem_3_bigm_9_n9_nequalM/sample11.snps.tsv.gz
stacks_littlem_3_bigm_9_n9_nequalM/sample11.tags.tsv.gz
stacks_littlem_3_bigm_9_n9_nequalM/sample11.matches.tsv.gz
stacks_littlem_3_bigm_9_n9_nequalM/catalog.alleles.tsv.gz
stacks_littlem_3_bigm_9_n9_nequalM/catalog.snps.tsv.gz
stacks_littlem_3_bigm_9_n9_nequalM/catalog.tags.tsv.gz
stacks_littlem_3_bigm_9_n9_nequalM/sample11.matches.bam
stacks_littlem_3_bigm_9_n9_nequalM/sample11_tsv2bam.log
stacks_littlem_3_bigm_9_n9_nequalM/sample7.alleles.tsv.gz
stacks_littlem_3_bigm_9_n9_nequalM/sample7.snps.tsv.gz
stacks_littlem_3_bigm_9_n9_nequalM/sample7.tags.tsv.gz
stacks_littlem_3_bigm_9_n9_nequalM/sample7.matches.tsv.gz
stacks_littlem_3_bigm_9_n9_nequalM/sample7.matches.bam
stacks_littlem_3_bigm_9_n9_nequalM/sample7_tsv2bam.log
stacks_littlem_3_bigm_9_n9_nequalM/sample28.alleles.tsv.gz
stacks_littlem_3_bigm_9_n9_nequalM/sample28.snps.tsv.gz
stacks_littlem_3_bigm_9_n9_nequalM/sample28.tags.tsv.gz
stacks_littlem_3_bigm_9_n9_nequalM/sample28.matches.tsv.gz
stacks_littlem_3_bigm_9_n9_nequalM/sample28.matches.bam
stacks_littlem_3_bigm_9_n9_nequalM/sample28_tsv2bam.log
stacks_littlem_3_bigm_9_n9_nequalM/sample23.alleles.tsv.gz
stacks_littlem_3_bigm_9_n9_nequalM/sample23.snps.tsv.gz
stacks_littlem_3_bigm_9_n9_nequalM/sample23.tags.tsv.gz
stacks_littlem_3_bigm_9_n9_nequalM/sample23.matches.tsv.gz
stacks_littlem_3_bigm_9_n9_nequalM/sample23.matches.bam
stacks_littlem_3_bigm_9_n9_nequalM/sample23_tsv2bam.log
stacks_littlem_3_bigm_9_n9_nequalM/sample27.alleles.tsv.gz
stacks_littlem_3_bigm_9_n9_nequalM/sample27.snps.tsv.gz
stacks_littlem_3_bigm_9_n9_nequalM/sample27.tags.tsv.gz
stacks_littlem_3_bigm_9_n9_nequalM/sample27.matches.tsv.gz
stacks_littlem_3_bigm_9_n9_nequalM/sample27.matches.bam
stacks_littlem_3_bigm_9_n9_nequalM/sample27_tsv2bam.log
stacks_littlem_3_bigm_9_n9_nequalM/sample22.alleles.tsv.gz
stacks_littlem_3_bigm_9_n9_nequalM/sample22.snps.tsv.gz
stacks_littlem_3_bigm_9_n9_nequalM/sample22.tags.tsv.gz
stacks_littlem_3_bigm_9_n9_nequalM/sample22.matches.tsv.gz
stacks_littlem_3_bigm_9_n9_nequalM/sample22.matches.bam
stacks_littlem_3_bigm_9_n9_nequalM/sample22_tsv2bam.log
stacks_littlem_3_bigm_9_n9_nequalM/sample26.alleles.tsv.gz
stacks_littlem_3_bigm_9_n9_nequalM/sample26.snps.tsv.gz
stacks_littlem_3_bigm_9_n9_nequalM/sample26.tags.tsv.gz
stacks_littlem_3_bigm_9_n9_nequalM/sample26.matches.tsv.gz
stacks_littlem_3_bigm_9_n9_nequalM/sample26.matches.bam
stacks_littlem_3_bigm_9_n9_nequalM/sample26_tsv2bam.log
stacks_littlem_3_bigm_9_n9_nequalM/sample25.alleles.tsv.gz
stacks_littlem_3_bigm_9_n9_nequalM/sample25.snps.tsv.gz
stacks_littlem_3_bigm_9_n9_nequalM/sample25.tags.tsv.gz
stacks_littlem_3_bigm_9_n9_nequalM/sample25.matches.tsv.gz
stacks_littlem_3_bigm_9_n9_nequalM/sample25.matches.bam
stacks_littlem_3_bigm_9_n9_nequalM/sample25_tsv2bam.log
stacks_littlem_3_bigm_9_n9_nequalM/sample2.alleles.tsv.gz
stacks_littlem_3_bigm_9_n9_nequalM/sample2.snps.tsv.gz
stacks_littlem_3_bigm_9_n9_nequalM/sample2.tags.tsv.gz
stacks_littlem_3_bigm_9_n9_nequalM/sample2.matches.tsv.gz
stacks_littlem_3_bigm_9_n9_nequalM/sample2.matches.bam
stacks_littlem_3_bigm_9_n9_nequalM/sample2_tsv2bam.log
stacks_littlem_3_bigm_9_n9_nequalM/sample14.alleles.tsv.gz
stacks_littlem_3_bigm_9_n9_nequalM/sample14.snps.tsv.gz
stacks_littlem_3_bigm_9_n9_nequalM/sample14.tags.tsv.gz
stacks_littlem_3_bigm_9_n9_nequalM/sample14.matches.tsv.gz
stacks_littlem_3_bigm_9_n9_nequalM/sample14.matches.bam
stacks_littlem_3_bigm_9_n9_nequalM/sample14_tsv2bam.log
stacks_littlem_3_bigm_9_n9_nequalM/sample4.alleles.tsv.gz
stacks_littlem_3_bigm_9_n9_nequalM/sample4.snps.tsv.gz
stacks_littlem_3_bigm_9_n9_nequalM/sample4.tags.tsv.gz
stacks_littlem_3_bigm_9_n9_nequalM/sample4.matches.tsv.gz
stacks_littlem_3_bigm_9_n9_nequalM/sample4.matches.bam
stacks_littlem_3_bigm_9_n9_nequalM/sample4_tsv2bam.log
stacks_littlem_3_bigm_9_n9_nequalM/sample29.alleles.tsv.gz
stacks_littlem_3_bigm_9_n9_nequalM/sample29.snps.tsv.gz
stacks_littlem_3_bigm_9_n9_nequalM/sample29.tags.tsv.gz
stacks_littlem_3_bigm_9_n9_nequalM/sample29.matches.tsv.gz
stacks_littlem_3_bigm_9_n9_nequalM/sample29.matches.bam
stacks_littlem_3_bigm_9_n9_nequalM/sample29_tsv2bam.log
stacks_littlem_3_bigm_9_n9_nequalM/sample20.alleles.tsv.gz
stacks_littlem_3_bigm_9_n9_nequalM/sample20.snps.tsv.gz
stacks_littlem_3_bigm_9_n9_nequalM/sample20.tags.tsv.gz
stacks_littlem_3_bigm_9_n9_nequalM/sample20.matches.tsv.gz
stacks_littlem_3_bigm_9_n9_nequalM/sample20.matches.bam
stacks_littlem_3_bigm_9_n9_nequalM/sample20_tsv2bam.log
stacks_littlem_3_bigm_9_n9_nequalM/sample21.alleles.tsv.gz
stacks_littlem_3_bigm_9_n9_nequalM/sample21.snps.tsv.gz
stacks_littlem_3_bigm_9_n9_nequalM/sample21.tags.tsv.gz
stacks_littlem_3_bigm_9_n9_nequalM/sample21.matches.tsv.gz
stacks_littlem_3_bigm_9_n9_nequalM/sample21.matches.bam
stacks_littlem_3_bigm_9_n9_nequalM/sample21_tsv2bam.log
stacks_littlem_3_bigm_9_n9_nequalM/popmap
stacks_littlem_3_bigm_9_n9_nequalM/gstacks.log
stacks_littlem_3_bigm_9_n9_nequalM/gstacks.log.distribs
stacks_littlem_3_bigm_9_n9_nequalM/catalog.fa.gz
stacks_littlem_3_bigm_9_n9_nequalM/catalog.calls
I have 189 files in bioprj_PRJNA573759_Pyroteuthis-margaritifera_stacks_littlem_3_bigm_9_n9_nequalM.tar.gz tarball
I have all the files tarred and am copying them to storage node
DONE WITH GSTACKS
----------------------------------------------------------------------------------------
PRINTING SUBSET OF ENVIRONMENT VARIABLES:
BIG_M=9
COPY_FILES_TO_EXECUTE_NODE=yes
CPUS=10
CUDA_VISIBLE_DEVICES=
CVS_RSH=ssh
DIR=stacks_littlem_3_bigm_9_n9_nequalM
DIRSTACK=()
ENVIRONMENT=BATCH
EUID=1035122
FILECOUNT=189
GROUPS=()
HISTCONTROL=ignoredups
HISTSIZE=1000
HOME=/mnt/home/rhtoczyd
HOSTNAME=amr-106
HOSTTYPE=x86_64
HPCC_CLUSTER_FLAVOR=amd20
IFS=' 	
'
KDEDIRS=/usr
LANG=en_US.UTF-8
LESSOPEN='||/usr/bin/lesspipe.sh %s'
LITTLE_M=3
LMOD_CMD=/usr/local/lmod/lmod/libexec/lmod
LMOD_DIR=/usr/local/lmod/lmod/libexec
LMOD_FAMILY_COMPILERC=GCC
LMOD_FAMILY_COMPILERC_VERSION=9.3.0
LMOD_FAMILY_COMPILERF=GCC
LMOD_FAMILY_COMPILERF_VERSION=9.3.0
LMOD_FAMILY_MPI=OpenMPI
LMOD_FAMILY_MPI_VERSION=4.0.3
LMOD_PKG=/usr/local/lmod/lmod
LMOD_ROOT=/usr/local/lmod
LMOD_SETTARG_FULL_SUPPORT=no
LMOD_VERSION=8.4.5.ICER
LMOD_sys=Linux
LOADEDMODULES=GCCcore/9.3.0:zlib/1.2.11:binutils/2.34:GCC/9.3.0:numactl/2.0.13:XZ/5.2.5:libxml2/2.9.10:libpciaccess/0.16:hwloc/2.2.0:UCX/1.8.0:OpenMPI/4.0.3:OpenBLAS/0.3.9:FFTW/3.3.8:ScaLAPACK/2.1.0:Stacks/2.54
LOGNAME=rhtoczyd
MACHTYPE=x86_64-redhat-linux-gnu
MAIL=/var/spool/mail/rhtoczyd
MAX_LOC=3
MODULESHOME=/usr/local/lmod/lmod
MODULES_TO_LOAD=([0]="GCC/9.3.0" [1]="OpenMPI/4.0.3" [2]="Stacks/2.54")
N=9
N_SAMPS=30
OLDPWD=/tmp/local/14590611/bioprj_PRJNA573759_Pyroteuthis-margaritifera
OMPI_MCA_btl='^openib'
OMPI_MCA_btl_openib_btls_per_lid=8
OPTERR=1
OPTIND=1
OSTYPE=linux-gnu
OUTTARBALL=bioprj_PRJNA573759_Pyroteuthis-margaritifera_stacks_littlem_3_bigm_9_n9_nequalM.tar.gz
PAIRED_END=no
PBS_ARRAY_ID=14590611
PBS_ARRAY_INDEX=0
PBS_JOBDIR=/mnt/ufs18/home-173/rhtoczyd/step3-stacks-marine/PRJNA573759_Pyroteuthis-margaritifera
PBS_JOBID=14590611
PBS_JOBNAME=run-gstacks
PBS_NODEFILE=/tmp/nodefiles/14590611
PBS_NODENUM=0
PBS_O_HOME=/mnt/home/rhtoczyd
PBS_O_LANG=en_US.UTF-8
PBS_O_LOGNAME=rhtoczyd
PBS_O_MAIL=/var/spool/mail/rhtoczyd
PBS_O_SHELL=/bin/bash
PBS_O_WORKDIR=/mnt/ufs18/home-173/rhtoczyd/step3-stacks-marine/PRJNA573759_Pyroteuthis-margaritifera
PBS_TASKNUM=1
PIPESTATUS=([0]="0")
POSIXLY_CORRECT=y
PPID=15407
PROFILEREAD=true
PS4='+ '
PWD=/tmp/local
QTDIR=/usr/lib64/qt-3.3
QTINC=/usr/lib64/qt-3.3/include
QTLIB=/usr/lib64/qt-3.3/lib
QT_GRAPHICSSYSTEM_CHECKED=1
RUN_NAME=bioprj_PRJNA573759_Pyroteuthis-margaritifera
SAMP_STORAGE_DIR=/mnt/scratch/rhtoczyd/bioprj_PRJNA573759_Pyroteuthis-margaritifera/samples
SC15=/mnt/ls15/scratch/users/rhtoczyd
SC18=/mnt/gs18/scratch/users/rhtoczyd
SCRATCH=/mnt/gs18/scratch/users/rhtoczyd
SHELL=/bin/bash
SHELLOPTS=braceexpand:hashall:interactive-comments:posix
SHLVL=2
SLURMD_NODENAME=amr-106
SLURM_ARRAY_JOB_ID=14590611
SLURM_ARRAY_TASK_COUNT=1
SLURM_ARRAY_TASK_ID=0
SLURM_ARRAY_TASK_MAX=0
SLURM_ARRAY_TASK_MIN=0
SLURM_ARRAY_TASK_STEP=1
SLURM_CLUSTER_NAME=msuhpcc
SLURM_CPUS_ON_NODE=10
SLURM_CPUS_PER_TASK=10
SLURM_EXPORT_ENV='CPUS=10,RUN_NAME=bioprj_PRJNA573759_Pyroteuthis-margaritifera,LITTLE_M=3,MAX_LOC=3,STORAGENODE=/mnt/scratch/rhtoczyd,SAMP_STORAGE_DIR=/mnt/scratch/rhtoczyd/bioprj_PRJNA573759_Pyroteuthis-margaritifera/samples,N_SAMPS=30,BIG_M=9,SUB_NAME=nequalM,COPY_FILES_TO_EXECUTE_NODE=yes,PAIRED_END=no,MODULES_TO_LOAD=GCC/9.3.0 OpenMPI/4.0.3 Stacks/2.54'
SLURM_GET_USER_ENV=1
SLURM_GTIDS=0
SLURM_JOBID=14590611
SLURM_JOB_ACCOUNT=bradburd
SLURM_JOB_CPUS_PER_NODE=10
SLURM_JOB_DEPENDENCY=afterok:14590602_0:14590602_1:14590602_2:14590602_3:14590602_4:14590602_5:14590602_6:14590602_7:14590602_8:14590602_9:14590602_10:14590602_11:14590602_12:14590602_13:14590602_14:14590602_15:14590602_16:14590602_17:14590602_18:14590602_19:14590602_20:14590602_21:14590602_22:14590602_23:14590602_24:14590602_25:14590602_26:14590602_27:14590602_28:14590602_29
SLURM_JOB_GID=2479
SLURM_JOB_ID=14590611
SLURM_JOB_NAME=run-gstacks
SLURM_JOB_NODELIST=amr-106
SLURM_JOB_NUM_NODES=1
SLURM_JOB_PARTITION=bradburd
SLURM_JOB_QOS=normal
SLURM_JOB_UID=1035122
SLURM_JOB_USER=rhtoczyd
SLURM_LOCALID=0
SLURM_MEM_PER_NODE=135168
SLURM_NNODES=1
SLURM_NODEID=0
SLURM_NODELIST=amr-106
SLURM_NODE_ALIASES='(null)'
SLURM_PRIO_PROCESS=19
SLURM_PROCID=0
SLURM_SUBMIT_DIR=/mnt/ufs18/home-173/rhtoczyd/step3-stacks-marine/PRJNA573759_Pyroteuthis-margaritifera
SLURM_SUBMIT_HOST=dev-amd20-v100
SLURM_TASKS_PER_NODE=1
SLURM_TASK_PID=15412
SLURM_TOPOLOGY_ADDR=amr-106
SLURM_TOPOLOGY_ADDR_PATTERN=node
SLURM_WHOLE=1
SLURM_WORKING_CLUSTER=msuhpcc:slurm-01:6817:8704:109
SQUEUE_ALL=
STORAGEDIR=/mnt/scratch/rhtoczyd/bioprj_PRJNA573759_Pyroteuthis-margaritifera/stacks_littlem_3_bigm_9
STORAGENODE=/mnt/scratch/rhtoczyd
SUB_NAME=nequalM
TERM=dumb
TMPDIR=/tmp/local/14590611
UID=1035122
UNIQUEJOBID=14590611_0
USER=rhtoczyd
WORKDIR=/tmp/local/14590611/bioprj_PRJNA573759_Pyroteuthis-margaritifera
XDG_DATA_DIRS=/opt/software/FFTW/3.3.8-gompi-2020a/share:/opt/software/OpenMPI/4.0.3-GCC-9.3.0/share:/opt/software/UCX/1.8.0-GCCcore-9.3.0/share:/opt/software/hwloc/2.2.0-GCCcore-9.3.0/share:/opt/software/libxml2/2.9.10-GCCcore-9.3.0/share:/opt/software/XZ/5.2.5-GCCcore-9.3.0/share:/opt/software/numactl/2.0.13-GCCcore-9.3.0/share:/opt/software/binutils/2.34-GCCcore-9.3.0/share:/opt/software/zlib/1.2.11-GCCcore-9.3.0/share:/opt/software/GCCcore/9.3.0/share:/mnt/home/rhtoczyd/.local/share/flatpak/exports/share:/var/lib/flatpak/exports/share:/usr/local/share:/usr/share
f=bioprj_PRJNA573759_Pyroteuthis-margaritifera_stacks_littlem_3_bigm_9_n9_nequalM_sample9.tar.gz
is=bash
