

stacks_littlem_3_bigm_9_n10_nis1morethanM_sample16/
stacks_littlem_3_bigm_9_n10_nis1morethanM_sample3/
stacks_littlem_3_bigm_9_n10_nis1morethanM_sample16/sample16.alleles.tsv.gz
stacks_littlem_3_bigm_9_n10_nis1morethanM_sample3/sample3.alleles.tsv.gz
stacks_littlem_3_bigm_9_n10_nis1morethanM_sample10/
stacks_littlem_3_bigm_9_n10_nis1morethanM_sample3/sample3.snps.tsv.gz
stacks_littlem_3_bigm_9_n10_nis1morethanM_sample10/sample10.alleles.tsv.gz
stacks_littlem_3_bigm_9_n10_nis1morethanM_sample16/sample16.snps.tsv.gz
catalog.alleles.tsv.gz
stacks_littlem_3_bigm_9_n10_nis1morethanM_sample1/
stacks_littlem_3_bigm_9_n10_nis1morethanM_sample1/sample1.alleles.tsv.gz
stacks_littlem_3_bigm_9_n10_nis1morethanM_sample4/
stacks_littlem_3_bigm_9_n10_nis1morethanM_sample1/sample1.snps.tsv.gz
stacks_littlem_3_bigm_9_n10_nis1morethanM_sample2/
stacks_littlem_3_bigm_9_n10_nis1morethanM_sample15/
stacks_littlem_3_bigm_9_n10_nis1morethanM_sample10/sample10.snps.tsv.gz
stacks_littlem_3_bigm_9_n10_nis1morethanM_sample6/
stacks_littlem_3_bigm_9_n10_nis1morethanM_sample4/sample4.alleles.tsv.gz
stacks_littlem_3_bigm_9_n10_nis1morethanM_sample2/sample2.alleles.tsv.gz
stacks_littlem_3_bigm_9_n10_nis1morethanM_sample15/sample15.alleles.tsv.gz
stacks_littlem_3_bigm_9_n10_nis1morethanM_sample4/sample4.snps.tsv.gz
stacks_littlem_3_bigm_9_n10_nis1morethanM_sample9/
stacks_littlem_3_bigm_9_n10_nis1morethanM_sample9/sample9.alleles.tsv.gz
stacks_littlem_3_bigm_9_n10_nis1morethanM_sample5/
stacks_littlem_3_bigm_9_n10_nis1morethanM_sample5/sample5.alleles.tsv.gz
stacks_littlem_3_bigm_9_n10_nis1morethanM_sample14/
stacks_littlem_3_bigm_9_n10_nis1morethanM_sample13/
stacks_littlem_3_bigm_9_n10_nis1morethanM_sample13/sample13.alleles.tsv.gz
stacks_littlem_3_bigm_9_n10_nis1morethanM_sample6/sample6.alleles.tsv.gz
stacks_littlem_3_bigm_9_n10_nis1morethanM_sample12/
stacks_littlem_3_bigm_9_n10_nis1morethanM_sample15/sample15.snps.tsv.gz
stacks_littlem_3_bigm_9_n10_nis1morethanM_sample2/sample2.snps.tsv.gz
stacks_littlem_3_bigm_9_n10_nis1morethanM_sample14/sample14.alleles.tsv.gz
stacks_littlem_3_bigm_9_n10_nis1morethanM_sample9/sample9.snps.tsv.gz
stacks_littlem_3_bigm_9_n10_nis1morethanM_sample5/sample5.snps.tsv.gz
stacks_littlem_3_bigm_9_n10_nis1morethanM_sample13/sample13.snps.tsv.gz
stacks_littlem_3_bigm_9_n10_nis1morethanM_sample6/sample6.snps.tsv.gz
catalog.snps.tsv.gz
stacks_littlem_3_bigm_9_n10_nis1morethanM_sample12/sample12.alleles.tsv.gz
stacks_littlem_3_bigm_9_n10_nis1morethanM_sample11/
stacks_littlem_3_bigm_9_n10_nis1morethanM_sample11/sample11.alleles.tsv.gz
stacks_littlem_3_bigm_9_n10_nis1morethanM_sample12/sample12.snps.tsv.gz
stacks_littlem_3_bigm_9_n10_nis1morethanM_sample7/
stacks_littlem_3_bigm_9_n10_nis1morethanM_sample14/sample14.snps.tsv.gz
stacks_littlem_3_bigm_9_n10_nis1morethanM_sample11/sample11.snps.tsv.gz
stacks_littlem_3_bigm_9_n10_nis1morethanM_sample7/sample7.alleles.tsv.gz
stacks_littlem_3_bigm_9_n10_nis1morethanM_sample7/sample7.snps.tsv.gz
stacks_littlem_3_bigm_9_n10_nis1morethanM_sample0/
stacks_littlem_3_bigm_9_n10_nis1morethanM_sample0/sample0.alleles.tsv.gz
stacks_littlem_3_bigm_9_n10_nis1morethanM_sample0/sample0.snps.tsv.gz
catalog.tags.tsv.gz
stacks_littlem_3_bigm_9_n10_nis1morethanM_sample8/
stacks_littlem_3_bigm_9_n10_nis1morethanM_sample8/sample8.alleles.tsv.gz
stacks_littlem_3_bigm_9_n10_nis1morethanM_sample8/sample8.snps.tsv.gz
stacks_littlem_3_bigm_9_n10_nis1morethanM_sample3/sample3.tags.tsv.gz
stacks_littlem_3_bigm_9_n10_nis1morethanM_sample4/sample4.tags.tsv.gz
stacks_littlem_3_bigm_9_n10_nis1morethanM_sample16/sample16.tags.tsv.gz
stacks_littlem_3_bigm_9_n10_nis1morethanM_sample10/sample10.tags.tsv.gz
stacks_littlem_3_bigm_9_n10_nis1morethanM_sample3/sample3.matches.tsv.gz
stacks_littlem_3_bigm_9_n10_nis1morethanM_sample3/sample3.matches.bam
stacks_littlem_3_bigm_9_n10_nis1morethanM_sample6/sample6.tags.tsv.gz
stacks_littlem_3_bigm_9_n10_nis1morethanM_sample4/sample4.matches.tsv.gz
stacks_littlem_3_bigm_9_n10_nis1morethanM_sample4/sample4.matches.bam
stacks_littlem_3_bigm_9_n10_nis1morethanM_sample0/sample0.tags.tsv.gz
stacks_littlem_3_bigm_9_n10_nis1morethanM_sample9/sample9.tags.tsv.gz
stacks_littlem_3_bigm_9_n10_nis1morethanM_sample15/sample15.tags.tsv.gz
stacks_littlem_3_bigm_9_n10_nis1morethanM_sample16/sample16.matches.tsv.gz
stacks_littlem_3_bigm_9_n10_nis1morethanM_sample1/sample1.tags.tsv.gz
stacks_littlem_3_bigm_9_n10_nis1morethanM_sample16/sample16.matches.bam
stacks_littlem_3_bigm_9_n10_nis1morethanM_sample11/sample11.tags.tsv.gz
stacks_littlem_3_bigm_9_n10_nis1morethanM_sample10/sample10.matches.tsv.gz
stacks_littlem_3_bigm_9_n10_nis1morethanM_sample10/sample10.matches.bam
stacks_littlem_3_bigm_9_n10_nis1morethanM_sample3/sample3_tsv2bam.log
stacks_littlem_3_bigm_9_n10_nis1morethanM_sample4/sample4_tsv2bam.log
stacks_littlem_3_bigm_9_n10_nis1morethanM_sample6/sample6.matches.tsv.gz
stacks_littlem_3_bigm_9_n10_nis1morethanM_sample6/sample6.matches.bam
stacks_littlem_3_bigm_9_n10_nis1morethanM_sample11/sample11.matches.tsv.gz
stacks_littlem_3_bigm_9_n10_nis1morethanM_sample11/sample11.matches.bam
stacks_littlem_3_bigm_9_n10_nis1morethanM_sample14/sample14.tags.tsv.gz
stacks_littlem_3_bigm_9_n10_nis1morethanM_sample0/sample0.matches.tsv.gz
stacks_littlem_3_bigm_9_n10_nis1morethanM_sample16/sample16_tsv2bam.log
stacks_littlem_3_bigm_9_n10_nis1morethanM_sample0/sample0.matches.bam
stacks_littlem_3_bigm_9_n10_nis1morethanM_sample15/sample15.matches.tsv.gz
stacks_littlem_3_bigm_9_n10_nis1morethanM_sample9/sample9.matches.tsv.gz
stacks_littlem_3_bigm_9_n10_nis1morethanM_sample15/sample15.matches.bam
stacks_littlem_3_bigm_9_n10_nis1morethanM_sample9/sample9.matches.bam
stacks_littlem_3_bigm_9_n10_nis1morethanM_sample8/sample8.tags.tsv.gz
stacks_littlem_3_bigm_9_n10_nis1morethanM_sample10/sample10_tsv2bam.log
stacks_littlem_3_bigm_9_n10_nis1morethanM_sample11/sample11_tsv2bam.log
stacks_littlem_3_bigm_9_n10_nis1morethanM_sample1/sample1.matches.tsv.gz
stacks_littlem_3_bigm_9_n10_nis1morethanM_sample5/sample5.tags.tsv.gz
stacks_littlem_3_bigm_9_n10_nis1morethanM_sample1/sample1.matches.bam
stacks_littlem_3_bigm_9_n10_nis1morethanM_sample13/sample13.tags.tsv.gz
stacks_littlem_3_bigm_9_n10_nis1morethanM_sample2/sample2.tags.tsv.gz
stacks_littlem_3_bigm_9_n10_nis1morethanM_sample6/sample6_tsv2bam.log
stacks_littlem_3_bigm_9_n10_nis1morethanM_sample9/sample9_tsv2bam.log
stacks_littlem_3_bigm_9_n10_nis1morethanM_sample15/sample15_tsv2bam.log
stacks_littlem_3_bigm_9_n10_nis1morethanM_sample0/sample0_tsv2bam.log
stacks_littlem_3_bigm_9_n10_nis1morethanM_sample1/sample1_tsv2bam.log
stacks_littlem_3_bigm_9_n10_nis1morethanM_sample7/sample7.tags.tsv.gz
stacks_littlem_3_bigm_9_n10_nis1morethanM_sample12/sample12.tags.tsv.gz
stacks_littlem_3_bigm_9_n10_nis1morethanM_sample13/sample13.matches.tsv.gz
stacks_littlem_3_bigm_9_n10_nis1morethanM_sample5/sample5.matches.tsv.gz
stacks_littlem_3_bigm_9_n10_nis1morethanM_sample13/sample13.matches.bam
stacks_littlem_3_bigm_9_n10_nis1morethanM_sample5/sample5.matches.bam
stacks_littlem_3_bigm_9_n10_nis1morethanM_sample14/sample14.matches.tsv.gz
stacks_littlem_3_bigm_9_n10_nis1morethanM_sample14/sample14.matches.bam
stacks_littlem_3_bigm_9_n10_nis1morethanM_sample8/sample8.matches.tsv.gz
stacks_littlem_3_bigm_9_n10_nis1morethanM_sample2/sample2.matches.tsv.gz
stacks_littlem_3_bigm_9_n10_nis1morethanM_sample8/sample8.matches.bam
stacks_littlem_3_bigm_9_n10_nis1morethanM_sample2/sample2.matches.bam
stacks_littlem_3_bigm_9_n10_nis1morethanM_sample13/sample13_tsv2bam.log
stacks_littlem_3_bigm_9_n10_nis1morethanM_sample12/sample12.matches.tsv.gz
stacks_littlem_3_bigm_9_n10_nis1morethanM_sample12/sample12.matches.bam
stacks_littlem_3_bigm_9_n10_nis1morethanM_sample7/sample7.matches.tsv.gz
stacks_littlem_3_bigm_9_n10_nis1morethanM_sample7/sample7.matches.bam
stacks_littlem_3_bigm_9_n10_nis1morethanM_sample5/sample5_tsv2bam.log
stacks_littlem_3_bigm_9_n10_nis1morethanM_sample8/sample8_tsv2bam.log
stacks_littlem_3_bigm_9_n10_nis1morethanM_sample14/sample14_tsv2bam.log
stacks_littlem_3_bigm_9_n10_nis1morethanM_sample2/sample2_tsv2bam.log
stacks_littlem_3_bigm_9_n10_nis1morethanM_sample12/sample12_tsv2bam.log
stacks_littlem_3_bigm_9_n10_nis1morethanM_sample7/sample7_tsv2bam.log
Logging to '/tmp/local/17143683/bioprj_PRJNA449377_Zebrasoma-flavescens/stacks_littlem_3_bigm_9_n10_nis1morethanM/gstacks.log'.
Locus/sample distributions will be written to '/tmp/local/17143683/bioprj_PRJNA449377_Zebrasoma-flavescens/stacks_littlem_3_bigm_9_n10_nis1morethanM/gstacks.log.distribs'.

Configuration for this run:
  Input mode: denovo
  Population map: '/tmp/local/17143683/bioprj_PRJNA449377_Zebrasoma-flavescens/stacks_littlem_3_bigm_9_n10_nis1morethanM/popmap'
  Input files: 17, e.g. '/tmp/local/17143683/bioprj_PRJNA449377_Zebrasoma-flavescens/stacks_littlem_3_bigm_9_n10_nis1morethanM/sample0.matches.bam'
  Output to: '/tmp/local/17143683/bioprj_PRJNA449377_Zebrasoma-flavescens/stacks_littlem_3_bigm_9_n10_nis1morethanM/'
  Model: marukilow (var_alpha: 0.01, gt_alpha: 0.05)

Reading BAM headers...
Processing all loci...
1%...
2%...
5%...
10%...
20%...
50%...
100%
Input appears to be single-end (no paired-end reads were seen).

Genotyped 108491 loci:
  effective per-sample coverage: mean=11.6x, stdev=6.7x, min=5.9x, max=28.1x
  mean number of sites per locus: 80.1
  a consistent phasing was found for 100838 of out 107498 (93.8%) diploid loci needing phasing

gstacks is done.
stacks_littlem_3_bigm_9_n10_nis1morethanM/
stacks_littlem_3_bigm_9_n10_nis1morethanM/sample16.alleles.tsv.gz
stacks_littlem_3_bigm_9_n10_nis1morethanM/sample16.snps.tsv.gz
stacks_littlem_3_bigm_9_n10_nis1morethanM/sample16.tags.tsv.gz
stacks_littlem_3_bigm_9_n10_nis1morethanM/sample16.matches.tsv.gz
stacks_littlem_3_bigm_9_n10_nis1morethanM/sample16.matches.bam
stacks_littlem_3_bigm_9_n10_nis1morethanM/sample16_tsv2bam.log
stacks_littlem_3_bigm_9_n10_nis1morethanM/sample3.alleles.tsv.gz
stacks_littlem_3_bigm_9_n10_nis1morethanM/sample3.snps.tsv.gz
stacks_littlem_3_bigm_9_n10_nis1morethanM/sample3.tags.tsv.gz
stacks_littlem_3_bigm_9_n10_nis1morethanM/sample3.matches.tsv.gz
stacks_littlem_3_bigm_9_n10_nis1morethanM/sample3.matches.bam
stacks_littlem_3_bigm_9_n10_nis1morethanM/sample3_tsv2bam.log
stacks_littlem_3_bigm_9_n10_nis1morethanM/sample10.alleles.tsv.gz
stacks_littlem_3_bigm_9_n10_nis1morethanM/sample10.snps.tsv.gz
stacks_littlem_3_bigm_9_n10_nis1morethanM/sample10.tags.tsv.gz
stacks_littlem_3_bigm_9_n10_nis1morethanM/sample10.matches.tsv.gz
stacks_littlem_3_bigm_9_n10_nis1morethanM/sample10.matches.bam
stacks_littlem_3_bigm_9_n10_nis1morethanM/sample10_tsv2bam.log
stacks_littlem_3_bigm_9_n10_nis1morethanM/sample1.alleles.tsv.gz
stacks_littlem_3_bigm_9_n10_nis1morethanM/sample1.snps.tsv.gz
stacks_littlem_3_bigm_9_n10_nis1morethanM/sample1.tags.tsv.gz
stacks_littlem_3_bigm_9_n10_nis1morethanM/sample1.matches.tsv.gz
stacks_littlem_3_bigm_9_n10_nis1morethanM/sample1.matches.bam
stacks_littlem_3_bigm_9_n10_nis1morethanM/sample1_tsv2bam.log
stacks_littlem_3_bigm_9_n10_nis1morethanM/sample4.alleles.tsv.gz
stacks_littlem_3_bigm_9_n10_nis1morethanM/sample4.snps.tsv.gz
stacks_littlem_3_bigm_9_n10_nis1morethanM/sample4.tags.tsv.gz
stacks_littlem_3_bigm_9_n10_nis1morethanM/sample4.matches.tsv.gz
stacks_littlem_3_bigm_9_n10_nis1morethanM/sample4.matches.bam
stacks_littlem_3_bigm_9_n10_nis1morethanM/sample4_tsv2bam.log
stacks_littlem_3_bigm_9_n10_nis1morethanM/sample2.alleles.tsv.gz
stacks_littlem_3_bigm_9_n10_nis1morethanM/sample2.snps.tsv.gz
stacks_littlem_3_bigm_9_n10_nis1morethanM/sample2.tags.tsv.gz
stacks_littlem_3_bigm_9_n10_nis1morethanM/sample2.matches.tsv.gz
stacks_littlem_3_bigm_9_n10_nis1morethanM/sample2.matches.bam
stacks_littlem_3_bigm_9_n10_nis1morethanM/sample2_tsv2bam.log
stacks_littlem_3_bigm_9_n10_nis1morethanM/sample15.alleles.tsv.gz
stacks_littlem_3_bigm_9_n10_nis1morethanM/sample15.snps.tsv.gz
stacks_littlem_3_bigm_9_n10_nis1morethanM/sample15.tags.tsv.gz
stacks_littlem_3_bigm_9_n10_nis1morethanM/sample15.matches.tsv.gz
stacks_littlem_3_bigm_9_n10_nis1morethanM/sample15.matches.bam
stacks_littlem_3_bigm_9_n10_nis1morethanM/sample15_tsv2bam.log
stacks_littlem_3_bigm_9_n10_nis1morethanM/sample6.alleles.tsv.gz
stacks_littlem_3_bigm_9_n10_nis1morethanM/sample6.snps.tsv.gz
stacks_littlem_3_bigm_9_n10_nis1morethanM/sample6.tags.tsv.gz
stacks_littlem_3_bigm_9_n10_nis1morethanM/sample6.matches.tsv.gz
stacks_littlem_3_bigm_9_n10_nis1morethanM/sample6.matches.bam
stacks_littlem_3_bigm_9_n10_nis1morethanM/sample6_tsv2bam.log
stacks_littlem_3_bigm_9_n10_nis1morethanM/sample9.alleles.tsv.gz
stacks_littlem_3_bigm_9_n10_nis1morethanM/sample9.snps.tsv.gz
stacks_littlem_3_bigm_9_n10_nis1morethanM/sample9.tags.tsv.gz
stacks_littlem_3_bigm_9_n10_nis1morethanM/sample9.matches.tsv.gz
stacks_littlem_3_bigm_9_n10_nis1morethanM/sample9.matches.bam
stacks_littlem_3_bigm_9_n10_nis1morethanM/sample5.alleles.tsv.gz
stacks_littlem_3_bigm_9_n10_nis1morethanM/sample5.tags.tsv.gz
stacks_littlem_3_bigm_9_n10_nis1morethanM/sample5.matches.tsv.gz
stacks_littlem_3_bigm_9_n10_nis1morethanM/sample5_tsv2bam.log
stacks_littlem_3_bigm_9_n10_nis1morethanM/sample11.snps.tsv.gz
stacks_littlem_3_bigm_9_n10_nis1morethanM/catalog.alleles.tsv.gz
stacks_littlem_3_bigm_9_n10_nis1morethanM/catalog.snps.tsv.gz
stacks_littlem_3_bigm_9_n10_nis1morethanM/catalog.tags.tsv.gz
stacks_littlem_3_bigm_9_n10_nis1morethanM/sample9_tsv2bam.log
stacks_littlem_3_bigm_9_n10_nis1morethanM/sample5.snps.tsv.gz
stacks_littlem_3_bigm_9_n10_nis1morethanM/sample5.matches.bam
stacks_littlem_3_bigm_9_n10_nis1morethanM/sample14.alleles.tsv.gz
stacks_littlem_3_bigm_9_n10_nis1morethanM/sample14.snps.tsv.gz
stacks_littlem_3_bigm_9_n10_nis1morethanM/sample14.tags.tsv.gz
stacks_littlem_3_bigm_9_n10_nis1morethanM/sample14.matches.tsv.gz
stacks_littlem_3_bigm_9_n10_nis1morethanM/sample14.matches.bam
stacks_littlem_3_bigm_9_n10_nis1morethanM/sample14_tsv2bam.log
stacks_littlem_3_bigm_9_n10_nis1morethanM/sample13.alleles.tsv.gz
stacks_littlem_3_bigm_9_n10_nis1morethanM/sample13.snps.tsv.gz
stacks_littlem_3_bigm_9_n10_nis1morethanM/sample13.tags.tsv.gz
stacks_littlem_3_bigm_9_n10_nis1morethanM/sample13.matches.tsv.gz
stacks_littlem_3_bigm_9_n10_nis1morethanM/sample13.matches.bam
stacks_littlem_3_bigm_9_n10_nis1morethanM/sample13_tsv2bam.log
stacks_littlem_3_bigm_9_n10_nis1morethanM/sample12.alleles.tsv.gz
stacks_littlem_3_bigm_9_n10_nis1morethanM/sample12.snps.tsv.gz
stacks_littlem_3_bigm_9_n10_nis1morethanM/sample12.tags.tsv.gz
stacks_littlem_3_bigm_9_n10_nis1morethanM/sample12.matches.tsv.gz
stacks_littlem_3_bigm_9_n10_nis1morethanM/sample12.matches.bam
stacks_littlem_3_bigm_9_n10_nis1morethanM/sample12_tsv2bam.log
stacks_littlem_3_bigm_9_n10_nis1morethanM/sample11.alleles.tsv.gz
stacks_littlem_3_bigm_9_n10_nis1morethanM/sample11.tags.tsv.gz
stacks_littlem_3_bigm_9_n10_nis1morethanM/sample11.matches.tsv.gz
stacks_littlem_3_bigm_9_n10_nis1morethanM/sample11.matches.bam
stacks_littlem_3_bigm_9_n10_nis1morethanM/sample11_tsv2bam.log
stacks_littlem_3_bigm_9_n10_nis1morethanM/sample7.alleles.tsv.gz
stacks_littlem_3_bigm_9_n10_nis1morethanM/sample7.snps.tsv.gz
stacks_littlem_3_bigm_9_n10_nis1morethanM/sample7.tags.tsv.gz
stacks_littlem_3_bigm_9_n10_nis1morethanM/sample7.matches.tsv.gz
stacks_littlem_3_bigm_9_n10_nis1morethanM/sample7.matches.bam
stacks_littlem_3_bigm_9_n10_nis1morethanM/sample7_tsv2bam.log
stacks_littlem_3_bigm_9_n10_nis1morethanM/sample0.alleles.tsv.gz
stacks_littlem_3_bigm_9_n10_nis1morethanM/sample0.snps.tsv.gz
stacks_littlem_3_bigm_9_n10_nis1morethanM/sample0.tags.tsv.gz
stacks_littlem_3_bigm_9_n10_nis1morethanM/sample0.matches.tsv.gz
stacks_littlem_3_bigm_9_n10_nis1morethanM/sample0.matches.bam
stacks_littlem_3_bigm_9_n10_nis1morethanM/sample0_tsv2bam.log
stacks_littlem_3_bigm_9_n10_nis1morethanM/sample8.alleles.tsv.gz
stacks_littlem_3_bigm_9_n10_nis1morethanM/sample8.snps.tsv.gz
stacks_littlem_3_bigm_9_n10_nis1morethanM/sample8.tags.tsv.gz
stacks_littlem_3_bigm_9_n10_nis1morethanM/sample8.matches.tsv.gz
stacks_littlem_3_bigm_9_n10_nis1morethanM/sample8.matches.bam
stacks_littlem_3_bigm_9_n10_nis1morethanM/sample8_tsv2bam.log
stacks_littlem_3_bigm_9_n10_nis1morethanM/popmap
stacks_littlem_3_bigm_9_n10_nis1morethanM/gstacks.log
stacks_littlem_3_bigm_9_n10_nis1morethanM/gstacks.log.distribs
stacks_littlem_3_bigm_9_n10_nis1morethanM/catalog.fa.gz
stacks_littlem_3_bigm_9_n10_nis1morethanM/catalog.calls
I have 111 files in bioprj_PRJNA449377_Zebrasoma-flavescens_stacks_littlem_3_bigm_9_n10_nis1morethanM.tar.gz tarball
I have all the files tarred and am copying them to storage node
DONE WITH GSTACKS
----------------------------------------------------------------------------------------
PRINTING SUBSET OF ENVIRONMENT VARIABLES:
BIG_M=9
COPY_FILES_TO_EXECUTE_NODE=yes
CPUS=10
CUDA_VISIBLE_DEVICES=
CVS_RSH=ssh
DIR=stacks_littlem_3_bigm_9_n10_nis1morethanM
DIRSTACK=()
ENVIRONMENT=BATCH
EUID=1035122
FILECOUNT=111
GROUPS=()
HISTCONTROL=ignoredups
HISTSIZE=1000
HOME=/mnt/home/rhtoczyd
HOSTNAME=amr-106
HOSTTYPE=x86_64
HPCC_CLUSTER_FLAVOR=amd20
IFS=' 	
'
KDEDIRS=/usr
LANG=en_US.UTF-8
LESSOPEN='||/usr/bin/lesspipe.sh %s'
LITTLE_M=3
LMOD_CMD=/usr/local/lmod/lmod/libexec/lmod
LMOD_DIR=/usr/local/lmod/lmod/libexec
LMOD_FAMILY_COMPILERC=GCC
LMOD_FAMILY_COMPILERC_VERSION=9.3.0
LMOD_FAMILY_COMPILERF=GCC
LMOD_FAMILY_COMPILERF_VERSION=9.3.0
LMOD_FAMILY_MPI=OpenMPI
LMOD_FAMILY_MPI_VERSION=4.0.3
LMOD_PKG=/usr/local/lmod/lmod
LMOD_ROOT=/usr/local/lmod
LMOD_SETTARG_FULL_SUPPORT=no
LMOD_VERSION=8.4.5.ICER
LMOD_sys=Linux
LOADEDMODULES=GCCcore/9.3.0:zlib/1.2.11:binutils/2.34:GCC/9.3.0:numactl/2.0.13:XZ/5.2.5:libxml2/2.9.10:libpciaccess/0.16:hwloc/2.2.0:UCX/1.8.0:OpenMPI/4.0.3:OpenBLAS/0.3.9:FFTW/3.3.8:ScaLAPACK/2.1.0:Stacks/2.54
LOGNAME=rhtoczyd
MACHTYPE=x86_64-redhat-linux-gnu
MAIL=/var/spool/mail/rhtoczyd
MAX_LOC=3
MODULESHOME=/usr/local/lmod/lmod
MODULES_TO_LOAD=([0]="GCC/9.3.0" [1]="OpenMPI/4.0.3" [2]="Stacks/2.54")
N=10
N_SAMPS=17
OLDPWD=/tmp/local/17143683/bioprj_PRJNA449377_Zebrasoma-flavescens
OMPI_MCA_btl='^openib'
OMPI_MCA_btl_openib_btls_per_lid=8
OPTERR=1
OPTIND=1
OSTYPE=linux-gnu
OUTTARBALL=bioprj_PRJNA449377_Zebrasoma-flavescens_stacks_littlem_3_bigm_9_n10_nis1morethanM.tar.gz
PAIRED_END=no
PBS_ARRAY_ID=17143683
PBS_ARRAY_INDEX=0
PBS_JOBDIR=/mnt/ufs18/home-173/rhtoczyd/marine-stacks-step3/bioprj_PRJNA449377_Zebrasoma-flavescens
PBS_JOBID=17143683
PBS_JOBNAME=run-gstacks
PBS_NODEFILE=/tmp/nodefiles/17143683
PBS_NODENUM=0
PBS_O_HOME=/mnt/home/rhtoczyd
PBS_O_LANG=en_US.UTF-8
PBS_O_LOGNAME=rhtoczyd
PBS_O_MAIL=/var/spool/mail/rhtoczyd
PBS_O_SHELL=/bin/bash
PBS_O_WORKDIR=/mnt/ufs18/home-173/rhtoczyd/marine-stacks-step3/bioprj_PRJNA449377_Zebrasoma-flavescens
PBS_TASKNUM=1
PIPESTATUS=([0]="0")
POSIXLY_CORRECT=y
PPID=79228
PROFILEREAD=true
PS4='+ '
PWD=/tmp/local
QTDIR=/usr/lib64/qt-3.3
QTINC=/usr/lib64/qt-3.3/include
QTLIB=/usr/lib64/qt-3.3/lib
QT_GRAPHICSSYSTEM_CHECKED=1
RUN_NAME=bioprj_PRJNA449377_Zebrasoma-flavescens
SAMP_STORAGE_DIR=/mnt/scratch/rhtoczyd/bioprj_PRJNA449377_Zebrasoma-flavescens/samples
SC15=/mnt/ls15/scratch/users/rhtoczyd
SC18=/mnt/gs18/scratch/users/rhtoczyd
SCRATCH=/mnt/gs18/scratch/users/rhtoczyd
SHELL=/bin/bash
SHELLOPTS=braceexpand:hashall:interactive-comments:posix
SHLVL=2
SLURMD_NODENAME=amr-106
SLURM_ARRAY_JOB_ID=17143683
SLURM_ARRAY_TASK_COUNT=1
SLURM_ARRAY_TASK_ID=0
SLURM_ARRAY_TASK_MAX=0
SLURM_ARRAY_TASK_MIN=0
SLURM_ARRAY_TASK_STEP=1
SLURM_CLUSTER_NAME=msuhpcc
SLURM_CONF=/etc/slurm/slurm.conf
SLURM_CPUS_ON_NODE=10
SLURM_CPUS_PER_TASK=10
SLURM_EXPORT_ENV='CPUS=10,RUN_NAME=bioprj_PRJNA449377_Zebrasoma-flavescens,LITTLE_M=3,MAX_LOC=3,STORAGENODE=/mnt/scratch/rhtoczyd,SAMP_STORAGE_DIR=/mnt/scratch/rhtoczyd/bioprj_PRJNA449377_Zebrasoma-flavescens/samples,N_SAMPS=17,BIG_M=9,SUB_NAME=nis1morethanM,COPY_FILES_TO_EXECUTE_NODE=yes,PAIRED_END=no,MODULES_TO_LOAD=GCC/9.3.0 OpenMPI/4.0.3 Stacks/2.54'
SLURM_GET_USER_ENV=1
SLURM_GTIDS=0
SLURM_JOBID=17143683
SLURM_JOB_ACCOUNT=bradburd
SLURM_JOB_CPUS_PER_NODE=10
SLURM_JOB_DEPENDENCY=afterok:17143665_0:17143665_1
SLURM_JOB_GID=2479
SLURM_JOB_ID=17143683
SLURM_JOB_NAME=run-gstacks
SLURM_JOB_NODELIST=amr-106
SLURM_JOB_NUM_NODES=1
SLURM_JOB_PARTITION=bradburd
SLURM_JOB_QOS=normal
SLURM_JOB_UID=1035122
SLURM_JOB_USER=rhtoczyd
SLURM_LOCALID=0
SLURM_MEM_PER_NODE=135168
SLURM_NNODES=1
SLURM_NODEID=0
SLURM_NODELIST=amr-106
SLURM_NODE_ALIASES='(null)'
SLURM_PRIO_PROCESS=19
SLURM_PROCID=0
SLURM_SUBMIT_DIR=/mnt/ufs18/home-173/rhtoczyd/marine-stacks-step3/bioprj_PRJNA449377_Zebrasoma-flavescens
SLURM_SUBMIT_HOST=dev-amd20-v100
SLURM_TASKS_PER_NODE=1
SLURM_TASK_PID=79233
SLURM_TOPOLOGY_ADDR=amr-106
SLURM_TOPOLOGY_ADDR_PATTERN=node
SLURM_WHOLE=1
SLURM_WORKING_CLUSTER=msuhpcc:slurm-01:6817:9216:109
SQUEUE_ALL=
STORAGEDIR=/mnt/scratch/rhtoczyd/bioprj_PRJNA449377_Zebrasoma-flavescens/stacks_littlem_3_bigm_9
STORAGENODE=/mnt/scratch/rhtoczyd
SUB_NAME=nis1morethanM
TERM=dumb
TMPDIR=/tmp/local/17143683
UID=1035122
UNIQUEJOBID=17143683_0
USER=rhtoczyd
WORKDIR=/tmp/local/17143683/bioprj_PRJNA449377_Zebrasoma-flavescens
XDG_DATA_DIRS=/opt/software/FFTW/3.3.8-gompi-2020a/share:/opt/software/OpenMPI/4.0.3-GCC-9.3.0/share:/opt/software/UCX/1.8.0-GCCcore-9.3.0/share:/opt/software/hwloc/2.2.0-GCCcore-9.3.0/share:/opt/software/libxml2/2.9.10-GCCcore-9.3.0/share:/opt/software/XZ/5.2.5-GCCcore-9.3.0/share:/opt/software/numactl/2.0.13-GCCcore-9.3.0/share:/opt/software/binutils/2.34-GCCcore-9.3.0/share:/opt/software/zlib/1.2.11-GCCcore-9.3.0/share:/opt/software/GCCcore/9.3.0/share:/mnt/home/rhtoczyd/.local/share/flatpak/exports/share:/var/lib/flatpak/exports/share:/usr/local/share:/usr/share
f=bioprj_PRJNA449377_Zebrasoma-flavescens_stacks_littlem_3_bigm_9_n10_nis1morethanM_sample9.tar.gz
is=bash
