

stacks_littlem_3_bigm_3_n2_nis1lessthanM_sample25/
stacks_littlem_3_bigm_3_n2_nis1lessthanM_sample25/sample25.alleles.tsv.gz
stacks_littlem_3_bigm_3_n2_nis1lessthanM_sample25/sample25.snps.tsv.gz
stacks_littlem_3_bigm_3_n2_nis1lessthanM_sample17/
stacks_littlem_3_bigm_3_n2_nis1lessthanM_sample17/sample17.alleles.tsv.gz
stacks_littlem_3_bigm_3_n2_nis1lessthanM_sample17/sample17.snps.tsv.gz
stacks_littlem_3_bigm_3_n2_nis1lessthanM_sample13/
stacks_littlem_3_bigm_3_n2_nis1lessthanM_sample11/
stacks_littlem_3_bigm_3_n2_nis1lessthanM_sample22/
stacks_littlem_3_bigm_3_n2_nis1lessthanM_sample22/sample22.alleles.tsv.gz
stacks_littlem_3_bigm_3_n2_nis1lessthanM_sample13/sample13.alleles.tsv.gz
stacks_littlem_3_bigm_3_n2_nis1lessthanM_sample11/sample11.alleles.tsv.gz
stacks_littlem_3_bigm_3_n2_nis1lessthanM_sample35/
stacks_littlem_3_bigm_3_n2_nis1lessthanM_sample35/sample35.alleles.tsv.gz
stacks_littlem_3_bigm_3_n2_nis1lessthanM_sample35/sample35.snps.tsv.gz
stacks_littlem_3_bigm_3_n2_nis1lessthanM_sample11/sample11.snps.tsv.gz
stacks_littlem_3_bigm_3_n2_nis1lessthanM_sample20/
stacks_littlem_3_bigm_3_n2_nis1lessthanM_sample20/sample20.alleles.tsv.gz
stacks_littlem_3_bigm_3_n2_nis1lessthanM_sample20/sample20.snps.tsv.gz
stacks_littlem_3_bigm_3_n2_nis1lessthanM_sample2/
stacks_littlem_3_bigm_3_n2_nis1lessthanM_sample33/
stacks_littlem_3_bigm_3_n2_nis1lessthanM_sample16/
stacks_littlem_3_bigm_3_n2_nis1lessthanM_sample16/sample16.alleles.tsv.gz
stacks_littlem_3_bigm_3_n2_nis1lessthanM_sample36/
stacks_littlem_3_bigm_3_n2_nis1lessthanM_sample23/
stacks_littlem_3_bigm_3_n2_nis1lessthanM_sample13/sample13.snps.tsv.gz
stacks_littlem_3_bigm_3_n2_nis1lessthanM_sample14/
stacks_littlem_3_bigm_3_n2_nis1lessthanM_sample2/sample2.alleles.tsv.gz
stacks_littlem_3_bigm_3_n2_nis1lessthanM_sample33/sample33.alleles.tsv.gz
stacks_littlem_3_bigm_3_n2_nis1lessthanM_sample16/sample16.snps.tsv.gz
stacks_littlem_3_bigm_3_n2_nis1lessthanM_sample36/sample36.alleles.tsv.gz
stacks_littlem_3_bigm_3_n2_nis1lessthanM_sample12/
stacks_littlem_3_bigm_3_n2_nis1lessthanM_sample23/sample23.alleles.tsv.gz
stacks_littlem_3_bigm_3_n2_nis1lessthanM_sample22/sample22.snps.tsv.gz
stacks_littlem_3_bigm_3_n2_nis1lessthanM_sample21/
stacks_littlem_3_bigm_3_n2_nis1lessthanM_sample21/sample21.alleles.tsv.gz
stacks_littlem_3_bigm_3_n2_nis1lessthanM_sample43/
stacks_littlem_3_bigm_3_n2_nis1lessthanM_sample10/
stacks_littlem_3_bigm_3_n2_nis1lessthanM_sample10/sample10.alleles.tsv.gz
catalog.alleles.tsv.gz
stacks_littlem_3_bigm_3_n2_nis1lessthanM_sample14/sample14.alleles.tsv.gz
stacks_littlem_3_bigm_3_n2_nis1lessthanM_sample32/
stacks_littlem_3_bigm_3_n2_nis1lessthanM_sample2/sample2.snps.tsv.gz
stacks_littlem_3_bigm_3_n2_nis1lessthanM_sample33/sample33.snps.tsv.gz
stacks_littlem_3_bigm_3_n2_nis1lessthanM_sample29/
stacks_littlem_3_bigm_3_n2_nis1lessthanM_sample36/sample36.snps.tsv.gz
stacks_littlem_3_bigm_3_n2_nis1lessthanM_sample12/sample12.alleles.tsv.gz
stacks_littlem_3_bigm_3_n2_nis1lessthanM_sample23/sample23.snps.tsv.gz
stacks_littlem_3_bigm_3_n2_nis1lessthanM_sample42/
stacks_littlem_3_bigm_3_n2_nis1lessthanM_sample42/sample42.alleles.tsv.gz
stacks_littlem_3_bigm_3_n2_nis1lessthanM_sample42/sample42.snps.tsv.gz
stacks_littlem_3_bigm_3_n2_nis1lessthanM_sample21/sample21.snps.tsv.gz
stacks_littlem_3_bigm_3_n2_nis1lessthanM_sample44/
stacks_littlem_3_bigm_3_n2_nis1lessthanM_sample44/sample44.alleles.tsv.gz
stacks_littlem_3_bigm_3_n2_nis1lessthanM_sample44/sample44.snps.tsv.gz
stacks_littlem_3_bigm_3_n2_nis1lessthanM_sample18/
stacks_littlem_3_bigm_3_n2_nis1lessthanM_sample18/sample18.alleles.tsv.gz
stacks_littlem_3_bigm_3_n2_nis1lessthanM_sample18/sample18.snps.tsv.gz
stacks_littlem_3_bigm_3_n2_nis1lessthanM_sample43/sample43.alleles.tsv.gz
stacks_littlem_3_bigm_3_n2_nis1lessthanM_sample38/
stacks_littlem_3_bigm_3_n2_nis1lessthanM_sample10/sample10.snps.tsv.gz
stacks_littlem_3_bigm_3_n2_nis1lessthanM_sample14/sample14.snps.tsv.gz
stacks_littlem_3_bigm_3_n2_nis1lessthanM_sample32/sample32.alleles.tsv.gz
stacks_littlem_3_bigm_3_n2_nis1lessthanM_sample41/
stacks_littlem_3_bigm_3_n2_nis1lessthanM_sample41/sample41.alleles.tsv.gz
stacks_littlem_3_bigm_3_n2_nis1lessthanM_sample29/sample29.alleles.tsv.gz
stacks_littlem_3_bigm_3_n2_nis1lessthanM_sample29/sample29.snps.tsv.gz
stacks_littlem_3_bigm_3_n2_nis1lessthanM_sample6/
stacks_littlem_3_bigm_3_n2_nis1lessthanM_sample6/sample6.alleles.tsv.gz
stacks_littlem_3_bigm_3_n2_nis1lessthanM_sample6/sample6.snps.tsv.gz
stacks_littlem_3_bigm_3_n2_nis1lessthanM_sample53/
stacks_littlem_3_bigm_3_n2_nis1lessthanM_sample53/sample53.alleles.tsv.gz
stacks_littlem_3_bigm_3_n2_nis1lessthanM_sample34/
stacks_littlem_3_bigm_3_n2_nis1lessthanM_sample46/
stacks_littlem_3_bigm_3_n2_nis1lessthanM_sample40/
stacks_littlem_3_bigm_3_n2_nis1lessthanM_sample40/sample40.alleles.tsv.gz
stacks_littlem_3_bigm_3_n2_nis1lessthanM_sample40/sample40.snps.tsv.gz
stacks_littlem_3_bigm_3_n2_nis1lessthanM_sample3/
stacks_littlem_3_bigm_3_n2_nis1lessthanM_sample3/sample3.alleles.tsv.gz
stacks_littlem_3_bigm_3_n2_nis1lessthanM_sample37/
stacks_littlem_3_bigm_3_n2_nis1lessthanM_sample37/sample37.alleles.tsv.gz
stacks_littlem_3_bigm_3_n2_nis1lessthanM_sample37/sample37.snps.tsv.gz
stacks_littlem_3_bigm_3_n2_nis1lessthanM_sample12/sample12.snps.tsv.gz
stacks_littlem_3_bigm_3_n2_nis1lessthanM_sample49/
stacks_littlem_3_bigm_3_n2_nis1lessthanM_sample45/
stacks_littlem_3_bigm_3_n2_nis1lessthanM_sample48/
stacks_littlem_3_bigm_3_n2_nis1lessthanM_sample48/sample48.alleles.tsv.gz
stacks_littlem_3_bigm_3_n2_nis1lessthanM_sample31/
stacks_littlem_3_bigm_3_n2_nis1lessthanM_sample31/sample31.alleles.tsv.gz
stacks_littlem_3_bigm_3_n2_nis1lessthanM_sample31/sample31.snps.tsv.gz
stacks_littlem_3_bigm_3_n2_nis1lessthanM_sample43/sample43.snps.tsv.gz
stacks_littlem_3_bigm_3_n2_nis1lessthanM_sample5/
stacks_littlem_3_bigm_3_n2_nis1lessthanM_sample28/
stacks_littlem_3_bigm_3_n2_nis1lessthanM_sample38/sample38.alleles.tsv.gz
stacks_littlem_3_bigm_3_n2_nis1lessthanM_sample27/
stacks_littlem_3_bigm_3_n2_nis1lessthanM_sample27/sample27.alleles.tsv.gz
stacks_littlem_3_bigm_3_n2_nis1lessthanM_sample27/sample27.snps.tsv.gz
stacks_littlem_3_bigm_3_n2_nis1lessthanM_sample51/
stacks_littlem_3_bigm_3_n2_nis1lessthanM_sample26/
stacks_littlem_3_bigm_3_n2_nis1lessthanM_sample39/
stacks_littlem_3_bigm_3_n2_nis1lessthanM_sample39/sample39.alleles.tsv.gz
stacks_littlem_3_bigm_3_n2_nis1lessthanM_sample39/sample39.snps.tsv.gz
stacks_littlem_3_bigm_3_n2_nis1lessthanM_sample30/
stacks_littlem_3_bigm_3_n2_nis1lessthanM_sample30/sample30.alleles.tsv.gz
stacks_littlem_3_bigm_3_n2_nis1lessthanM_sample1/
stacks_littlem_3_bigm_3_n2_nis1lessthanM_sample24/
stacks_littlem_3_bigm_3_n2_nis1lessthanM_sample24/sample24.alleles.tsv.gz
stacks_littlem_3_bigm_3_n2_nis1lessthanM_sample24/sample24.snps.tsv.gz
stacks_littlem_3_bigm_3_n2_nis1lessthanM_sample52/
stacks_littlem_3_bigm_3_n2_nis1lessthanM_sample19/
stacks_littlem_3_bigm_3_n2_nis1lessthanM_sample19/sample19.alleles.tsv.gz
stacks_littlem_3_bigm_3_n2_nis1lessthanM_sample19/sample19.snps.tsv.gz
stacks_littlem_3_bigm_3_n2_nis1lessthanM_sample7/
stacks_littlem_3_bigm_3_n2_nis1lessthanM_sample7/sample7.alleles.tsv.gz
stacks_littlem_3_bigm_3_n2_nis1lessthanM_sample9/
stacks_littlem_3_bigm_3_n2_nis1lessthanM_sample9/sample9.alleles.tsv.gz
stacks_littlem_3_bigm_3_n2_nis1lessthanM_sample50/
stacks_littlem_3_bigm_3_n2_nis1lessthanM_sample8/
stacks_littlem_3_bigm_3_n2_nis1lessthanM_sample32/sample32.snps.tsv.gz
stacks_littlem_3_bigm_3_n2_nis1lessthanM_sample41/sample41.snps.tsv.gz
stacks_littlem_3_bigm_3_n2_nis1lessthanM_sample47/
stacks_littlem_3_bigm_3_n2_nis1lessthanM_sample47/sample47.alleles.tsv.gz
stacks_littlem_3_bigm_3_n2_nis1lessthanM_sample4/
stacks_littlem_3_bigm_3_n2_nis1lessthanM_sample15/
stacks_littlem_3_bigm_3_n2_nis1lessthanM_sample15/sample15.alleles.tsv.gz
stacks_littlem_3_bigm_3_n2_nis1lessthanM_sample34/sample34.alleles.tsv.gz
stacks_littlem_3_bigm_3_n2_nis1lessthanM_sample46/sample46.alleles.tsv.gz
stacks_littlem_3_bigm_3_n2_nis1lessthanM_sample47/sample47.snps.tsv.gz
stacks_littlem_3_bigm_3_n2_nis1lessthanM_sample46/sample46.snps.tsv.gz
stacks_littlem_3_bigm_3_n2_nis1lessthanM_sample7/sample7.snps.tsv.gz
stacks_littlem_3_bigm_3_n2_nis1lessthanM_sample53/sample53.snps.tsv.gz
stacks_littlem_3_bigm_3_n2_nis1lessthanM_sample49/sample49.alleles.tsv.gz
stacks_littlem_3_bigm_3_n2_nis1lessthanM_sample45/sample45.alleles.tsv.gz
stacks_littlem_3_bigm_3_n2_nis1lessthanM_sample48/sample48.snps.tsv.gz
stacks_littlem_3_bigm_3_n2_nis1lessthanM_sample0/
stacks_littlem_3_bigm_3_n2_nis1lessthanM_sample0/sample0.alleles.tsv.gz
stacks_littlem_3_bigm_3_n2_nis1lessthanM_sample0/sample0.snps.tsv.gz
stacks_littlem_3_bigm_3_n2_nis1lessthanM_sample5/sample5.alleles.tsv.gz
stacks_littlem_3_bigm_3_n2_nis1lessthanM_sample5/sample5.snps.tsv.gz
stacks_littlem_3_bigm_3_n2_nis1lessthanM_sample28/sample28.alleles.tsv.gz
stacks_littlem_3_bigm_3_n2_nis1lessthanM_sample38/sample38.snps.tsv.gz
stacks_littlem_3_bigm_3_n2_nis1lessthanM_sample51/sample51.alleles.tsv.gz
stacks_littlem_3_bigm_3_n2_nis1lessthanM_sample3/sample3.snps.tsv.gz
stacks_littlem_3_bigm_3_n2_nis1lessthanM_sample26/sample26.alleles.tsv.gz
stacks_littlem_3_bigm_3_n2_nis1lessthanM_sample30/sample30.snps.tsv.gz
stacks_littlem_3_bigm_3_n2_nis1lessthanM_sample9/sample9.snps.tsv.gz
stacks_littlem_3_bigm_3_n2_nis1lessthanM_sample1/sample1.alleles.tsv.gz
stacks_littlem_3_bigm_3_n2_nis1lessthanM_sample52/sample52.alleles.tsv.gz
stacks_littlem_3_bigm_3_n2_nis1lessthanM_sample50/sample50.alleles.tsv.gz
stacks_littlem_3_bigm_3_n2_nis1lessthanM_sample50/sample50.snps.tsv.gz
stacks_littlem_3_bigm_3_n2_nis1lessthanM_sample8/sample8.alleles.tsv.gz
stacks_littlem_3_bigm_3_n2_nis1lessthanM_sample4/sample4.alleles.tsv.gz
stacks_littlem_3_bigm_3_n2_nis1lessthanM_sample4/sample4.snps.tsv.gz
stacks_littlem_3_bigm_3_n2_nis1lessthanM_sample34/sample34.snps.tsv.gz
stacks_littlem_3_bigm_3_n2_nis1lessthanM_sample49/sample49.snps.tsv.gz
stacks_littlem_3_bigm_3_n2_nis1lessthanM_sample45/sample45.snps.tsv.gz
stacks_littlem_3_bigm_3_n2_nis1lessthanM_sample26/sample26.snps.tsv.gz
stacks_littlem_3_bigm_3_n2_nis1lessthanM_sample51/sample51.snps.tsv.gz
stacks_littlem_3_bigm_3_n2_nis1lessthanM_sample28/sample28.snps.tsv.gz
stacks_littlem_3_bigm_3_n2_nis1lessthanM_sample1/sample1.snps.tsv.gz
stacks_littlem_3_bigm_3_n2_nis1lessthanM_sample52/sample52.snps.tsv.gz
stacks_littlem_3_bigm_3_n2_nis1lessthanM_sample8/sample8.snps.tsv.gz
stacks_littlem_3_bigm_3_n2_nis1lessthanM_sample15/sample15.snps.tsv.gz
stacks_littlem_3_bigm_3_n2_nis1lessthanM_sample5/sample5.tags.tsv.gz
catalog.snps.tsv.gz
stacks_littlem_3_bigm_3_n2_nis1lessthanM_sample5/sample5.matches.tsv.gz
stacks_littlem_3_bigm_3_n2_nis1lessthanM_sample5/sample5.matches.bam
catalog.tags.tsv.gz
stacks_littlem_3_bigm_3_n2_nis1lessthanM_sample18/sample18.tags.tsv.gz
stacks_littlem_3_bigm_3_n2_nis1lessthanM_sample5/sample5_tsv2bam.log
stacks_littlem_3_bigm_3_n2_nis1lessthanM_sample27/sample27.tags.tsv.gz
stacks_littlem_3_bigm_3_n2_nis1lessthanM_sample32/sample32.tags.tsv.gz
stacks_littlem_3_bigm_3_n2_nis1lessthanM_sample39/sample39.tags.tsv.gz
stacks_littlem_3_bigm_3_n2_nis1lessthanM_sample32/sample32.matches.tsv.gz
stacks_littlem_3_bigm_3_n2_nis1lessthanM_sample32/sample32.matches.bam
stacks_littlem_3_bigm_3_n2_nis1lessthanM_sample18/sample18.matches.tsv.gz
stacks_littlem_3_bigm_3_n2_nis1lessthanM_sample18/sample18.matches.bam
stacks_littlem_3_bigm_3_n2_nis1lessthanM_sample2/sample2.tags.tsv.gz
stacks_littlem_3_bigm_3_n2_nis1lessthanM_sample32/sample32_tsv2bam.log
stacks_littlem_3_bigm_3_n2_nis1lessthanM_sample39/sample39.matches.tsv.gz
stacks_littlem_3_bigm_3_n2_nis1lessthanM_sample27/sample27.matches.tsv.gz
stacks_littlem_3_bigm_3_n2_nis1lessthanM_sample27/sample27.matches.bam
stacks_littlem_3_bigm_3_n2_nis1lessthanM_sample39/sample39.matches.bam
stacks_littlem_3_bigm_3_n2_nis1lessthanM_sample35/sample35.tags.tsv.gz
stacks_littlem_3_bigm_3_n2_nis1lessthanM_sample40/sample40.tags.tsv.gz
stacks_littlem_3_bigm_3_n2_nis1lessthanM_sample38/sample38.tags.tsv.gz
stacks_littlem_3_bigm_3_n2_nis1lessthanM_sample38/sample38.matches.tsv.gz
stacks_littlem_3_bigm_3_n2_nis1lessthanM_sample38/sample38.matches.bam
stacks_littlem_3_bigm_3_n2_nis1lessthanM_sample2/sample2.matches.tsv.gz
stacks_littlem_3_bigm_3_n2_nis1lessthanM_sample40/sample40.matches.tsv.gz
stacks_littlem_3_bigm_3_n2_nis1lessthanM_sample40/sample40.matches.bam
stacks_littlem_3_bigm_3_n2_nis1lessthanM_sample2/sample2.matches.bam
stacks_littlem_3_bigm_3_n2_nis1lessthanM_sample38/sample38_tsv2bam.log
stacks_littlem_3_bigm_3_n2_nis1lessthanM_sample1/sample1.tags.tsv.gz
stacks_littlem_3_bigm_3_n2_nis1lessthanM_sample31/sample31.tags.tsv.gz
stacks_littlem_3_bigm_3_n2_nis1lessthanM_sample10/sample10.tags.tsv.gz
stacks_littlem_3_bigm_3_n2_nis1lessthanM_sample35/sample35.matches.tsv.gz
stacks_littlem_3_bigm_3_n2_nis1lessthanM_sample35/sample35.matches.bam
stacks_littlem_3_bigm_3_n2_nis1lessthanM_sample39/sample39_tsv2bam.log
stacks_littlem_3_bigm_3_n2_nis1lessthanM_sample18/sample18_tsv2bam.log
stacks_littlem_3_bigm_3_n2_nis1lessthanM_sample0/sample0.tags.tsv.gz
stacks_littlem_3_bigm_3_n2_nis1lessthanM_sample0/sample0.matches.tsv.gz
stacks_littlem_3_bigm_3_n2_nis1lessthanM_sample0/sample0.matches.bam
stacks_littlem_3_bigm_3_n2_nis1lessthanM_sample27/sample27_tsv2bam.log
stacks_littlem_3_bigm_3_n2_nis1lessthanM_sample31/sample31.matches.tsv.gz
stacks_littlem_3_bigm_3_n2_nis1lessthanM_sample1/sample1.matches.tsv.gz
stacks_littlem_3_bigm_3_n2_nis1lessthanM_sample31/sample31.matches.bam
stacks_littlem_3_bigm_3_n2_nis1lessthanM_sample1/sample1.matches.bam
stacks_littlem_3_bigm_3_n2_nis1lessthanM_sample40/sample40_tsv2bam.log
stacks_littlem_3_bigm_3_n2_nis1lessthanM_sample0/sample0_tsv2bam.log
stacks_littlem_3_bigm_3_n2_nis1lessthanM_sample2/sample2_tsv2bam.log
stacks_littlem_3_bigm_3_n2_nis1lessthanM_sample17/sample17.tags.tsv.gz
stacks_littlem_3_bigm_3_n2_nis1lessthanM_sample20/sample20.tags.tsv.gz
stacks_littlem_3_bigm_3_n2_nis1lessthanM_sample35/sample35_tsv2bam.log
stacks_littlem_3_bigm_3_n2_nis1lessthanM_sample46/sample46.tags.tsv.gz
stacks_littlem_3_bigm_3_n2_nis1lessthanM_sample23/sample23.tags.tsv.gz
stacks_littlem_3_bigm_3_n2_nis1lessthanM_sample6/sample6.tags.tsv.gz
stacks_littlem_3_bigm_3_n2_nis1lessthanM_sample10/sample10.matches.tsv.gz
stacks_littlem_3_bigm_3_n2_nis1lessthanM_sample10/sample10.matches.bam
stacks_littlem_3_bigm_3_n2_nis1lessthanM_sample6/sample6.matches.tsv.gz
stacks_littlem_3_bigm_3_n2_nis1lessthanM_sample6/sample6.matches.bam
stacks_littlem_3_bigm_3_n2_nis1lessthanM_sample1/sample1_tsv2bam.log
stacks_littlem_3_bigm_3_n2_nis1lessthanM_sample31/sample31_tsv2bam.log
stacks_littlem_3_bigm_3_n2_nis1lessthanM_sample42/sample42.tags.tsv.gz
stacks_littlem_3_bigm_3_n2_nis1lessthanM_sample6/sample6_tsv2bam.log
stacks_littlem_3_bigm_3_n2_nis1lessthanM_sample17/sample17.matches.tsv.gz
stacks_littlem_3_bigm_3_n2_nis1lessthanM_sample17/sample17.matches.bam
stacks_littlem_3_bigm_3_n2_nis1lessthanM_sample16/sample16.tags.tsv.gz
stacks_littlem_3_bigm_3_n2_nis1lessthanM_sample50/sample50.tags.tsv.gz
stacks_littlem_3_bigm_3_n2_nis1lessthanM_sample23/sample23.matches.tsv.gz
stacks_littlem_3_bigm_3_n2_nis1lessthanM_sample23/sample23.matches.bam
stacks_littlem_3_bigm_3_n2_nis1lessthanM_sample33/sample33.tags.tsv.gz
stacks_littlem_3_bigm_3_n2_nis1lessthanM_sample24/sample24.tags.tsv.gz
stacks_littlem_3_bigm_3_n2_nis1lessthanM_sample11/sample11.tags.tsv.gz
stacks_littlem_3_bigm_3_n2_nis1lessthanM_sample10/sample10_tsv2bam.log
stacks_littlem_3_bigm_3_n2_nis1lessthanM_sample44/sample44.tags.tsv.gz
stacks_littlem_3_bigm_3_n2_nis1lessthanM_sample26/sample26.tags.tsv.gz
stacks_littlem_3_bigm_3_n2_nis1lessthanM_sample34/sample34.tags.tsv.gz
stacks_littlem_3_bigm_3_n2_nis1lessthanM_sample20/sample20.matches.tsv.gz
stacks_littlem_3_bigm_3_n2_nis1lessthanM_sample20/sample20.matches.bam
stacks_littlem_3_bigm_3_n2_nis1lessthanM_sample11/sample11.matches.tsv.gz
stacks_littlem_3_bigm_3_n2_nis1lessthanM_sample22/sample22.tags.tsv.gz
stacks_littlem_3_bigm_3_n2_nis1lessthanM_sample24/sample24.matches.tsv.gz
stacks_littlem_3_bigm_3_n2_nis1lessthanM_sample11/sample11.matches.bam
stacks_littlem_3_bigm_3_n2_nis1lessthanM_sample24/sample24.matches.bam
stacks_littlem_3_bigm_3_n2_nis1lessthanM_sample46/sample46.matches.tsv.gz
stacks_littlem_3_bigm_3_n2_nis1lessthanM_sample46/sample46.matches.bam
stacks_littlem_3_bigm_3_n2_nis1lessthanM_sample20/sample20_tsv2bam.log
stacks_littlem_3_bigm_3_n2_nis1lessthanM_sample16/sample16.matches.tsv.gz
stacks_littlem_3_bigm_3_n2_nis1lessthanM_sample42/sample42.matches.tsv.gz
stacks_littlem_3_bigm_3_n2_nis1lessthanM_sample42/sample42.matches.bam
stacks_littlem_3_bigm_3_n2_nis1lessthanM_sample16/sample16.matches.bam
stacks_littlem_3_bigm_3_n2_nis1lessthanM_sample17/sample17_tsv2bam.log
stacks_littlem_3_bigm_3_n2_nis1lessthanM_sample30/sample30.tags.tsv.gz
stacks_littlem_3_bigm_3_n2_nis1lessthanM_sample23/sample23_tsv2bam.log
stacks_littlem_3_bigm_3_n2_nis1lessthanM_sample50/sample50.matches.tsv.gz
stacks_littlem_3_bigm_3_n2_nis1lessthanM_sample36/sample36.tags.tsv.gz
stacks_littlem_3_bigm_3_n2_nis1lessthanM_sample4/sample4.tags.tsv.gz
stacks_littlem_3_bigm_3_n2_nis1lessthanM_sample50/sample50.matches.bam
stacks_littlem_3_bigm_3_n2_nis1lessthanM_sample14/sample14.tags.tsv.gz
stacks_littlem_3_bigm_3_n2_nis1lessthanM_sample33/sample33.matches.tsv.gz
stacks_littlem_3_bigm_3_n2_nis1lessthanM_sample33/sample33.matches.bam
stacks_littlem_3_bigm_3_n2_nis1lessthanM_sample3/sample3.tags.tsv.gz
stacks_littlem_3_bigm_3_n2_nis1lessthanM_sample26/sample26.matches.tsv.gz
stacks_littlem_3_bigm_3_n2_nis1lessthanM_sample52/sample52.tags.tsv.gz
stacks_littlem_3_bigm_3_n2_nis1lessthanM_sample26/sample26.matches.bam
stacks_littlem_3_bigm_3_n2_nis1lessthanM_sample7/sample7.tags.tsv.gz
stacks_littlem_3_bigm_3_n2_nis1lessthanM_sample11/sample11_tsv2bam.log
stacks_littlem_3_bigm_3_n2_nis1lessthanM_sample24/sample24_tsv2bam.log
stacks_littlem_3_bigm_3_n2_nis1lessthanM_sample33/sample33_tsv2bam.log
stacks_littlem_3_bigm_3_n2_nis1lessthanM_sample44/sample44.matches.tsv.gz
stacks_littlem_3_bigm_3_n2_nis1lessthanM_sample12/sample12.tags.tsv.gz
stacks_littlem_3_bigm_3_n2_nis1lessthanM_sample28/sample28.tags.tsv.gz
stacks_littlem_3_bigm_3_n2_nis1lessthanM_sample44/sample44.matches.bam
stacks_littlem_3_bigm_3_n2_nis1lessthanM_sample34/sample34.matches.tsv.gz
stacks_littlem_3_bigm_3_n2_nis1lessthanM_sample34/sample34.matches.bam
stacks_littlem_3_bigm_3_n2_nis1lessthanM_sample4/sample4.matches.tsv.gz
stacks_littlem_3_bigm_3_n2_nis1lessthanM_sample46/sample46_tsv2bam.log
stacks_littlem_3_bigm_3_n2_nis1lessthanM_sample4/sample4.matches.bam
stacks_littlem_3_bigm_3_n2_nis1lessthanM_sample16/sample16_tsv2bam.log
stacks_littlem_3_bigm_3_n2_nis1lessthanM_sample41/sample41.tags.tsv.gz
stacks_littlem_3_bigm_3_n2_nis1lessthanM_sample29/sample29.tags.tsv.gz
stacks_littlem_3_bigm_3_n2_nis1lessthanM_sample37/sample37.tags.tsv.gz
stacks_littlem_3_bigm_3_n2_nis1lessthanM_sample36/sample36.matches.tsv.gz
stacks_littlem_3_bigm_3_n2_nis1lessthanM_sample25/sample25.tags.tsv.gz
stacks_littlem_3_bigm_3_n2_nis1lessthanM_sample49/sample49.tags.tsv.gz
stacks_littlem_3_bigm_3_n2_nis1lessthanM_sample36/sample36.matches.bam
stacks_littlem_3_bigm_3_n2_nis1lessthanM_sample34/sample34_tsv2bam.log
stacks_littlem_3_bigm_3_n2_nis1lessthanM_sample50/sample50_tsv2bam.log
stacks_littlem_3_bigm_3_n2_nis1lessthanM_sample51/sample51.tags.tsv.gz
stacks_littlem_3_bigm_3_n2_nis1lessthanM_sample22/sample22.matches.tsv.gz
stacks_littlem_3_bigm_3_n2_nis1lessthanM_sample42/sample42_tsv2bam.log
stacks_littlem_3_bigm_3_n2_nis1lessthanM_sample22/sample22.matches.bam
stacks_littlem_3_bigm_3_n2_nis1lessthanM_sample26/sample26_tsv2bam.log
stacks_littlem_3_bigm_3_n2_nis1lessthanM_sample14/sample14.matches.tsv.gz
stacks_littlem_3_bigm_3_n2_nis1lessthanM_sample14/sample14.matches.bam
stacks_littlem_3_bigm_3_n2_nis1lessthanM_sample41/sample41.matches.tsv.gz
stacks_littlem_3_bigm_3_n2_nis1lessthanM_sample30/sample30.matches.tsv.gz
stacks_littlem_3_bigm_3_n2_nis1lessthanM_sample30/sample30.matches.bam
stacks_littlem_3_bigm_3_n2_nis1lessthanM_sample41/sample41.matches.bam
stacks_littlem_3_bigm_3_n2_nis1lessthanM_sample4/sample4_tsv2bam.log
stacks_littlem_3_bigm_3_n2_nis1lessthanM_sample14/sample14_tsv2bam.log
stacks_littlem_3_bigm_3_n2_nis1lessthanM_sample43/sample43.tags.tsv.gz
stacks_littlem_3_bigm_3_n2_nis1lessthanM_sample13/sample13.tags.tsv.gz
stacks_littlem_3_bigm_3_n2_nis1lessthanM_sample52/sample52.matches.tsv.gz
stacks_littlem_3_bigm_3_n2_nis1lessthanM_sample15/sample15.tags.tsv.gz
stacks_littlem_3_bigm_3_n2_nis1lessthanM_sample52/sample52.matches.bam
stacks_littlem_3_bigm_3_n2_nis1lessthanM_sample7/sample7.matches.tsv.gz
stacks_littlem_3_bigm_3_n2_nis1lessthanM_sample36/sample36_tsv2bam.log
stacks_littlem_3_bigm_3_n2_nis1lessthanM_sample7/sample7.matches.bam
stacks_littlem_3_bigm_3_n2_nis1lessthanM_sample3/sample3.matches.tsv.gz
stacks_littlem_3_bigm_3_n2_nis1lessthanM_sample44/sample44_tsv2bam.log
stacks_littlem_3_bigm_3_n2_nis1lessthanM_sample3/sample3.matches.bam
stacks_littlem_3_bigm_3_n2_nis1lessthanM_sample9/sample9.tags.tsv.gz
stacks_littlem_3_bigm_3_n2_nis1lessthanM_sample37/sample37.matches.tsv.gz
stacks_littlem_3_bigm_3_n2_nis1lessthanM_sample37/sample37.matches.bam
stacks_littlem_3_bigm_3_n2_nis1lessthanM_sample47/sample47.tags.tsv.gz
stacks_littlem_3_bigm_3_n2_nis1lessthanM_sample8/sample8.tags.tsv.gz
stacks_littlem_3_bigm_3_n2_nis1lessthanM_sample22/sample22_tsv2bam.log
stacks_littlem_3_bigm_3_n2_nis1lessthanM_sample19/sample19.tags.tsv.gz
stacks_littlem_3_bigm_3_n2_nis1lessthanM_sample21/sample21.tags.tsv.gz
stacks_littlem_3_bigm_3_n2_nis1lessthanM_sample30/sample30_tsv2bam.log
stacks_littlem_3_bigm_3_n2_nis1lessthanM_sample41/sample41_tsv2bam.log
stacks_littlem_3_bigm_3_n2_nis1lessthanM_sample29/sample29.matches.tsv.gz
stacks_littlem_3_bigm_3_n2_nis1lessthanM_sample29/sample29.matches.bam
stacks_littlem_3_bigm_3_n2_nis1lessthanM_sample45/sample45.tags.tsv.gz
stacks_littlem_3_bigm_3_n2_nis1lessthanM_sample25/sample25.matches.tsv.gz
stacks_littlem_3_bigm_3_n2_nis1lessthanM_sample25/sample25.matches.bam
stacks_littlem_3_bigm_3_n2_nis1lessthanM_sample53/sample53.tags.tsv.gz
stacks_littlem_3_bigm_3_n2_nis1lessthanM_sample49/sample49.matches.tsv.gz
stacks_littlem_3_bigm_3_n2_nis1lessthanM_sample7/sample7_tsv2bam.log
stacks_littlem_3_bigm_3_n2_nis1lessthanM_sample49/sample49.matches.bam
stacks_littlem_3_bigm_3_n2_nis1lessthanM_sample3/sample3_tsv2bam.log
stacks_littlem_3_bigm_3_n2_nis1lessthanM_sample43/sample43.matches.tsv.gz
stacks_littlem_3_bigm_3_n2_nis1lessthanM_sample52/sample52_tsv2bam.log
stacks_littlem_3_bigm_3_n2_nis1lessthanM_sample8/sample8.matches.tsv.gz
stacks_littlem_3_bigm_3_n2_nis1lessthanM_sample43/sample43.matches.bam
stacks_littlem_3_bigm_3_n2_nis1lessthanM_sample37/sample37_tsv2bam.log
stacks_littlem_3_bigm_3_n2_nis1lessthanM_sample8/sample8.matches.bam
stacks_littlem_3_bigm_3_n2_nis1lessthanM_sample21/sample21.matches.tsv.gz
stacks_littlem_3_bigm_3_n2_nis1lessthanM_sample21/sample21.matches.bam
stacks_littlem_3_bigm_3_n2_nis1lessthanM_sample28/sample28.matches.tsv.gz
stacks_littlem_3_bigm_3_n2_nis1lessthanM_sample51/sample51.matches.tsv.gz
stacks_littlem_3_bigm_3_n2_nis1lessthanM_sample28/sample28.matches.bam
stacks_littlem_3_bigm_3_n2_nis1lessthanM_sample51/sample51.matches.bam
stacks_littlem_3_bigm_3_n2_nis1lessthanM_sample43/sample43_tsv2bam.log
stacks_littlem_3_bigm_3_n2_nis1lessthanM_sample25/sample25_tsv2bam.log
stacks_littlem_3_bigm_3_n2_nis1lessthanM_sample9/sample9.matches.tsv.gz
stacks_littlem_3_bigm_3_n2_nis1lessthanM_sample29/sample29_tsv2bam.log
stacks_littlem_3_bigm_3_n2_nis1lessthanM_sample9/sample9.matches.bam
stacks_littlem_3_bigm_3_n2_nis1lessthanM_sample47/sample47.matches.tsv.gz
stacks_littlem_3_bigm_3_n2_nis1lessthanM_sample47/sample47.matches.bam
stacks_littlem_3_bigm_3_n2_nis1lessthanM_sample12/sample12.matches.tsv.gz
stacks_littlem_3_bigm_3_n2_nis1lessthanM_sample12/sample12.matches.bam
stacks_littlem_3_bigm_3_n2_nis1lessthanM_sample49/sample49_tsv2bam.log
stacks_littlem_3_bigm_3_n2_nis1lessthanM_sample48/sample48.tags.tsv.gz
stacks_littlem_3_bigm_3_n2_nis1lessthanM_sample8/sample8_tsv2bam.log
stacks_littlem_3_bigm_3_n2_nis1lessthanM_sample21/sample21_tsv2bam.log
stacks_littlem_3_bigm_3_n2_nis1lessthanM_sample51/sample51_tsv2bam.log
stacks_littlem_3_bigm_3_n2_nis1lessthanM_sample13/sample13.matches.tsv.gz
stacks_littlem_3_bigm_3_n2_nis1lessthanM_sample15/sample15.matches.tsv.gz
stacks_littlem_3_bigm_3_n2_nis1lessthanM_sample13/sample13.matches.bam
stacks_littlem_3_bigm_3_n2_nis1lessthanM_sample28/sample28_tsv2bam.log
stacks_littlem_3_bigm_3_n2_nis1lessthanM_sample15/sample15.matches.bam
stacks_littlem_3_bigm_3_n2_nis1lessthanM_sample9/sample9_tsv2bam.log
stacks_littlem_3_bigm_3_n2_nis1lessthanM_sample47/sample47_tsv2bam.log
stacks_littlem_3_bigm_3_n2_nis1lessthanM_sample19/sample19.matches.tsv.gz
stacks_littlem_3_bigm_3_n2_nis1lessthanM_sample19/sample19.matches.bam
stacks_littlem_3_bigm_3_n2_nis1lessthanM_sample45/sample45.matches.tsv.gz
stacks_littlem_3_bigm_3_n2_nis1lessthanM_sample15/sample15_tsv2bam.log
stacks_littlem_3_bigm_3_n2_nis1lessthanM_sample45/sample45.matches.bam
stacks_littlem_3_bigm_3_n2_nis1lessthanM_sample53/sample53.matches.tsv.gz
stacks_littlem_3_bigm_3_n2_nis1lessthanM_sample53/sample53.matches.bam
stacks_littlem_3_bigm_3_n2_nis1lessthanM_sample12/sample12_tsv2bam.log
stacks_littlem_3_bigm_3_n2_nis1lessthanM_sample13/sample13_tsv2bam.log
stacks_littlem_3_bigm_3_n2_nis1lessthanM_sample19/sample19_tsv2bam.log
stacks_littlem_3_bigm_3_n2_nis1lessthanM_sample45/sample45_tsv2bam.log
stacks_littlem_3_bigm_3_n2_nis1lessthanM_sample48/sample48.matches.tsv.gz
stacks_littlem_3_bigm_3_n2_nis1lessthanM_sample48/sample48.matches.bam
stacks_littlem_3_bigm_3_n2_nis1lessthanM_sample53/sample53_tsv2bam.log
stacks_littlem_3_bigm_3_n2_nis1lessthanM_sample48/sample48_tsv2bam.log
Logging to '/tmp/local/17279955/bioprj_PRJNA480409_Laguncularia-racemosa/stacks_littlem_3_bigm_3_n2_nis1lessthanM/gstacks.log'.
Locus/sample distributions will be written to '/tmp/local/17279955/bioprj_PRJNA480409_Laguncularia-racemosa/stacks_littlem_3_bigm_3_n2_nis1lessthanM/gstacks.log.distribs'.

Configuration for this run:
  Input mode: denovo
  Population map: '/tmp/local/17279955/bioprj_PRJNA480409_Laguncularia-racemosa/stacks_littlem_3_bigm_3_n2_nis1lessthanM/popmap'
  Input files: 54, e.g. '/tmp/local/17279955/bioprj_PRJNA480409_Laguncularia-racemosa/stacks_littlem_3_bigm_3_n2_nis1lessthanM/sample0.matches.bam'
  Output to: '/tmp/local/17279955/bioprj_PRJNA480409_Laguncularia-racemosa/stacks_littlem_3_bigm_3_n2_nis1lessthanM/'
  Model: marukilow (var_alpha: 0.01, gt_alpha: 0.05)

Reading BAM headers...
Processing all loci...
1%...
2%...
5%...
10%...
20%...
50%...
100%
Input appears to be single-end (no paired-end reads were seen).

Genotyped 319767 loci:
  effective per-sample coverage: mean=15.8x, stdev=13.8x, min=5.5x, max=61.1x
  mean number of sites per locus: 80.0
  a consistent phasing was found for 91181 of out 153422 (59.4%) diploid loci needing phasing

gstacks is done.
stacks_littlem_3_bigm_3_n2_nis1lessthanM/
stacks_littlem_3_bigm_3_n2_nis1lessthanM/sample25.alleles.tsv.gz
stacks_littlem_3_bigm_3_n2_nis1lessthanM/sample25.snps.tsv.gz
stacks_littlem_3_bigm_3_n2_nis1lessthanM/sample25.tags.tsv.gz
stacks_littlem_3_bigm_3_n2_nis1lessthanM/sample25.matches.tsv.gz
stacks_littlem_3_bigm_3_n2_nis1lessthanM/sample25.matches.bam
stacks_littlem_3_bigm_3_n2_nis1lessthanM/sample25_tsv2bam.log
stacks_littlem_3_bigm_3_n2_nis1lessthanM/sample17.alleles.tsv.gz
stacks_littlem_3_bigm_3_n2_nis1lessthanM/sample17.snps.tsv.gz
stacks_littlem_3_bigm_3_n2_nis1lessthanM/sample17.tags.tsv.gz
stacks_littlem_3_bigm_3_n2_nis1lessthanM/sample17.matches.tsv.gz
stacks_littlem_3_bigm_3_n2_nis1lessthanM/sample17.matches.bam
stacks_littlem_3_bigm_3_n2_nis1lessthanM/sample17_tsv2bam.log
stacks_littlem_3_bigm_3_n2_nis1lessthanM/sample13.alleles.tsv.gz
stacks_littlem_3_bigm_3_n2_nis1lessthanM/sample13.snps.tsv.gz
stacks_littlem_3_bigm_3_n2_nis1lessthanM/sample13.tags.tsv.gz
stacks_littlem_3_bigm_3_n2_nis1lessthanM/sample13.matches.tsv.gz
stacks_littlem_3_bigm_3_n2_nis1lessthanM/sample13.matches.bam
stacks_littlem_3_bigm_3_n2_nis1lessthanM/sample13_tsv2bam.log
stacks_littlem_3_bigm_3_n2_nis1lessthanM/sample11.alleles.tsv.gz
stacks_littlem_3_bigm_3_n2_nis1lessthanM/sample11.snps.tsv.gz
stacks_littlem_3_bigm_3_n2_nis1lessthanM/sample11.tags.tsv.gz
stacks_littlem_3_bigm_3_n2_nis1lessthanM/sample11.matches.tsv.gz
stacks_littlem_3_bigm_3_n2_nis1lessthanM/sample11.matches.bam
stacks_littlem_3_bigm_3_n2_nis1lessthanM/sample11_tsv2bam.log
stacks_littlem_3_bigm_3_n2_nis1lessthanM/sample22.alleles.tsv.gz
stacks_littlem_3_bigm_3_n2_nis1lessthanM/sample22.snps.tsv.gz
stacks_littlem_3_bigm_3_n2_nis1lessthanM/sample22.tags.tsv.gz
stacks_littlem_3_bigm_3_n2_nis1lessthanM/sample22.matches.tsv.gz
stacks_littlem_3_bigm_3_n2_nis1lessthanM/sample22.matches.bam
stacks_littlem_3_bigm_3_n2_nis1lessthanM/sample22_tsv2bam.log
stacks_littlem_3_bigm_3_n2_nis1lessthanM/sample35.alleles.tsv.gz
stacks_littlem_3_bigm_3_n2_nis1lessthanM/sample35.snps.tsv.gz
stacks_littlem_3_bigm_3_n2_nis1lessthanM/sample35.tags.tsv.gz
stacks_littlem_3_bigm_3_n2_nis1lessthanM/sample35.matches.tsv.gz
stacks_littlem_3_bigm_3_n2_nis1lessthanM/sample35.matches.bam
stacks_littlem_3_bigm_3_n2_nis1lessthanM/sample35_tsv2bam.log
stacks_littlem_3_bigm_3_n2_nis1lessthanM/sample20.alleles.tsv.gz
stacks_littlem_3_bigm_3_n2_nis1lessthanM/sample20.snps.tsv.gz
stacks_littlem_3_bigm_3_n2_nis1lessthanM/sample20.tags.tsv.gz
stacks_littlem_3_bigm_3_n2_nis1lessthanM/sample20.matches.tsv.gz
stacks_littlem_3_bigm_3_n2_nis1lessthanM/sample20.matches.bam
stacks_littlem_3_bigm_3_n2_nis1lessthanM/sample20_tsv2bam.log
stacks_littlem_3_bigm_3_n2_nis1lessthanM/sample2.alleles.tsv.gz
stacks_littlem_3_bigm_3_n2_nis1lessthanM/sample2.snps.tsv.gz
stacks_littlem_3_bigm_3_n2_nis1lessthanM/sample2.tags.tsv.gz
stacks_littlem_3_bigm_3_n2_nis1lessthanM/sample2.matches.tsv.gz
stacks_littlem_3_bigm_3_n2_nis1lessthanM/sample2.matches.bam
stacks_littlem_3_bigm_3_n2_nis1lessthanM/sample2_tsv2bam.log
stacks_littlem_3_bigm_3_n2_nis1lessthanM/sample33.alleles.tsv.gz
stacks_littlem_3_bigm_3_n2_nis1lessthanM/sample33.snps.tsv.gz
stacks_littlem_3_bigm_3_n2_nis1lessthanM/sample33.tags.tsv.gz
stacks_littlem_3_bigm_3_n2_nis1lessthanM/sample33.matches.tsv.gz
stacks_littlem_3_bigm_3_n2_nis1lessthanM/sample33.matches.bam
stacks_littlem_3_bigm_3_n2_nis1lessthanM/sample33_tsv2bam.log
stacks_littlem_3_bigm_3_n2_nis1lessthanM/sample16.alleles.tsv.gz
stacks_littlem_3_bigm_3_n2_nis1lessthanM/sample16.snps.tsv.gz
stacks_littlem_3_bigm_3_n2_nis1lessthanM/sample16.tags.tsv.gz
stacks_littlem_3_bigm_3_n2_nis1lessthanM/sample16.matches.tsv.gz
stacks_littlem_3_bigm_3_n2_nis1lessthanM/sample16.matches.bam
stacks_littlem_3_bigm_3_n2_nis1lessthanM/sample16_tsv2bam.log
stacks_littlem_3_bigm_3_n2_nis1lessthanM/sample36.alleles.tsv.gz
stacks_littlem_3_bigm_3_n2_nis1lessthanM/sample36.snps.tsv.gz
stacks_littlem_3_bigm_3_n2_nis1lessthanM/sample36.tags.tsv.gz
stacks_littlem_3_bigm_3_n2_nis1lessthanM/sample36.matches.tsv.gz
stacks_littlem_3_bigm_3_n2_nis1lessthanM/sample36.matches.bam
stacks_littlem_3_bigm_3_n2_nis1lessthanM/sample36_tsv2bam.log
stacks_littlem_3_bigm_3_n2_nis1lessthanM/sample23.alleles.tsv.gz
stacks_littlem_3_bigm_3_n2_nis1lessthanM/sample23.snps.tsv.gz
stacks_littlem_3_bigm_3_n2_nis1lessthanM/sample23.tags.tsv.gz
stacks_littlem_3_bigm_3_n2_nis1lessthanM/sample23.matches.tsv.gz
stacks_littlem_3_bigm_3_n2_nis1lessthanM/sample23.matches.bam
stacks_littlem_3_bigm_3_n2_nis1lessthanM/sample23_tsv2bam.log
stacks_littlem_3_bigm_3_n2_nis1lessthanM/sample14.alleles.tsv.gz
stacks_littlem_3_bigm_3_n2_nis1lessthanM/sample14.snps.tsv.gz
stacks_littlem_3_bigm_3_n2_nis1lessthanM/sample14.tags.tsv.gz
stacks_littlem_3_bigm_3_n2_nis1lessthanM/sample14.matches.tsv.gz
stacks_littlem_3_bigm_3_n2_nis1lessthanM/sample14.matches.bam
stacks_littlem_3_bigm_3_n2_nis1lessthanM/sample14_tsv2bam.log
stacks_littlem_3_bigm_3_n2_nis1lessthanM/sample12.alleles.tsv.gz
stacks_littlem_3_bigm_3_n2_nis1lessthanM/sample12.snps.tsv.gz
stacks_littlem_3_bigm_3_n2_nis1lessthanM/sample12.tags.tsv.gz
stacks_littlem_3_bigm_3_n2_nis1lessthanM/sample12.matches.tsv.gz
stacks_littlem_3_bigm_3_n2_nis1lessthanM/sample12.matches.bam
stacks_littlem_3_bigm_3_n2_nis1lessthanM/sample12_tsv2bam.log
stacks_littlem_3_bigm_3_n2_nis1lessthanM/sample21.alleles.tsv.gz
stacks_littlem_3_bigm_3_n2_nis1lessthanM/sample21.snps.tsv.gz
stacks_littlem_3_bigm_3_n2_nis1lessthanM/sample21.tags.tsv.gz
stacks_littlem_3_bigm_3_n2_nis1lessthanM/sample21.matches.tsv.gz
stacks_littlem_3_bigm_3_n2_nis1lessthanM/sample21.matches.bam
stacks_littlem_3_bigm_3_n2_nis1lessthanM/sample21_tsv2bam.log
stacks_littlem_3_bigm_3_n2_nis1lessthanM/sample43.alleles.tsv.gz
stacks_littlem_3_bigm_3_n2_nis1lessthanM/sample43.snps.tsv.gz
stacks_littlem_3_bigm_3_n2_nis1lessthanM/sample43.tags.tsv.gz
stacks_littlem_3_bigm_3_n2_nis1lessthanM/sample43.matches.tsv.gz
stacks_littlem_3_bigm_3_n2_nis1lessthanM/sample43.matches.bam
stacks_littlem_3_bigm_3_n2_nis1lessthanM/sample43_tsv2bam.log
stacks_littlem_3_bigm_3_n2_nis1lessthanM/sample10.alleles.tsv.gz
stacks_littlem_3_bigm_3_n2_nis1lessthanM/sample10.snps.tsv.gz
stacks_littlem_3_bigm_3_n2_nis1lessthanM/sample10.tags.tsv.gz
stacks_littlem_3_bigm_3_n2_nis1lessthanM/sample10.matches.tsv.gz
stacks_littlem_3_bigm_3_n2_nis1lessthanM/sample10.matches.bam
stacks_littlem_3_bigm_3_n2_nis1lessthanM/sample10_tsv2bam.log
stacks_littlem_3_bigm_3_n2_nis1lessthanM/sample32.alleles.tsv.gz
stacks_littlem_3_bigm_3_n2_nis1lessthanM/sample32.snps.tsv.gz
stacks_littlem_3_bigm_3_n2_nis1lessthanM/sample32.tags.tsv.gz
stacks_littlem_3_bigm_3_n2_nis1lessthanM/sample32.matches.tsv.gz
stacks_littlem_3_bigm_3_n2_nis1lessthanM/sample32.matches.bam
stacks_littlem_3_bigm_3_n2_nis1lessthanM/sample32_tsv2bam.log
stacks_littlem_3_bigm_3_n2_nis1lessthanM/sample29.alleles.tsv.gz
stacks_littlem_3_bigm_3_n2_nis1lessthanM/sample29.snps.tsv.gz
stacks_littlem_3_bigm_3_n2_nis1lessthanM/sample29.tags.tsv.gz
stacks_littlem_3_bigm_3_n2_nis1lessthanM/sample29.matches.tsv.gz
stacks_littlem_3_bigm_3_n2_nis1lessthanM/sample29.matches.bam
stacks_littlem_3_bigm_3_n2_nis1lessthanM/sample29_tsv2bam.log
stacks_littlem_3_bigm_3_n2_nis1lessthanM/sample42.alleles.tsv.gz
stacks_littlem_3_bigm_3_n2_nis1lessthanM/sample42.snps.tsv.gz
stacks_littlem_3_bigm_3_n2_nis1lessthanM/sample42.tags.tsv.gz
stacks_littlem_3_bigm_3_n2_nis1lessthanM/sample42.matches.tsv.gz
stacks_littlem_3_bigm_3_n2_nis1lessthanM/sample42.matches.bam
stacks_littlem_3_bigm_3_n2_nis1lessthanM/sample42_tsv2bam.log
stacks_littlem_3_bigm_3_n2_nis1lessthanM/sample44.alleles.tsv.gz
stacks_littlem_3_bigm_3_n2_nis1lessthanM/sample44.snps.tsv.gz
stacks_littlem_3_bigm_3_n2_nis1lessthanM/sample44.tags.tsv.gz
stacks_littlem_3_bigm_3_n2_nis1lessthanM/sample44.matches.tsv.gz
stacks_littlem_3_bigm_3_n2_nis1lessthanM/sample44.matches.bam
stacks_littlem_3_bigm_3_n2_nis1lessthanM/sample44_tsv2bam.log
stacks_littlem_3_bigm_3_n2_nis1lessthanM/sample18.alleles.tsv.gz
stacks_littlem_3_bigm_3_n2_nis1lessthanM/sample18.snps.tsv.gz
stacks_littlem_3_bigm_3_n2_nis1lessthanM/sample18.tags.tsv.gz
stacks_littlem_3_bigm_3_n2_nis1lessthanM/sample18.matches.tsv.gz
stacks_littlem_3_bigm_3_n2_nis1lessthanM/sample18.matches.bam
stacks_littlem_3_bigm_3_n2_nis1lessthanM/sample18_tsv2bam.log
stacks_littlem_3_bigm_3_n2_nis1lessthanM/sample38.alleles.tsv.gz
stacks_littlem_3_bigm_3_n2_nis1lessthanM/sample38.snps.tsv.gz
stacks_littlem_3_bigm_3_n2_nis1lessthanM/sample38.tags.tsv.gz
stacks_littlem_3_bigm_3_n2_nis1lessthanM/sample38.matches.tsv.gz
stacks_littlem_3_bigm_3_n2_nis1lessthanM/sample38.matches.bam
stacks_littlem_3_bigm_3_n2_nis1lessthanM/sample38_tsv2bam.log
stacks_littlem_3_bigm_3_n2_nis1lessthanM/sample41.alleles.tsv.gz
stacks_littlem_3_bigm_3_n2_nis1lessthanM/sample41.snps.tsv.gz
stacks_littlem_3_bigm_3_n2_nis1lessthanM/sample41.tags.tsv.gz
stacks_littlem_3_bigm_3_n2_nis1lessthanM/sample41.matches.tsv.gz
stacks_littlem_3_bigm_3_n2_nis1lessthanM/sample41.matches.bam
stacks_littlem_3_bigm_3_n2_nis1lessthanM/sample41_tsv2bam.log
stacks_littlem_3_bigm_3_n2_nis1lessthanM/sample6.alleles.tsv.gz
stacks_littlem_3_bigm_3_n2_nis1lessthanM/sample6.snps.tsv.gz
stacks_littlem_3_bigm_3_n2_nis1lessthanM/sample6.tags.tsv.gz
stacks_littlem_3_bigm_3_n2_nis1lessthanM/sample6.matches.tsv.gz
stacks_littlem_3_bigm_3_n2_nis1lessthanM/sample6.matches.bam
stacks_littlem_3_bigm_3_n2_nis1lessthanM/sample6_tsv2bam.log
stacks_littlem_3_bigm_3_n2_nis1lessthanM/sample53.alleles.tsv.gz
stacks_littlem_3_bigm_3_n2_nis1lessthanM/sample53.snps.tsv.gz
stacks_littlem_3_bigm_3_n2_nis1lessthanM/sample53.tags.tsv.gz
stacks_littlem_3_bigm_3_n2_nis1lessthanM/sample53.matches.tsv.gz
stacks_littlem_3_bigm_3_n2_nis1lessthanM/sample53.matches.bam
stacks_littlem_3_bigm_3_n2_nis1lessthanM/sample53_tsv2bam.log
stacks_littlem_3_bigm_3_n2_nis1lessthanM/sample34.alleles.tsv.gz
stacks_littlem_3_bigm_3_n2_nis1lessthanM/sample34.snps.tsv.gz
stacks_littlem_3_bigm_3_n2_nis1lessthanM/sample34.tags.tsv.gz
stacks_littlem_3_bigm_3_n2_nis1lessthanM/sample34.matches.tsv.gz
stacks_littlem_3_bigm_3_n2_nis1lessthanM/sample34.matches.bam
stacks_littlem_3_bigm_3_n2_nis1lessthanM/sample34_tsv2bam.log
stacks_littlem_3_bigm_3_n2_nis1lessthanM/sample46.alleles.tsv.gz
stacks_littlem_3_bigm_3_n2_nis1lessthanM/sample46.snps.tsv.gz
stacks_littlem_3_bigm_3_n2_nis1lessthanM/sample46.tags.tsv.gz
stacks_littlem_3_bigm_3_n2_nis1lessthanM/sample46.matches.tsv.gz
stacks_littlem_3_bigm_3_n2_nis1lessthanM/sample46.matches.bam
stacks_littlem_3_bigm_3_n2_nis1lessthanM/sample46_tsv2bam.log
stacks_littlem_3_bigm_3_n2_nis1lessthanM/sample40.alleles.tsv.gz
stacks_littlem_3_bigm_3_n2_nis1lessthanM/sample40.snps.tsv.gz
stacks_littlem_3_bigm_3_n2_nis1lessthanM/sample40.tags.tsv.gz
stacks_littlem_3_bigm_3_n2_nis1lessthanM/sample40.matches.tsv.gz
stacks_littlem_3_bigm_3_n2_nis1lessthanM/sample40.matches.bam
stacks_littlem_3_bigm_3_n2_nis1lessthanM/sample40_tsv2bam.log
stacks_littlem_3_bigm_3_n2_nis1lessthanM/sample3.alleles.tsv.gz
stacks_littlem_3_bigm_3_n2_nis1lessthanM/sample3.snps.tsv.gz
stacks_littlem_3_bigm_3_n2_nis1lessthanM/sample3.tags.tsv.gz
stacks_littlem_3_bigm_3_n2_nis1lessthanM/catalog.alleles.tsv.gz
stacks_littlem_3_bigm_3_n2_nis1lessthanM/catalog.snps.tsv.gz
stacks_littlem_3_bigm_3_n2_nis1lessthanM/catalog.tags.tsv.gz
stacks_littlem_3_bigm_3_n2_nis1lessthanM/sample3.matches.tsv.gz
stacks_littlem_3_bigm_3_n2_nis1lessthanM/sample3.matches.bam
stacks_littlem_3_bigm_3_n2_nis1lessthanM/sample3_tsv2bam.log
stacks_littlem_3_bigm_3_n2_nis1lessthanM/sample37.alleles.tsv.gz
stacks_littlem_3_bigm_3_n2_nis1lessthanM/sample37.snps.tsv.gz
stacks_littlem_3_bigm_3_n2_nis1lessthanM/sample37.tags.tsv.gz
stacks_littlem_3_bigm_3_n2_nis1lessthanM/sample37.matches.tsv.gz
stacks_littlem_3_bigm_3_n2_nis1lessthanM/sample37.matches.bam
stacks_littlem_3_bigm_3_n2_nis1lessthanM/sample37_tsv2bam.log
stacks_littlem_3_bigm_3_n2_nis1lessthanM/sample49.alleles.tsv.gz
stacks_littlem_3_bigm_3_n2_nis1lessthanM/sample49.snps.tsv.gz
stacks_littlem_3_bigm_3_n2_nis1lessthanM/sample49.tags.tsv.gz
stacks_littlem_3_bigm_3_n2_nis1lessthanM/sample49.matches.tsv.gz
stacks_littlem_3_bigm_3_n2_nis1lessthanM/sample49.matches.bam
stacks_littlem_3_bigm_3_n2_nis1lessthanM/sample49_tsv2bam.log
stacks_littlem_3_bigm_3_n2_nis1lessthanM/sample45.alleles.tsv.gz
stacks_littlem_3_bigm_3_n2_nis1lessthanM/sample45.snps.tsv.gz
stacks_littlem_3_bigm_3_n2_nis1lessthanM/sample45.tags.tsv.gz
stacks_littlem_3_bigm_3_n2_nis1lessthanM/sample45.matches.tsv.gz
stacks_littlem_3_bigm_3_n2_nis1lessthanM/sample45.matches.bam
stacks_littlem_3_bigm_3_n2_nis1lessthanM/sample45_tsv2bam.log
stacks_littlem_3_bigm_3_n2_nis1lessthanM/sample48.alleles.tsv.gz
stacks_littlem_3_bigm_3_n2_nis1lessthanM/sample48.snps.tsv.gz
stacks_littlem_3_bigm_3_n2_nis1lessthanM/sample48.tags.tsv.gz
stacks_littlem_3_bigm_3_n2_nis1lessthanM/sample48.matches.tsv.gz
stacks_littlem_3_bigm_3_n2_nis1lessthanM/sample48.matches.bam
stacks_littlem_3_bigm_3_n2_nis1lessthanM/sample48_tsv2bam.log
stacks_littlem_3_bigm_3_n2_nis1lessthanM/sample31.alleles.tsv.gz
stacks_littlem_3_bigm_3_n2_nis1lessthanM/sample31.snps.tsv.gz
stacks_littlem_3_bigm_3_n2_nis1lessthanM/sample31.tags.tsv.gz
stacks_littlem_3_bigm_3_n2_nis1lessthanM/sample31.matches.tsv.gz
stacks_littlem_3_bigm_3_n2_nis1lessthanM/sample31.matches.bam
stacks_littlem_3_bigm_3_n2_nis1lessthanM/sample31_tsv2bam.log
stacks_littlem_3_bigm_3_n2_nis1lessthanM/sample5.alleles.tsv.gz
stacks_littlem_3_bigm_3_n2_nis1lessthanM/sample5.snps.tsv.gz
stacks_littlem_3_bigm_3_n2_nis1lessthanM/sample5.tags.tsv.gz
stacks_littlem_3_bigm_3_n2_nis1lessthanM/sample5.matches.tsv.gz
stacks_littlem_3_bigm_3_n2_nis1lessthanM/sample5.matches.bam
stacks_littlem_3_bigm_3_n2_nis1lessthanM/sample5_tsv2bam.log
stacks_littlem_3_bigm_3_n2_nis1lessthanM/sample28.alleles.tsv.gz
stacks_littlem_3_bigm_3_n2_nis1lessthanM/sample28.snps.tsv.gz
stacks_littlem_3_bigm_3_n2_nis1lessthanM/sample28.tags.tsv.gz
stacks_littlem_3_bigm_3_n2_nis1lessthanM/sample28.matches.tsv.gz
stacks_littlem_3_bigm_3_n2_nis1lessthanM/sample28.matches.bam
stacks_littlem_3_bigm_3_n2_nis1lessthanM/sample28_tsv2bam.log
stacks_littlem_3_bigm_3_n2_nis1lessthanM/sample27.alleles.tsv.gz
stacks_littlem_3_bigm_3_n2_nis1lessthanM/sample27.snps.tsv.gz
stacks_littlem_3_bigm_3_n2_nis1lessthanM/sample27.tags.tsv.gz
stacks_littlem_3_bigm_3_n2_nis1lessthanM/sample27.matches.tsv.gz
stacks_littlem_3_bigm_3_n2_nis1lessthanM/sample27.matches.bam
stacks_littlem_3_bigm_3_n2_nis1lessthanM/sample27_tsv2bam.log
stacks_littlem_3_bigm_3_n2_nis1lessthanM/sample51.alleles.tsv.gz
stacks_littlem_3_bigm_3_n2_nis1lessthanM/sample51.snps.tsv.gz
stacks_littlem_3_bigm_3_n2_nis1lessthanM/sample51.tags.tsv.gz
stacks_littlem_3_bigm_3_n2_nis1lessthanM/sample51.matches.tsv.gz
stacks_littlem_3_bigm_3_n2_nis1lessthanM/sample51.matches.bam
stacks_littlem_3_bigm_3_n2_nis1lessthanM/sample51_tsv2bam.log
stacks_littlem_3_bigm_3_n2_nis1lessthanM/sample26.alleles.tsv.gz
stacks_littlem_3_bigm_3_n2_nis1lessthanM/sample26.snps.tsv.gz
stacks_littlem_3_bigm_3_n2_nis1lessthanM/sample26.tags.tsv.gz
stacks_littlem_3_bigm_3_n2_nis1lessthanM/sample26.matches.tsv.gz
stacks_littlem_3_bigm_3_n2_nis1lessthanM/sample26.matches.bam
stacks_littlem_3_bigm_3_n2_nis1lessthanM/sample26_tsv2bam.log
stacks_littlem_3_bigm_3_n2_nis1lessthanM/sample39.alleles.tsv.gz
stacks_littlem_3_bigm_3_n2_nis1lessthanM/sample39.snps.tsv.gz
stacks_littlem_3_bigm_3_n2_nis1lessthanM/sample39.tags.tsv.gz
stacks_littlem_3_bigm_3_n2_nis1lessthanM/sample39.matches.tsv.gz
stacks_littlem_3_bigm_3_n2_nis1lessthanM/sample39.matches.bam
stacks_littlem_3_bigm_3_n2_nis1lessthanM/sample39_tsv2bam.log
stacks_littlem_3_bigm_3_n2_nis1lessthanM/sample30.alleles.tsv.gz
stacks_littlem_3_bigm_3_n2_nis1lessthanM/sample30.snps.tsv.gz
stacks_littlem_3_bigm_3_n2_nis1lessthanM/sample30.tags.tsv.gz
stacks_littlem_3_bigm_3_n2_nis1lessthanM/sample30.matches.tsv.gz
stacks_littlem_3_bigm_3_n2_nis1lessthanM/sample30.matches.bam
stacks_littlem_3_bigm_3_n2_nis1lessthanM/sample30_tsv2bam.log
stacks_littlem_3_bigm_3_n2_nis1lessthanM/sample1.alleles.tsv.gz
stacks_littlem_3_bigm_3_n2_nis1lessthanM/sample1.snps.tsv.gz
stacks_littlem_3_bigm_3_n2_nis1lessthanM/sample1.tags.tsv.gz
stacks_littlem_3_bigm_3_n2_nis1lessthanM/sample1.matches.tsv.gz
stacks_littlem_3_bigm_3_n2_nis1lessthanM/sample1.matches.bam
stacks_littlem_3_bigm_3_n2_nis1lessthanM/sample1_tsv2bam.log
stacks_littlem_3_bigm_3_n2_nis1lessthanM/sample24.alleles.tsv.gz
stacks_littlem_3_bigm_3_n2_nis1lessthanM/sample24.snps.tsv.gz
stacks_littlem_3_bigm_3_n2_nis1lessthanM/sample24.tags.tsv.gz
stacks_littlem_3_bigm_3_n2_nis1lessthanM/sample24.matches.tsv.gz
stacks_littlem_3_bigm_3_n2_nis1lessthanM/sample24.matches.bam
stacks_littlem_3_bigm_3_n2_nis1lessthanM/sample24_tsv2bam.log
stacks_littlem_3_bigm_3_n2_nis1lessthanM/sample52.alleles.tsv.gz
stacks_littlem_3_bigm_3_n2_nis1lessthanM/sample52.snps.tsv.gz
stacks_littlem_3_bigm_3_n2_nis1lessthanM/sample52.tags.tsv.gz
stacks_littlem_3_bigm_3_n2_nis1lessthanM/sample52.matches.tsv.gz
stacks_littlem_3_bigm_3_n2_nis1lessthanM/sample52.matches.bam
stacks_littlem_3_bigm_3_n2_nis1lessthanM/sample52_tsv2bam.log
stacks_littlem_3_bigm_3_n2_nis1lessthanM/sample19.alleles.tsv.gz
stacks_littlem_3_bigm_3_n2_nis1lessthanM/sample19.snps.tsv.gz
stacks_littlem_3_bigm_3_n2_nis1lessthanM/sample19.tags.tsv.gz
stacks_littlem_3_bigm_3_n2_nis1lessthanM/sample19.matches.tsv.gz
stacks_littlem_3_bigm_3_n2_nis1lessthanM/sample19.matches.bam
stacks_littlem_3_bigm_3_n2_nis1lessthanM/sample19_tsv2bam.log
stacks_littlem_3_bigm_3_n2_nis1lessthanM/sample7.alleles.tsv.gz
stacks_littlem_3_bigm_3_n2_nis1lessthanM/sample7.snps.tsv.gz
stacks_littlem_3_bigm_3_n2_nis1lessthanM/sample7.tags.tsv.gz
stacks_littlem_3_bigm_3_n2_nis1lessthanM/sample7.matches.tsv.gz
stacks_littlem_3_bigm_3_n2_nis1lessthanM/sample7.matches.bam
stacks_littlem_3_bigm_3_n2_nis1lessthanM/sample7_tsv2bam.log
stacks_littlem_3_bigm_3_n2_nis1lessthanM/sample9.alleles.tsv.gz
stacks_littlem_3_bigm_3_n2_nis1lessthanM/sample9.snps.tsv.gz
stacks_littlem_3_bigm_3_n2_nis1lessthanM/sample9.tags.tsv.gz
stacks_littlem_3_bigm_3_n2_nis1lessthanM/sample9.matches.tsv.gz
stacks_littlem_3_bigm_3_n2_nis1lessthanM/sample9.matches.bam
stacks_littlem_3_bigm_3_n2_nis1lessthanM/sample9_tsv2bam.log
stacks_littlem_3_bigm_3_n2_nis1lessthanM/sample50.alleles.tsv.gz
stacks_littlem_3_bigm_3_n2_nis1lessthanM/sample50.snps.tsv.gz
stacks_littlem_3_bigm_3_n2_nis1lessthanM/sample50.tags.tsv.gz
stacks_littlem_3_bigm_3_n2_nis1lessthanM/sample50.matches.tsv.gz
stacks_littlem_3_bigm_3_n2_nis1lessthanM/sample50.matches.bam
stacks_littlem_3_bigm_3_n2_nis1lessthanM/sample50_tsv2bam.log
stacks_littlem_3_bigm_3_n2_nis1lessthanM/sample8.alleles.tsv.gz
stacks_littlem_3_bigm_3_n2_nis1lessthanM/sample8.snps.tsv.gz
stacks_littlem_3_bigm_3_n2_nis1lessthanM/sample8.tags.tsv.gz
stacks_littlem_3_bigm_3_n2_nis1lessthanM/sample8.matches.tsv.gz
stacks_littlem_3_bigm_3_n2_nis1lessthanM/sample8.matches.bam
stacks_littlem_3_bigm_3_n2_nis1lessthanM/sample8_tsv2bam.log
stacks_littlem_3_bigm_3_n2_nis1lessthanM/sample47.alleles.tsv.gz
stacks_littlem_3_bigm_3_n2_nis1lessthanM/sample47.snps.tsv.gz
stacks_littlem_3_bigm_3_n2_nis1lessthanM/sample47.tags.tsv.gz
stacks_littlem_3_bigm_3_n2_nis1lessthanM/sample47.matches.tsv.gz
stacks_littlem_3_bigm_3_n2_nis1lessthanM/sample47.matches.bam
stacks_littlem_3_bigm_3_n2_nis1lessthanM/sample47_tsv2bam.log
stacks_littlem_3_bigm_3_n2_nis1lessthanM/sample4.alleles.tsv.gz
stacks_littlem_3_bigm_3_n2_nis1lessthanM/sample4.snps.tsv.gz
stacks_littlem_3_bigm_3_n2_nis1lessthanM/sample4.tags.tsv.gz
stacks_littlem_3_bigm_3_n2_nis1lessthanM/sample4.matches.tsv.gz
stacks_littlem_3_bigm_3_n2_nis1lessthanM/sample4.matches.bam
stacks_littlem_3_bigm_3_n2_nis1lessthanM/sample4_tsv2bam.log
stacks_littlem_3_bigm_3_n2_nis1lessthanM/sample15.alleles.tsv.gz
stacks_littlem_3_bigm_3_n2_nis1lessthanM/sample15.snps.tsv.gz
stacks_littlem_3_bigm_3_n2_nis1lessthanM/sample15.tags.tsv.gz
stacks_littlem_3_bigm_3_n2_nis1lessthanM/sample15.matches.tsv.gz
stacks_littlem_3_bigm_3_n2_nis1lessthanM/sample15.matches.bam
stacks_littlem_3_bigm_3_n2_nis1lessthanM/sample15_tsv2bam.log
stacks_littlem_3_bigm_3_n2_nis1lessthanM/sample0.alleles.tsv.gz
stacks_littlem_3_bigm_3_n2_nis1lessthanM/sample0.snps.tsv.gz
stacks_littlem_3_bigm_3_n2_nis1lessthanM/sample0.tags.tsv.gz
stacks_littlem_3_bigm_3_n2_nis1lessthanM/sample0.matches.tsv.gz
stacks_littlem_3_bigm_3_n2_nis1lessthanM/sample0.matches.bam
stacks_littlem_3_bigm_3_n2_nis1lessthanM/sample0_tsv2bam.log
stacks_littlem_3_bigm_3_n2_nis1lessthanM/popmap
stacks_littlem_3_bigm_3_n2_nis1lessthanM/gstacks.log
stacks_littlem_3_bigm_3_n2_nis1lessthanM/gstacks.log.distribs
stacks_littlem_3_bigm_3_n2_nis1lessthanM/catalog.fa.gz
stacks_littlem_3_bigm_3_n2_nis1lessthanM/catalog.calls
I have 333 files in bioprj_PRJNA480409_Laguncularia-racemosa_stacks_littlem_3_bigm_3_n2_nis1lessthanM.tar.gz tarball
I have all the files tarred and am copying them to storage node
DONE WITH GSTACKS
----------------------------------------------------------------------------------------
PRINTING SUBSET OF ENVIRONMENT VARIABLES:
BIG_M=3
CLICOLOR=1
COPY_FILES_TO_EXECUTE_NODE=yes
CPUS=10
CUDA_VISIBLE_DEVICES=
CVS_RSH=ssh
DIR=stacks_littlem_3_bigm_3_n2_nis1lessthanM
DIRSTACK=()
ENVIRONMENT=BATCH
EUID=1067767
FILECOUNT=333
GREP_OPTIONS=--color=auto
GROUPS=()
HISTCONTROL=ignoredups
HISTSIZE=1000
HOME=/mnt/home/f0013134
HOSTNAME=amr-206
HOSTTYPE=x86_64
HPCC_CLUSTER_FLAVOR=amd20
IFS=' 	
'
KDEDIRS=/usr
LANG=en_US.UTF-8
LESSOPEN='||/usr/bin/lesspipe.sh %s'
LITTLE_M=3
LMOD_CMD=/usr/local/lmod/lmod/libexec/lmod
LMOD_DIR=/usr/local/lmod/lmod/libexec
LMOD_FAMILY_COMPILERC=GCC
LMOD_FAMILY_COMPILERC_VERSION=9.3.0
LMOD_FAMILY_COMPILERF=GCC
LMOD_FAMILY_COMPILERF_VERSION=9.3.0
LMOD_FAMILY_MPI=OpenMPI
LMOD_FAMILY_MPI_VERSION=4.0.3
LMOD_PKG=/usr/local/lmod/lmod
LMOD_ROOT=/usr/local/lmod
LMOD_SETTARG_FULL_SUPPORT=no
LMOD_VERSION=8.4.5.ICER
LMOD_sys=Linux
LOADEDMODULES=GCCcore/9.3.0:zlib/1.2.11:binutils/2.34:GCC/9.3.0:numactl/2.0.13:XZ/5.2.5:libxml2/2.9.10:libpciaccess/0.16:hwloc/2.2.0:UCX/1.8.0:OpenMPI/4.0.3:OpenBLAS/0.3.9:FFTW/3.3.8:ScaLAPACK/2.1.0:Stacks/2.54
LOGNAME=f0013134
LSCOLORS=fxgxfxdxdxegedabagacad
MACHTYPE=x86_64-redhat-linux-gnu
MAIL=/var/spool/mail/f0013134
MAX_LOC=3
MODULESHOME=/usr/local/lmod/lmod
MODULES_TO_LOAD=([0]="GCC/9.3.0" [1]="OpenMPI/4.0.3" [2]="Stacks/2.54")
N=2
N_SAMPS=54
OLDPWD=/tmp/local/17279955/bioprj_PRJNA480409_Laguncularia-racemosa
OMPI_MCA_btl='^openib'
OMPI_MCA_btl_openib_btls_per_lid=8
OPTERR=1
OPTIND=1
OSTYPE=linux-gnu
OUTTARBALL=bioprj_PRJNA480409_Laguncularia-racemosa_stacks_littlem_3_bigm_3_n2_nis1lessthanM.tar.gz
PAIRED_END=no
PBS_ARRAY_ID=17279955
PBS_ARRAY_INDEX=0
PBS_JOBDIR=/mnt/ufs18/home-187/f0013134/marine-stacks/bioprj_PRJNA480409_Laguncularia-racemosa
PBS_JOBID=17279955
PBS_JOBNAME=run-gstacks
PBS_NODEFILE=/tmp/nodefiles/17279955
PBS_NODENUM=0
PBS_O_HOME=/mnt/home/f0013134
PBS_O_LANG=en_US.UTF-8
PBS_O_LOGNAME=f0013134
PBS_O_MAIL=/var/spool/mail/f0013134
PBS_O_SHELL=/bin/bash
PBS_O_WORKDIR=/mnt/ufs18/home-187/f0013134/marine-stacks/bioprj_PRJNA480409_Laguncularia-racemosa
PBS_TASKNUM=1
PIPESTATUS=([0]="0")
POSIXLY_CORRECT=y
PPID=36761
PROFILEREAD=true
PS4='+ '
PWD=/tmp/local
QTDIR=/usr/lib64/qt-3.3
QTINC=/usr/lib64/qt-3.3/include
QTLIB=/usr/lib64/qt-3.3/lib
QT_GRAPHICSSYSTEM_CHECKED=1
RUN_NAME=bioprj_PRJNA480409_Laguncularia-racemosa
SAMP_STORAGE_DIR=/mnt/scratch/f0013134/bioprj_PRJNA480409_Laguncularia-racemosa/samples
SC15=/mnt/ls15/scratch/users/f0013134
SC18=/mnt/gs18/scratch/users/f0013134
SCRATCH=/mnt/gs18/scratch/users/f0013134
SHELL=/bin/bash
SHELLOPTS=braceexpand:hashall:interactive-comments:posix
SHLVL=2
SLURMD_NODENAME=amr-206
SLURM_ARRAY_JOB_ID=17279955
SLURM_ARRAY_TASK_COUNT=1
SLURM_ARRAY_TASK_ID=0
SLURM_ARRAY_TASK_MAX=0
SLURM_ARRAY_TASK_MIN=0
SLURM_ARRAY_TASK_STEP=1
SLURM_CLUSTER_NAME=msuhpcc
SLURM_CONF=/etc/slurm/slurm.conf
SLURM_CPUS_ON_NODE=10
SLURM_CPUS_PER_TASK=10
SLURM_EXPORT_ENV='CPUS=10,RUN_NAME=bioprj_PRJNA480409_Laguncularia-racemosa,LITTLE_M=3,MAX_LOC=3,STORAGENODE=/mnt/scratch/f0013134,SAMP_STORAGE_DIR=/mnt/scratch/f0013134/bioprj_PRJNA480409_Laguncularia-racemosa/samples,N_SAMPS=54,BIG_M=3,SUB_NAME=nis1lessthanM,COPY_FILES_TO_EXECUTE_NODE=yes,PAIRED_END=no,MODULES_TO_LOAD=GCC/9.3.0 OpenMPI/4.0.3 Stacks/2.54'
SLURM_GET_USER_ENV=1
SLURM_GTIDS=0
SLURM_JOBID=17279955
SLURM_JOB_ACCOUNT=general
SLURM_JOB_CPUS_PER_NODE=10
SLURM_JOB_DEPENDENCY=afterok:17279945_0:17279945_1
SLURM_JOB_GID=2479
SLURM_JOB_ID=17279955
SLURM_JOB_NAME=run-gstacks
SLURM_JOB_NODELIST=amr-206
SLURM_JOB_NUM_NODES=1
SLURM_JOB_PARTITION=general-long
SLURM_JOB_QOS=f0013134
SLURM_JOB_UID=1067767
SLURM_JOB_USER=f0013134
SLURM_LOCALID=0
SLURM_MEM_PER_NODE=135168
SLURM_NNODES=1
SLURM_NODEID=0
SLURM_NODELIST=amr-206
SLURM_NODE_ALIASES='(null)'
SLURM_PRIO_PROCESS=19
SLURM_PROCID=0
SLURM_SUBMIT_DIR=/mnt/ufs18/home-187/f0013134/marine-stacks/bioprj_PRJNA480409_Laguncularia-racemosa
SLURM_SUBMIT_HOST=dev-amd20
SLURM_TASKS_PER_NODE=1
SLURM_TASK_PID=36766
SLURM_TOPOLOGY_ADDR=amr-206
SLURM_TOPOLOGY_ADDR_PATTERN=node
SLURM_WHOLE=1
SLURM_WORKING_CLUSTER=msuhpcc:slurm-01:6817:9216:109
SQUEUE_ALL=
STORAGEDIR=/mnt/scratch/f0013134/bioprj_PRJNA480409_Laguncularia-racemosa/stacks_littlem_3_bigm_3
STORAGENODE=/mnt/scratch/f0013134
SUB_NAME=nis1lessthanM
TERM=dumb
TMPDIR=/tmp/local/17279955
UID=1067767
UNIQUEJOBID=17279955_0
USER=f0013134
WORKDIR=/tmp/local/17279955/bioprj_PRJNA480409_Laguncularia-racemosa
XDG_DATA_DIRS=/opt/software/FFTW/3.3.8-gompi-2020a/share:/opt/software/OpenMPI/4.0.3-GCC-9.3.0/share:/opt/software/UCX/1.8.0-GCCcore-9.3.0/share:/opt/software/hwloc/2.2.0-GCCcore-9.3.0/share:/opt/software/libxml2/2.9.10-GCCcore-9.3.0/share:/opt/software/XZ/5.2.5-GCCcore-9.3.0/share:/opt/software/numactl/2.0.13-GCCcore-9.3.0/share:/opt/software/binutils/2.34-GCCcore-9.3.0/share:/opt/software/zlib/1.2.11-GCCcore-9.3.0/share:/opt/software/GCCcore/9.3.0/share:/mnt/home/f0013134/.local/share/flatpak/exports/share:/var/lib/flatpak/exports/share:/usr/local/share:/usr/share
f=bioprj_PRJNA480409_Laguncularia-racemosa_stacks_littlem_3_bigm_3_n2_nis1lessthanM_sample9.tar.gz
is=bash
