

catalog.alleles.tsv.gz
stacks_littlem_3_bigm_9_n10_nis1morethanM_sample36/
stacks_littlem_3_bigm_9_n10_nis1morethanM_sample27/
stacks_littlem_3_bigm_9_n10_nis1morethanM_sample2/
stacks_littlem_3_bigm_9_n10_nis1morethanM_sample37/
stacks_littlem_3_bigm_9_n10_nis1morethanM_sample34/
stacks_littlem_3_bigm_9_n10_nis1morethanM_sample45/
stacks_littlem_3_bigm_9_n10_nis1morethanM_sample0/
stacks_littlem_3_bigm_9_n10_nis1morethanM_sample38/
stacks_littlem_3_bigm_9_n10_nis1morethanM_sample49/
stacks_littlem_3_bigm_9_n10_nis1morethanM_sample36/sample36.alleles.tsv.gz
stacks_littlem_3_bigm_9_n10_nis1morethanM_sample27/sample27.alleles.tsv.gz
stacks_littlem_3_bigm_9_n10_nis1morethanM_sample33/
stacks_littlem_3_bigm_9_n10_nis1morethanM_sample2/sample2.alleles.tsv.gz
stacks_littlem_3_bigm_9_n10_nis1morethanM_sample37/sample37.alleles.tsv.gz
stacks_littlem_3_bigm_9_n10_nis1morethanM_sample25/
stacks_littlem_3_bigm_9_n10_nis1morethanM_sample64/
stacks_littlem_3_bigm_9_n10_nis1morethanM_sample64/sample64.alleles.tsv.gz
stacks_littlem_3_bigm_9_n10_nis1morethanM_sample22/
stacks_littlem_3_bigm_9_n10_nis1morethanM_sample64/sample64.snps.tsv.gz
stacks_littlem_3_bigm_9_n10_nis1morethanM_sample34/sample34.alleles.tsv.gz
stacks_littlem_3_bigm_9_n10_nis1morethanM_sample45/sample45.alleles.tsv.gz
stacks_littlem_3_bigm_9_n10_nis1morethanM_sample45/sample45.snps.tsv.gz
stacks_littlem_3_bigm_9_n10_nis1morethanM_sample0/sample0.alleles.tsv.gz
stacks_littlem_3_bigm_9_n10_nis1morethanM_sample62/
stacks_littlem_3_bigm_9_n10_nis1morethanM_sample38/sample38.alleles.tsv.gz
stacks_littlem_3_bigm_9_n10_nis1morethanM_sample38/sample38.snps.tsv.gz
stacks_littlem_3_bigm_9_n10_nis1morethanM_sample49/sample49.alleles.tsv.gz
stacks_littlem_3_bigm_9_n10_nis1morethanM_sample49/sample49.snps.tsv.gz
stacks_littlem_3_bigm_9_n10_nis1morethanM_sample36/sample36.snps.tsv.gz
stacks_littlem_3_bigm_9_n10_nis1morethanM_sample33/sample33.alleles.tsv.gz
stacks_littlem_3_bigm_9_n10_nis1morethanM_sample2/sample2.snps.tsv.gz
stacks_littlem_3_bigm_9_n10_nis1morethanM_sample37/sample37.snps.tsv.gz
stacks_littlem_3_bigm_9_n10_nis1morethanM_sample25/sample25.alleles.tsv.gz
stacks_littlem_3_bigm_9_n10_nis1morethanM_sample3/
stacks_littlem_3_bigm_9_n10_nis1morethanM_sample3/sample3.alleles.tsv.gz
stacks_littlem_3_bigm_9_n10_nis1morethanM_sample4/
stacks_littlem_3_bigm_9_n10_nis1morethanM_sample22/sample22.alleles.tsv.gz
stacks_littlem_3_bigm_9_n10_nis1morethanM_sample34/sample34.snps.tsv.gz
stacks_littlem_3_bigm_9_n10_nis1morethanM_sample0/sample0.snps.tsv.gz
stacks_littlem_3_bigm_9_n10_nis1morethanM_sample97/
stacks_littlem_3_bigm_9_n10_nis1morethanM_sample97/sample97.alleles.tsv.gz
stacks_littlem_3_bigm_9_n10_nis1morethanM_sample97/sample97.snps.tsv.gz
stacks_littlem_3_bigm_9_n10_nis1morethanM_sample24/
stacks_littlem_3_bigm_9_n10_nis1morethanM_sample24/sample24.alleles.tsv.gz
stacks_littlem_3_bigm_9_n10_nis1morethanM_sample15/
stacks_littlem_3_bigm_9_n10_nis1morethanM_sample15/sample15.alleles.tsv.gz
stacks_littlem_3_bigm_9_n10_nis1morethanM_sample15/sample15.snps.tsv.gz
stacks_littlem_3_bigm_9_n10_nis1morethanM_sample82/
stacks_littlem_3_bigm_9_n10_nis1morethanM_sample82/sample82.alleles.tsv.gz
stacks_littlem_3_bigm_9_n10_nis1morethanM_sample62/sample62.alleles.tsv.gz
stacks_littlem_3_bigm_9_n10_nis1morethanM_sample62/sample62.snps.tsv.gz
stacks_littlem_3_bigm_9_n10_nis1morethanM_sample21/
stacks_littlem_3_bigm_9_n10_nis1morethanM_sample21/sample21.alleles.tsv.gz
stacks_littlem_3_bigm_9_n10_nis1morethanM_sample10/
stacks_littlem_3_bigm_9_n10_nis1morethanM_sample10/sample10.alleles.tsv.gz
stacks_littlem_3_bigm_9_n10_nis1morethanM_sample20/
stacks_littlem_3_bigm_9_n10_nis1morethanM_sample33/sample33.snps.tsv.gz
stacks_littlem_3_bigm_9_n10_nis1morethanM_sample12/
stacks_littlem_3_bigm_9_n10_nis1morethanM_sample12/sample12.alleles.tsv.gz
stacks_littlem_3_bigm_9_n10_nis1morethanM_sample12/sample12.snps.tsv.gz
stacks_littlem_3_bigm_9_n10_nis1morethanM_sample74/
stacks_littlem_3_bigm_9_n10_nis1morethanM_sample74/sample74.alleles.tsv.gz
stacks_littlem_3_bigm_9_n10_nis1morethanM_sample94/
stacks_littlem_3_bigm_9_n10_nis1morethanM_sample25/sample25.snps.tsv.gz
stacks_littlem_3_bigm_9_n10_nis1morethanM_sample3/sample3.snps.tsv.gz
stacks_littlem_3_bigm_9_n10_nis1morethanM_sample4/sample4.alleles.tsv.gz
stacks_littlem_3_bigm_9_n10_nis1morethanM_sample4/sample4.snps.tsv.gz
stacks_littlem_3_bigm_9_n10_nis1morethanM_sample22/sample22.snps.tsv.gz
stacks_littlem_3_bigm_9_n10_nis1morethanM_sample50/
stacks_littlem_3_bigm_9_n10_nis1morethanM_sample50/sample50.alleles.tsv.gz
stacks_littlem_3_bigm_9_n10_nis1morethanM_sample18/
stacks_littlem_3_bigm_9_n10_nis1morethanM_sample18/sample18.alleles.tsv.gz
stacks_littlem_3_bigm_9_n10_nis1morethanM_sample30/
stacks_littlem_3_bigm_9_n10_nis1morethanM_sample30/sample30.alleles.tsv.gz
stacks_littlem_3_bigm_9_n10_nis1morethanM_sample46/
stacks_littlem_3_bigm_9_n10_nis1morethanM_sample46/sample46.alleles.tsv.gz
stacks_littlem_3_bigm_9_n10_nis1morethanM_sample46/sample46.snps.tsv.gz
stacks_littlem_3_bigm_9_n10_nis1morethanM_sample70/
stacks_littlem_3_bigm_9_n10_nis1morethanM_sample24/sample24.snps.tsv.gz
stacks_littlem_3_bigm_9_n10_nis1morethanM_sample93/
stacks_littlem_3_bigm_9_n10_nis1morethanM_sample82/sample82.snps.tsv.gz
stacks_littlem_3_bigm_9_n10_nis1morethanM_sample13/
stacks_littlem_3_bigm_9_n10_nis1morethanM_sample13/sample13.alleles.tsv.gz
stacks_littlem_3_bigm_9_n10_nis1morethanM_sample13/sample13.snps.tsv.gz
stacks_littlem_3_bigm_9_n10_nis1morethanM_sample31/
stacks_littlem_3_bigm_9_n10_nis1morethanM_sample31/sample31.alleles.tsv.gz
stacks_littlem_3_bigm_9_n10_nis1morethanM_sample78/
stacks_littlem_3_bigm_9_n10_nis1morethanM_sample78/sample78.alleles.tsv.gz
stacks_littlem_3_bigm_9_n10_nis1morethanM_sample78/sample78.snps.tsv.gz
stacks_littlem_3_bigm_9_n10_nis1morethanM_sample85/
stacks_littlem_3_bigm_9_n10_nis1morethanM_sample85/sample85.alleles.tsv.gz
stacks_littlem_3_bigm_9_n10_nis1morethanM_sample20/sample20.alleles.tsv.gz
stacks_littlem_3_bigm_9_n10_nis1morethanM_sample20/sample20.snps.tsv.gz
stacks_littlem_3_bigm_9_n10_nis1morethanM_sample17/
stacks_littlem_3_bigm_9_n10_nis1morethanM_sample17/sample17.alleles.tsv.gz
stacks_littlem_3_bigm_9_n10_nis1morethanM_sample17/sample17.snps.tsv.gz
stacks_littlem_3_bigm_9_n10_nis1morethanM_sample35/
stacks_littlem_3_bigm_9_n10_nis1morethanM_sample35/sample35.alleles.tsv.gz
stacks_littlem_3_bigm_9_n10_nis1morethanM_sample11/
stacks_littlem_3_bigm_9_n10_nis1morethanM_sample86/
stacks_littlem_3_bigm_9_n10_nis1morethanM_sample87/
stacks_littlem_3_bigm_9_n10_nis1morethanM_sample42/
stacks_littlem_3_bigm_9_n10_nis1morethanM_sample42/sample42.alleles.tsv.gz
stacks_littlem_3_bigm_9_n10_nis1morethanM_sample42/sample42.snps.tsv.gz
stacks_littlem_3_bigm_9_n10_nis1morethanM_sample10/sample10.snps.tsv.gz
stacks_littlem_3_bigm_9_n10_nis1morethanM_sample27/sample27.snps.tsv.gz
stacks_littlem_3_bigm_9_n10_nis1morethanM_sample72/
stacks_littlem_3_bigm_9_n10_nis1morethanM_sample72/sample72.alleles.tsv.gz
stacks_littlem_3_bigm_9_n10_nis1morethanM_sample72/sample72.snps.tsv.gz
stacks_littlem_3_bigm_9_n10_nis1morethanM_sample19/
stacks_littlem_3_bigm_9_n10_nis1morethanM_sample19/sample19.alleles.tsv.gz
stacks_littlem_3_bigm_9_n10_nis1morethanM_sample31/sample31.snps.tsv.gz
stacks_littlem_3_bigm_9_n10_nis1morethanM_sample74/sample74.snps.tsv.gz
stacks_littlem_3_bigm_9_n10_nis1morethanM_sample28/
stacks_littlem_3_bigm_9_n10_nis1morethanM_sample40/
stacks_littlem_3_bigm_9_n10_nis1morethanM_sample94/sample94.alleles.tsv.gz
stacks_littlem_3_bigm_9_n10_nis1morethanM_sample94/sample94.snps.tsv.gz
stacks_littlem_3_bigm_9_n10_nis1morethanM_sample95/
stacks_littlem_3_bigm_9_n10_nis1morethanM_sample89/
stacks_littlem_3_bigm_9_n10_nis1morethanM_sample89/sample89.alleles.tsv.gz
stacks_littlem_3_bigm_9_n10_nis1morethanM_sample89/sample89.snps.tsv.gz
stacks_littlem_3_bigm_9_n10_nis1morethanM_sample50/sample50.snps.tsv.gz
stacks_littlem_3_bigm_9_n10_nis1morethanM_sample18/sample18.snps.tsv.gz
stacks_littlem_3_bigm_9_n10_nis1morethanM_sample30/sample30.snps.tsv.gz
stacks_littlem_3_bigm_9_n10_nis1morethanM_sample29/
stacks_littlem_3_bigm_9_n10_nis1morethanM_sample70/sample70.alleles.tsv.gz
stacks_littlem_3_bigm_9_n10_nis1morethanM_sample70/sample70.snps.tsv.gz
stacks_littlem_3_bigm_9_n10_nis1morethanM_sample14/
stacks_littlem_3_bigm_9_n10_nis1morethanM_sample58/
stacks_littlem_3_bigm_9_n10_nis1morethanM_sample58/sample58.alleles.tsv.gz
stacks_littlem_3_bigm_9_n10_nis1morethanM_sample58/sample58.snps.tsv.gz
stacks_littlem_3_bigm_9_n10_nis1morethanM_sample16/
stacks_littlem_3_bigm_9_n10_nis1morethanM_sample16/sample16.alleles.tsv.gz
stacks_littlem_3_bigm_9_n10_nis1morethanM_sample16/sample16.snps.tsv.gz
stacks_littlem_3_bigm_9_n10_nis1morethanM_sample93/sample93.alleles.tsv.gz
stacks_littlem_3_bigm_9_n10_nis1morethanM_sample93/sample93.snps.tsv.gz
stacks_littlem_3_bigm_9_n10_nis1morethanM_sample99/
stacks_littlem_3_bigm_9_n10_nis1morethanM_sample99/sample99.alleles.tsv.gz
stacks_littlem_3_bigm_9_n10_nis1morethanM_sample99/sample99.snps.tsv.gz
stacks_littlem_3_bigm_9_n10_nis1morethanM_sample21/sample21.snps.tsv.gz
stacks_littlem_3_bigm_9_n10_nis1morethanM_sample44/
stacks_littlem_3_bigm_9_n10_nis1morethanM_sample32/
stacks_littlem_3_bigm_9_n10_nis1morethanM_sample32/sample32.alleles.tsv.gz
stacks_littlem_3_bigm_9_n10_nis1morethanM_sample85/sample85.snps.tsv.gz
stacks_littlem_3_bigm_9_n10_nis1morethanM_sample1/
stacks_littlem_3_bigm_9_n10_nis1morethanM_sample48/
stacks_littlem_3_bigm_9_n10_nis1morethanM_sample48/sample48.alleles.tsv.gz
stacks_littlem_3_bigm_9_n10_nis1morethanM_sample48/sample48.snps.tsv.gz
stacks_littlem_3_bigm_9_n10_nis1morethanM_sample11/sample11.alleles.tsv.gz
stacks_littlem_3_bigm_9_n10_nis1morethanM_sample86/sample86.alleles.tsv.gz
stacks_littlem_3_bigm_9_n10_nis1morethanM_sample86/sample86.snps.tsv.gz
stacks_littlem_3_bigm_9_n10_nis1morethanM_sample59/
stacks_littlem_3_bigm_9_n10_nis1morethanM_sample87/sample87.alleles.tsv.gz
stacks_littlem_3_bigm_9_n10_nis1morethanM_sample56/
stacks_littlem_3_bigm_9_n10_nis1morethanM_sample56/sample56.alleles.tsv.gz
stacks_littlem_3_bigm_9_n10_nis1morethanM_sample56/sample56.snps.tsv.gz
stacks_littlem_3_bigm_9_n10_nis1morethanM_sample47/
stacks_littlem_3_bigm_9_n10_nis1morethanM_sample47/sample47.alleles.tsv.gz
stacks_littlem_3_bigm_9_n10_nis1morethanM_sample47/sample47.snps.tsv.gz
stacks_littlem_3_bigm_9_n10_nis1morethanM_sample57/
stacks_littlem_3_bigm_9_n10_nis1morethanM_sample57/sample57.alleles.tsv.gz
stacks_littlem_3_bigm_9_n10_nis1morethanM_sample57/sample57.snps.tsv.gz
stacks_littlem_3_bigm_9_n10_nis1morethanM_sample55/
stacks_littlem_3_bigm_9_n10_nis1morethanM_sample55/sample55.alleles.tsv.gz
stacks_littlem_3_bigm_9_n10_nis1morethanM_sample55/sample55.snps.tsv.gz
stacks_littlem_3_bigm_9_n10_nis1morethanM_sample39/
stacks_littlem_3_bigm_9_n10_nis1morethanM_sample39/sample39.alleles.tsv.gz
stacks_littlem_3_bigm_9_n10_nis1morethanM_sample5/
stacks_littlem_3_bigm_9_n10_nis1morethanM_sample5/sample5.alleles.tsv.gz
stacks_littlem_3_bigm_9_n10_nis1morethanM_sample83/
stacks_littlem_3_bigm_9_n10_nis1morethanM_sample83/sample83.alleles.tsv.gz
stacks_littlem_3_bigm_9_n10_nis1morethanM_sample83/sample83.snps.tsv.gz
stacks_littlem_3_bigm_9_n10_nis1morethanM_sample23/
stacks_littlem_3_bigm_9_n10_nis1morethanM_sample23/sample23.alleles.tsv.gz
stacks_littlem_3_bigm_9_n10_nis1morethanM_sample69/
stacks_littlem_3_bigm_9_n10_nis1morethanM_sample69/sample69.alleles.tsv.gz
stacks_littlem_3_bigm_9_n10_nis1morethanM_sample23/sample23.snps.tsv.gz
stacks_littlem_3_bigm_9_n10_nis1morethanM_sample69/sample69.snps.tsv.gz
stacks_littlem_3_bigm_9_n10_nis1morethanM_sample26/
stacks_littlem_3_bigm_9_n10_nis1morethanM_sample26/sample26.alleles.tsv.gz
stacks_littlem_3_bigm_9_n10_nis1morethanM_sample5/sample5.snps.tsv.gz
stacks_littlem_3_bigm_9_n10_nis1morethanM_sample80/
stacks_littlem_3_bigm_9_n10_nis1morethanM_sample80/sample80.alleles.tsv.gz
stacks_littlem_3_bigm_9_n10_nis1morethanM_sample80/sample80.snps.tsv.gz
stacks_littlem_3_bigm_9_n10_nis1morethanM_sample19/sample19.snps.tsv.gz
stacks_littlem_3_bigm_9_n10_nis1morethanM_sample76/
stacks_littlem_3_bigm_9_n10_nis1morethanM_sample76/sample76.alleles.tsv.gz
stacks_littlem_3_bigm_9_n10_nis1morethanM_sample76/sample76.snps.tsv.gz
stacks_littlem_3_bigm_9_n10_nis1morethanM_sample26/sample26.snps.tsv.gz
stacks_littlem_3_bigm_9_n10_nis1morethanM_sample28/sample28.alleles.tsv.gz
stacks_littlem_3_bigm_9_n10_nis1morethanM_sample40/sample40.alleles.tsv.gz
stacks_littlem_3_bigm_9_n10_nis1morethanM_sample95/sample95.alleles.tsv.gz
stacks_littlem_3_bigm_9_n10_nis1morethanM_sample95/sample95.snps.tsv.gz
stacks_littlem_3_bigm_9_n10_nis1morethanM_sample28/sample28.snps.tsv.gz
stacks_littlem_3_bigm_9_n10_nis1morethanM_sample53/
stacks_littlem_3_bigm_9_n10_nis1morethanM_sample53/sample53.alleles.tsv.gz
stacks_littlem_3_bigm_9_n10_nis1morethanM_sample53/sample53.snps.tsv.gz
stacks_littlem_3_bigm_9_n10_nis1morethanM_sample98/
stacks_littlem_3_bigm_9_n10_nis1morethanM_sample98/sample98.alleles.tsv.gz
stacks_littlem_3_bigm_9_n10_nis1morethanM_sample98/sample98.snps.tsv.gz
stacks_littlem_3_bigm_9_n10_nis1morethanM_sample29/sample29.alleles.tsv.gz
stacks_littlem_3_bigm_9_n10_nis1morethanM_sample63/
stacks_littlem_3_bigm_9_n10_nis1morethanM_sample63/sample63.alleles.tsv.gz
stacks_littlem_3_bigm_9_n10_nis1morethanM_sample63/sample63.snps.tsv.gz
stacks_littlem_3_bigm_9_n10_nis1morethanM_sample68/
stacks_littlem_3_bigm_9_n10_nis1morethanM_sample67/
stacks_littlem_3_bigm_9_n10_nis1morethanM_sample14/sample14.alleles.tsv.gz
stacks_littlem_3_bigm_9_n10_nis1morethanM_sample14/sample14.snps.tsv.gz
stacks_littlem_3_bigm_9_n10_nis1morethanM_sample65/
stacks_littlem_3_bigm_9_n10_nis1morethanM_sample51/
stacks_littlem_3_bigm_9_n10_nis1morethanM_sample90/
stacks_littlem_3_bigm_9_n10_nis1morethanM_sample44/sample44.alleles.tsv.gz
stacks_littlem_3_bigm_9_n10_nis1morethanM_sample44/sample44.snps.tsv.gz
stacks_littlem_3_bigm_9_n10_nis1morethanM_sample32/sample32.snps.tsv.gz
stacks_littlem_3_bigm_9_n10_nis1morethanM_sample35/sample35.snps.tsv.gz
stacks_littlem_3_bigm_9_n10_nis1morethanM_sample91/
stacks_littlem_3_bigm_9_n10_nis1morethanM_sample84/
stacks_littlem_3_bigm_9_n10_nis1morethanM_sample84/sample84.alleles.tsv.gz
stacks_littlem_3_bigm_9_n10_nis1morethanM_sample84/sample84.snps.tsv.gz
stacks_littlem_3_bigm_9_n10_nis1morethanM_sample1/sample1.alleles.tsv.gz
stacks_littlem_3_bigm_9_n10_nis1morethanM_sample66/
stacks_littlem_3_bigm_9_n10_nis1morethanM_sample66/sample66.alleles.tsv.gz
stacks_littlem_3_bigm_9_n10_nis1morethanM_sample66/sample66.snps.tsv.gz
stacks_littlem_3_bigm_9_n10_nis1morethanM_sample8/
stacks_littlem_3_bigm_9_n10_nis1morethanM_sample7/
stacks_littlem_3_bigm_9_n10_nis1morethanM_sample7/sample7.alleles.tsv.gz
stacks_littlem_3_bigm_9_n10_nis1morethanM_sample7/sample7.snps.tsv.gz
stacks_littlem_3_bigm_9_n10_nis1morethanM_sample11/sample11.snps.tsv.gz
stacks_littlem_3_bigm_9_n10_nis1morethanM_sample73/
stacks_littlem_3_bigm_9_n10_nis1morethanM_sample59/sample59.alleles.tsv.gz
stacks_littlem_3_bigm_9_n10_nis1morethanM_sample87/sample87.snps.tsv.gz
stacks_littlem_3_bigm_9_n10_nis1morethanM_sample79/
stacks_littlem_3_bigm_9_n10_nis1morethanM_sample79/sample79.alleles.tsv.gz
stacks_littlem_3_bigm_9_n10_nis1morethanM_sample52/
stacks_littlem_3_bigm_9_n10_nis1morethanM_sample41/
stacks_littlem_3_bigm_9_n10_nis1morethanM_sample39/sample39.snps.tsv.gz
stacks_littlem_3_bigm_9_n10_nis1morethanM_sample96/
stacks_littlem_3_bigm_9_n10_nis1morethanM_sample96/sample96.alleles.tsv.gz
stacks_littlem_3_bigm_9_n10_nis1morethanM_sample96/sample96.snps.tsv.gz
stacks_littlem_3_bigm_9_n10_nis1morethanM_sample77/
stacks_littlem_3_bigm_9_n10_nis1morethanM_sample61/
stacks_littlem_3_bigm_9_n10_nis1morethanM_sample61/sample61.alleles.tsv.gz
stacks_littlem_3_bigm_9_n10_nis1morethanM_sample61/sample61.snps.tsv.gz
stacks_littlem_3_bigm_9_n10_nis1morethanM_sample43/
stacks_littlem_3_bigm_9_n10_nis1morethanM_sample54/
stacks_littlem_3_bigm_9_n10_nis1morethanM_sample6/
stacks_littlem_3_bigm_9_n10_nis1morethanM_sample92/
stacks_littlem_3_bigm_9_n10_nis1morethanM_sample92/sample92.alleles.tsv.gz
stacks_littlem_3_bigm_9_n10_nis1morethanM_sample92/sample92.snps.tsv.gz
stacks_littlem_3_bigm_9_n10_nis1morethanM_sample71/
catalog.snps.tsv.gz
stacks_littlem_3_bigm_9_n10_nis1morethanM_sample60/
stacks_littlem_3_bigm_9_n10_nis1morethanM_sample40/sample40.snps.tsv.gz
stacks_littlem_3_bigm_9_n10_nis1morethanM_sample9/
stacks_littlem_3_bigm_9_n10_nis1morethanM_sample75/
stacks_littlem_3_bigm_9_n10_nis1morethanM_sample75/sample75.alleles.tsv.gz
stacks_littlem_3_bigm_9_n10_nis1morethanM_sample75/sample75.snps.tsv.gz
stacks_littlem_3_bigm_9_n10_nis1morethanM_sample81/
stacks_littlem_3_bigm_9_n10_nis1morethanM_sample81/sample81.alleles.tsv.gz
stacks_littlem_3_bigm_9_n10_nis1morethanM_sample81/sample81.snps.tsv.gz
stacks_littlem_3_bigm_9_n10_nis1morethanM_sample68/sample68.alleles.tsv.gz
stacks_littlem_3_bigm_9_n10_nis1morethanM_sample67/sample67.alleles.tsv.gz
stacks_littlem_3_bigm_9_n10_nis1morethanM_sample65/sample65.alleles.tsv.gz
stacks_littlem_3_bigm_9_n10_nis1morethanM_sample51/sample51.alleles.tsv.gz
stacks_littlem_3_bigm_9_n10_nis1morethanM_sample90/sample90.alleles.tsv.gz
stacks_littlem_3_bigm_9_n10_nis1morethanM_sample90/sample90.snps.tsv.gz
stacks_littlem_3_bigm_9_n10_nis1morethanM_sample91/sample91.alleles.tsv.gz
stacks_littlem_3_bigm_9_n10_nis1morethanM_sample1/sample1.snps.tsv.gz
stacks_littlem_3_bigm_9_n10_nis1morethanM_sample8/sample8.alleles.tsv.gz
stacks_littlem_3_bigm_9_n10_nis1morethanM_sample73/sample73.alleles.tsv.gz
stacks_littlem_3_bigm_9_n10_nis1morethanM_sample59/sample59.snps.tsv.gz
stacks_littlem_3_bigm_9_n10_nis1morethanM_sample79/sample79.snps.tsv.gz
stacks_littlem_3_bigm_9_n10_nis1morethanM_sample52/sample52.alleles.tsv.gz
stacks_littlem_3_bigm_9_n10_nis1morethanM_sample41/sample41.alleles.tsv.gz
stacks_littlem_3_bigm_9_n10_nis1morethanM_sample41/sample41.snps.tsv.gz
stacks_littlem_3_bigm_9_n10_nis1morethanM_sample77/sample77.alleles.tsv.gz
stacks_littlem_3_bigm_9_n10_nis1morethanM_sample77/sample77.snps.tsv.gz
stacks_littlem_3_bigm_9_n10_nis1morethanM_sample43/sample43.alleles.tsv.gz
stacks_littlem_3_bigm_9_n10_nis1morethanM_sample43/sample43.snps.tsv.gz
stacks_littlem_3_bigm_9_n10_nis1morethanM_sample54/sample54.alleles.tsv.gz
stacks_littlem_3_bigm_9_n10_nis1morethanM_sample6/sample6.alleles.tsv.gz
stacks_littlem_3_bigm_9_n10_nis1morethanM_sample71/sample71.alleles.tsv.gz
stacks_littlem_3_bigm_9_n10_nis1morethanM_sample71/sample71.snps.tsv.gz
stacks_littlem_3_bigm_9_n10_nis1morethanM_sample60/sample60.alleles.tsv.gz
stacks_littlem_3_bigm_9_n10_nis1morethanM_sample60/sample60.snps.tsv.gz
stacks_littlem_3_bigm_9_n10_nis1morethanM_sample9/sample9.alleles.tsv.gz
stacks_littlem_3_bigm_9_n10_nis1morethanM_sample67/sample67.snps.tsv.gz
stacks_littlem_3_bigm_9_n10_nis1morethanM_sample65/sample65.snps.tsv.gz
stacks_littlem_3_bigm_9_n10_nis1morethanM_sample68/sample68.snps.tsv.gz
stacks_littlem_3_bigm_9_n10_nis1morethanM_sample29/sample29.snps.tsv.gz
stacks_littlem_3_bigm_9_n10_nis1morethanM_sample51/sample51.snps.tsv.gz
stacks_littlem_3_bigm_9_n10_nis1morethanM_sample91/sample91.snps.tsv.gz
stacks_littlem_3_bigm_9_n10_nis1morethanM_sample8/sample8.snps.tsv.gz
stacks_littlem_3_bigm_9_n10_nis1morethanM_sample73/sample73.snps.tsv.gz
stacks_littlem_3_bigm_9_n10_nis1morethanM_sample52/sample52.snps.tsv.gz
stacks_littlem_3_bigm_9_n10_nis1morethanM_sample54/sample54.snps.tsv.gz
stacks_littlem_3_bigm_9_n10_nis1morethanM_sample6/sample6.snps.tsv.gz
stacks_littlem_3_bigm_9_n10_nis1morethanM_sample9/sample9.snps.tsv.gz
stacks_littlem_3_bigm_9_n10_nis1morethanM_sample88/
stacks_littlem_3_bigm_9_n10_nis1morethanM_sample88/sample88.alleles.tsv.gz
stacks_littlem_3_bigm_9_n10_nis1morethanM_sample88/sample88.snps.tsv.gz
catalog.tags.tsv.gz
stacks_littlem_3_bigm_9_n10_nis1morethanM_sample0/sample0.tags.tsv.gz
stacks_littlem_3_bigm_9_n10_nis1morethanM_sample45/sample45.tags.tsv.gz
stacks_littlem_3_bigm_9_n10_nis1morethanM_sample46/sample46.tags.tsv.gz
stacks_littlem_3_bigm_9_n10_nis1morethanM_sample20/sample20.tags.tsv.gz
stacks_littlem_3_bigm_9_n10_nis1morethanM_sample17/sample17.tags.tsv.gz
stacks_littlem_3_bigm_9_n10_nis1morethanM_sample44/sample44.tags.tsv.gz
stacks_littlem_3_bigm_9_n10_nis1morethanM_sample4/sample4.tags.tsv.gz
stacks_littlem_3_bigm_9_n10_nis1morethanM_sample93/sample93.tags.tsv.gz
stacks_littlem_3_bigm_9_n10_nis1morethanM_sample0/sample0.matches.tsv.gz
stacks_littlem_3_bigm_9_n10_nis1morethanM_sample0/sample0.matches.bam
stacks_littlem_3_bigm_9_n10_nis1morethanM_sample37/sample37.tags.tsv.gz
stacks_littlem_3_bigm_9_n10_nis1morethanM_sample64/sample64.tags.tsv.gz
stacks_littlem_3_bigm_9_n10_nis1morethanM_sample20/sample20.matches.tsv.gz
stacks_littlem_3_bigm_9_n10_nis1morethanM_sample45/sample45.matches.tsv.gz
stacks_littlem_3_bigm_9_n10_nis1morethanM_sample46/sample46.matches.tsv.gz
stacks_littlem_3_bigm_9_n10_nis1morethanM_sample42/sample42.tags.tsv.gz
stacks_littlem_3_bigm_9_n10_nis1morethanM_sample20/sample20.matches.bam
stacks_littlem_3_bigm_9_n10_nis1morethanM_sample99/sample99.tags.tsv.gz
stacks_littlem_3_bigm_9_n10_nis1morethanM_sample45/sample45.matches.bam
stacks_littlem_3_bigm_9_n10_nis1morethanM_sample46/sample46.matches.bam
stacks_littlem_3_bigm_9_n10_nis1morethanM_sample53/sample53.tags.tsv.gz
stacks_littlem_3_bigm_9_n10_nis1morethanM_sample50/sample50.tags.tsv.gz
stacks_littlem_3_bigm_9_n10_nis1morethanM_sample11/sample11.tags.tsv.gz
stacks_littlem_3_bigm_9_n10_nis1morethanM_sample43/sample43.tags.tsv.gz
stacks_littlem_3_bigm_9_n10_nis1morethanM_sample51/sample51.tags.tsv.gz
stacks_littlem_3_bigm_9_n10_nis1morethanM_sample82/sample82.tags.tsv.gz
stacks_littlem_3_bigm_9_n10_nis1morethanM_sample47/sample47.tags.tsv.gz
stacks_littlem_3_bigm_9_n10_nis1morethanM_sample12/sample12.tags.tsv.gz
stacks_littlem_3_bigm_9_n10_nis1morethanM_sample52/sample52.tags.tsv.gz
stacks_littlem_3_bigm_9_n10_nis1morethanM_sample33/sample33.tags.tsv.gz
stacks_littlem_3_bigm_9_n10_nis1morethanM_sample19/sample19.tags.tsv.gz
stacks_littlem_3_bigm_9_n10_nis1morethanM_sample17/sample17.matches.tsv.gz
stacks_littlem_3_bigm_9_n10_nis1morethanM_sample69/sample69.tags.tsv.gz
stacks_littlem_3_bigm_9_n10_nis1morethanM_sample70/sample70.tags.tsv.gz
stacks_littlem_3_bigm_9_n10_nis1morethanM_sample54/sample54.tags.tsv.gz
stacks_littlem_3_bigm_9_n10_nis1morethanM_sample17/sample17.matches.bam
stacks_littlem_3_bigm_9_n10_nis1morethanM_sample41/sample41.tags.tsv.gz
stacks_littlem_3_bigm_9_n10_nis1morethanM_sample32/sample32.tags.tsv.gz
stacks_littlem_3_bigm_9_n10_nis1morethanM_sample14/sample14.tags.tsv.gz
stacks_littlem_3_bigm_9_n10_nis1morethanM_sample80/sample80.tags.tsv.gz
stacks_littlem_3_bigm_9_n10_nis1morethanM_sample94/sample94.tags.tsv.gz
stacks_littlem_3_bigm_9_n10_nis1morethanM_sample65/sample65.tags.tsv.gz
stacks_littlem_3_bigm_9_n10_nis1morethanM_sample66/sample66.tags.tsv.gz
stacks_littlem_3_bigm_9_n10_nis1morethanM_sample59/sample59.tags.tsv.gz
stacks_littlem_3_bigm_9_n10_nis1morethanM_sample18/sample18.tags.tsv.gz
stacks_littlem_3_bigm_9_n10_nis1morethanM_sample44/sample44.matches.tsv.gz
stacks_littlem_3_bigm_9_n10_nis1morethanM_sample40/sample40.tags.tsv.gz
stacks_littlem_3_bigm_9_n10_nis1morethanM_sample67/sample67.tags.tsv.gz
stacks_littlem_3_bigm_9_n10_nis1morethanM_sample91/sample91.tags.tsv.gz
stacks_littlem_3_bigm_9_n10_nis1morethanM_sample98/sample98.tags.tsv.gz
stacks_littlem_3_bigm_9_n10_nis1morethanM_sample36/sample36.tags.tsv.gz
stacks_littlem_3_bigm_9_n10_nis1morethanM_sample60/sample60.tags.tsv.gz
stacks_littlem_3_bigm_9_n10_nis1morethanM_sample95/sample95.tags.tsv.gz
stacks_littlem_3_bigm_9_n10_nis1morethanM_sample44/sample44.matches.bam
stacks_littlem_3_bigm_9_n10_nis1morethanM_sample79/sample79.tags.tsv.gz
stacks_littlem_3_bigm_9_n10_nis1morethanM_sample4/sample4.matches.tsv.gz
stacks_littlem_3_bigm_9_n10_nis1morethanM_sample22/sample22.tags.tsv.gz
stacks_littlem_3_bigm_9_n10_nis1morethanM_sample97/sample97.tags.tsv.gz
stacks_littlem_3_bigm_9_n10_nis1morethanM_sample16/sample16.tags.tsv.gz
stacks_littlem_3_bigm_9_n10_nis1morethanM_sample2/sample2.tags.tsv.gz
stacks_littlem_3_bigm_9_n10_nis1morethanM_sample78/sample78.tags.tsv.gz
stacks_littlem_3_bigm_9_n10_nis1morethanM_sample49/sample49.tags.tsv.gz
stacks_littlem_3_bigm_9_n10_nis1morethanM_sample4/sample4.matches.bam
stacks_littlem_3_bigm_9_n10_nis1morethanM_sample30/sample30.tags.tsv.gz
stacks_littlem_3_bigm_9_n10_nis1morethanM_sample31/sample31.tags.tsv.gz
stacks_littlem_3_bigm_9_n10_nis1morethanM_sample62/sample62.tags.tsv.gz
stacks_littlem_3_bigm_9_n10_nis1morethanM_sample63/sample63.tags.tsv.gz
stacks_littlem_3_bigm_9_n10_nis1morethanM_sample89/sample89.tags.tsv.gz
stacks_littlem_3_bigm_9_n10_nis1morethanM_sample24/sample24.tags.tsv.gz
stacks_littlem_3_bigm_9_n10_nis1morethanM_sample3/sample3.tags.tsv.gz
stacks_littlem_3_bigm_9_n10_nis1morethanM_sample15/sample15.tags.tsv.gz
stacks_littlem_3_bigm_9_n10_nis1morethanM_sample38/sample38.tags.tsv.gz
stacks_littlem_3_bigm_9_n10_nis1morethanM_sample13/sample13.tags.tsv.gz
stacks_littlem_3_bigm_9_n10_nis1morethanM_sample72/sample72.tags.tsv.gz
stacks_littlem_3_bigm_9_n10_nis1morethanM_sample27/sample27.tags.tsv.gz
stacks_littlem_3_bigm_9_n10_nis1morethanM_sample58/sample58.tags.tsv.gz
stacks_littlem_3_bigm_9_n10_nis1morethanM_sample21/sample21.tags.tsv.gz
stacks_littlem_3_bigm_9_n10_nis1morethanM_sample85/sample85.tags.tsv.gz
stacks_littlem_3_bigm_9_n10_nis1morethanM_sample86/sample86.tags.tsv.gz
stacks_littlem_3_bigm_9_n10_nis1morethanM_sample8/sample8.tags.tsv.gz
stacks_littlem_3_bigm_9_n10_nis1morethanM_sample10/sample10.tags.tsv.gz
stacks_littlem_3_bigm_9_n10_nis1morethanM_sample61/sample61.tags.tsv.gz
stacks_littlem_3_bigm_9_n10_nis1morethanM_sample87/sample87.tags.tsv.gz
stacks_littlem_3_bigm_9_n10_nis1morethanM_sample25/sample25.tags.tsv.gz
stacks_littlem_3_bigm_9_n10_nis1morethanM_sample48/sample48.tags.tsv.gz
stacks_littlem_3_bigm_9_n10_nis1morethanM_sample71/sample71.tags.tsv.gz
stacks_littlem_3_bigm_9_n10_nis1morethanM_sample23/sample23.tags.tsv.gz
stacks_littlem_3_bigm_9_n10_nis1morethanM_sample26/sample26.tags.tsv.gz
stacks_littlem_3_bigm_9_n10_nis1morethanM_sample35/sample35.tags.tsv.gz
stacks_littlem_3_bigm_9_n10_nis1morethanM_sample1/sample1.tags.tsv.gz
stacks_littlem_3_bigm_9_n10_nis1morethanM_sample57/sample57.tags.tsv.gz
stacks_littlem_3_bigm_9_n10_nis1morethanM_sample75/sample75.tags.tsv.gz
stacks_littlem_3_bigm_9_n10_nis1morethanM_sample90/sample90.tags.tsv.gz
stacks_littlem_3_bigm_9_n10_nis1morethanM_sample55/sample55.tags.tsv.gz
stacks_littlem_3_bigm_9_n10_nis1morethanM_sample29/sample29.tags.tsv.gz
stacks_littlem_3_bigm_9_n10_nis1morethanM_sample34/sample34.tags.tsv.gz
stacks_littlem_3_bigm_9_n10_nis1morethanM_sample39/sample39.tags.tsv.gz
stacks_littlem_3_bigm_9_n10_nis1morethanM_sample68/sample68.tags.tsv.gz
stacks_littlem_3_bigm_9_n10_nis1morethanM_sample28/sample28.tags.tsv.gz
stacks_littlem_3_bigm_9_n10_nis1morethanM_sample92/sample92.tags.tsv.gz
stacks_littlem_3_bigm_9_n10_nis1morethanM_sample7/sample7.tags.tsv.gz
stacks_littlem_3_bigm_9_n10_nis1morethanM_sample77/sample77.tags.tsv.gz
stacks_littlem_3_bigm_9_n10_nis1morethanM_sample56/sample56.tags.tsv.gz
stacks_littlem_3_bigm_9_n10_nis1morethanM_sample84/sample84.tags.tsv.gz
stacks_littlem_3_bigm_9_n10_nis1morethanM_sample96/sample96.tags.tsv.gz
stacks_littlem_3_bigm_9_n10_nis1morethanM_sample81/sample81.tags.tsv.gz
stacks_littlem_3_bigm_9_n10_nis1morethanM_sample93/sample93.matches.tsv.gz
stacks_littlem_3_bigm_9_n10_nis1morethanM_sample9/sample9.tags.tsv.gz
stacks_littlem_3_bigm_9_n10_nis1morethanM_sample76/sample76.tags.tsv.gz
stacks_littlem_3_bigm_9_n10_nis1morethanM_sample93/sample93.matches.bam
stacks_littlem_3_bigm_9_n10_nis1morethanM_sample83/sample83.tags.tsv.gz
stacks_littlem_3_bigm_9_n10_nis1morethanM_sample5/sample5.tags.tsv.gz
stacks_littlem_3_bigm_9_n10_nis1morethanM_sample6/sample6.tags.tsv.gz
stacks_littlem_3_bigm_9_n10_nis1morethanM_sample88/sample88.tags.tsv.gz
stacks_littlem_3_bigm_9_n10_nis1morethanM_sample73/sample73.tags.tsv.gz
stacks_littlem_3_bigm_9_n10_nis1morethanM_sample74/sample74.tags.tsv.gz
stacks_littlem_3_bigm_9_n10_nis1morethanM_sample37/sample37.matches.tsv.gz
stacks_littlem_3_bigm_9_n10_nis1morethanM_sample20/sample20_tsv2bam.log
stacks_littlem_3_bigm_9_n10_nis1morethanM_sample37/sample37.matches.bam
stacks_littlem_3_bigm_9_n10_nis1morethanM_sample51/sample51.matches.tsv.gz
stacks_littlem_3_bigm_9_n10_nis1morethanM_sample51/sample51.matches.bam
stacks_littlem_3_bigm_9_n10_nis1morethanM_sample0/sample0_tsv2bam.log
stacks_littlem_3_bigm_9_n10_nis1morethanM_sample64/sample64.matches.tsv.gz
stacks_littlem_3_bigm_9_n10_nis1morethanM_sample46/sample46_tsv2bam.log
stacks_littlem_3_bigm_9_n10_nis1morethanM_sample64/sample64.matches.bam
stacks_littlem_3_bigm_9_n10_nis1morethanM_sample42/sample42.matches.tsv.gz
stacks_littlem_3_bigm_9_n10_nis1morethanM_sample42/sample42.matches.bam
stacks_littlem_3_bigm_9_n10_nis1morethanM_sample45/sample45_tsv2bam.log
stacks_littlem_3_bigm_9_n10_nis1morethanM_sample54/sample54.matches.tsv.gz
stacks_littlem_3_bigm_9_n10_nis1morethanM_sample11/sample11.matches.tsv.gz
stacks_littlem_3_bigm_9_n10_nis1morethanM_sample11/sample11.matches.bam
stacks_littlem_3_bigm_9_n10_nis1morethanM_sample54/sample54.matches.bam
stacks_littlem_3_bigm_9_n10_nis1morethanM_sample32/sample32.matches.tsv.gz
stacks_littlem_3_bigm_9_n10_nis1morethanM_sample17/sample17_tsv2bam.log
stacks_littlem_3_bigm_9_n10_nis1morethanM_sample32/sample32.matches.bam
stacks_littlem_3_bigm_9_n10_nis1morethanM_sample19/sample19.matches.tsv.gz
stacks_littlem_3_bigm_9_n10_nis1morethanM_sample19/sample19.matches.bam
stacks_littlem_3_bigm_9_n10_nis1morethanM_sample53/sample53.matches.tsv.gz
stacks_littlem_3_bigm_9_n10_nis1morethanM_sample99/sample99.matches.tsv.gz
stacks_littlem_3_bigm_9_n10_nis1morethanM_sample43/sample43.matches.tsv.gz
stacks_littlem_3_bigm_9_n10_nis1morethanM_sample99/sample99.matches.bam
stacks_littlem_3_bigm_9_n10_nis1morethanM_sample44/sample44_tsv2bam.log
stacks_littlem_3_bigm_9_n10_nis1morethanM_sample4/sample4_tsv2bam.log
stacks_littlem_3_bigm_9_n10_nis1morethanM_sample53/sample53.matches.bam
stacks_littlem_3_bigm_9_n10_nis1morethanM_sample91/sample91.matches.tsv.gz
stacks_littlem_3_bigm_9_n10_nis1morethanM_sample43/sample43.matches.bam
stacks_littlem_3_bigm_9_n10_nis1morethanM_sample91/sample91.matches.bam
stacks_littlem_3_bigm_9_n10_nis1morethanM_sample29/sample29.matches.tsv.gz
stacks_littlem_3_bigm_9_n10_nis1morethanM_sample33/sample33.matches.tsv.gz
stacks_littlem_3_bigm_9_n10_nis1morethanM_sample29/sample29.matches.bam
stacks_littlem_3_bigm_9_n10_nis1morethanM_sample47/sample47.matches.tsv.gz
stacks_littlem_3_bigm_9_n10_nis1morethanM_sample47/sample47.matches.bam
stacks_littlem_3_bigm_9_n10_nis1morethanM_sample12/sample12.matches.tsv.gz
stacks_littlem_3_bigm_9_n10_nis1morethanM_sample12/sample12.matches.bam
stacks_littlem_3_bigm_9_n10_nis1morethanM_sample50/sample50.matches.tsv.gz
stacks_littlem_3_bigm_9_n10_nis1morethanM_sample50/sample50.matches.bam
stacks_littlem_3_bigm_9_n10_nis1morethanM_sample66/sample66.matches.tsv.gz
stacks_littlem_3_bigm_9_n10_nis1morethanM_sample98/sample98.matches.tsv.gz
stacks_littlem_3_bigm_9_n10_nis1morethanM_sample9/sample9.matches.tsv.gz
stacks_littlem_3_bigm_9_n10_nis1morethanM_sample89/sample89.matches.tsv.gz
stacks_littlem_3_bigm_9_n10_nis1morethanM_sample33/sample33.matches.bam
stacks_littlem_3_bigm_9_n10_nis1morethanM_sample9/sample9.matches.bam
stacks_littlem_3_bigm_9_n10_nis1morethanM_sample70/sample70.matches.tsv.gz
stacks_littlem_3_bigm_9_n10_nis1morethanM_sample24/sample24.matches.tsv.gz
stacks_littlem_3_bigm_9_n10_nis1morethanM_sample97/sample97.matches.tsv.gz
stacks_littlem_3_bigm_9_n10_nis1morethanM_sample66/sample66.matches.bam
stacks_littlem_3_bigm_9_n10_nis1morethanM_sample52/sample52.matches.tsv.gz
stacks_littlem_3_bigm_9_n10_nis1morethanM_sample52/sample52.matches.bam
stacks_littlem_3_bigm_9_n10_nis1morethanM_sample18/sample18.matches.tsv.gz
stacks_littlem_3_bigm_9_n10_nis1morethanM_sample98/sample98.matches.bam
stacks_littlem_3_bigm_9_n10_nis1morethanM_sample89/sample89.matches.bam
stacks_littlem_3_bigm_9_n10_nis1morethanM_sample70/sample70.matches.bam
stacks_littlem_3_bigm_9_n10_nis1morethanM_sample82/sample82.matches.tsv.gz
stacks_littlem_3_bigm_9_n10_nis1morethanM_sample24/sample24.matches.bam
stacks_littlem_3_bigm_9_n10_nis1morethanM_sample82/sample82.matches.bam
stacks_littlem_3_bigm_9_n10_nis1morethanM_sample97/sample97.matches.bam
stacks_littlem_3_bigm_9_n10_nis1morethanM_sample18/sample18.matches.bam
stacks_littlem_3_bigm_9_n10_nis1morethanM_sample63/sample63.matches.tsv.gz
stacks_littlem_3_bigm_9_n10_nis1morethanM_sample79/sample79.matches.tsv.gz
stacks_littlem_3_bigm_9_n10_nis1morethanM_sample79/sample79.matches.bam
stacks_littlem_3_bigm_9_n10_nis1morethanM_sample13/sample13.matches.tsv.gz
stacks_littlem_3_bigm_9_n10_nis1morethanM_sample73/sample73.matches.tsv.gz
stacks_littlem_3_bigm_9_n10_nis1morethanM_sample8/sample8.matches.tsv.gz
stacks_littlem_3_bigm_9_n10_nis1morethanM_sample78/sample78.matches.tsv.gz
stacks_littlem_3_bigm_9_n10_nis1morethanM_sample6/sample6.matches.tsv.gz
stacks_littlem_3_bigm_9_n10_nis1morethanM_sample80/sample80.matches.tsv.gz
stacks_littlem_3_bigm_9_n10_nis1morethanM_sample8/sample8.matches.bam
stacks_littlem_3_bigm_9_n10_nis1morethanM_sample73/sample73.matches.bam
stacks_littlem_3_bigm_9_n10_nis1morethanM_sample16/sample16.matches.tsv.gz
stacks_littlem_3_bigm_9_n10_nis1morethanM_sample13/sample13.matches.bam
stacks_littlem_3_bigm_9_n10_nis1morethanM_sample63/sample63.matches.bam
stacks_littlem_3_bigm_9_n10_nis1morethanM_sample34/sample34.matches.tsv.gz
stacks_littlem_3_bigm_9_n10_nis1morethanM_sample41/sample41.matches.tsv.gz
stacks_littlem_3_bigm_9_n10_nis1morethanM_sample22/sample22.matches.tsv.gz
stacks_littlem_3_bigm_9_n10_nis1morethanM_sample34/sample34.matches.bam
stacks_littlem_3_bigm_9_n10_nis1morethanM_sample78/sample78.matches.bam
stacks_littlem_3_bigm_9_n10_nis1morethanM_sample22/sample22.matches.bam
stacks_littlem_3_bigm_9_n10_nis1morethanM_sample40/sample40.matches.tsv.gz
stacks_littlem_3_bigm_9_n10_nis1morethanM_sample85/sample85.matches.tsv.gz
stacks_littlem_3_bigm_9_n10_nis1morethanM_sample95/sample95.matches.tsv.gz
stacks_littlem_3_bigm_9_n10_nis1morethanM_sample14/sample14.matches.tsv.gz
stacks_littlem_3_bigm_9_n10_nis1morethanM_sample95/sample95.matches.bam
stacks_littlem_3_bigm_9_n10_nis1morethanM_sample65/sample65.matches.tsv.gz
stacks_littlem_3_bigm_9_n10_nis1morethanM_sample69/sample69.matches.tsv.gz
stacks_littlem_3_bigm_9_n10_nis1morethanM_sample16/sample16.matches.bam
stacks_littlem_3_bigm_9_n10_nis1morethanM_sample69/sample69.matches.bam
stacks_littlem_3_bigm_9_n10_nis1morethanM_sample58/sample58.matches.tsv.gz
stacks_littlem_3_bigm_9_n10_nis1morethanM_sample2/sample2.matches.tsv.gz
stacks_littlem_3_bigm_9_n10_nis1morethanM_sample80/sample80.matches.bam
stacks_littlem_3_bigm_9_n10_nis1morethanM_sample2/sample2.matches.bam
stacks_littlem_3_bigm_9_n10_nis1morethanM_sample6/sample6.matches.bam
stacks_littlem_3_bigm_9_n10_nis1morethanM_sample85/sample85.matches.bam
stacks_littlem_3_bigm_9_n10_nis1morethanM_sample41/sample41.matches.bam
stacks_littlem_3_bigm_9_n10_nis1morethanM_sample3/sample3.matches.tsv.gz
stacks_littlem_3_bigm_9_n10_nis1morethanM_sample93/sample93_tsv2bam.log
stacks_littlem_3_bigm_9_n10_nis1morethanM_sample40/sample40.matches.bam
stacks_littlem_3_bigm_9_n10_nis1morethanM_sample65/sample65.matches.bam
stacks_littlem_3_bigm_9_n10_nis1morethanM_sample25/sample25.matches.tsv.gz
stacks_littlem_3_bigm_9_n10_nis1morethanM_sample14/sample14.matches.bam
stacks_littlem_3_bigm_9_n10_nis1morethanM_sample49/sample49.matches.tsv.gz
stacks_littlem_3_bigm_9_n10_nis1morethanM_sample10/sample10.matches.tsv.gz
stacks_littlem_3_bigm_9_n10_nis1morethanM_sample58/sample58.matches.bam
stacks_littlem_3_bigm_9_n10_nis1morethanM_sample7/sample7.matches.tsv.gz
stacks_littlem_3_bigm_9_n10_nis1morethanM_sample10/sample10.matches.bam
stacks_littlem_3_bigm_9_n10_nis1morethanM_sample59/sample59.matches.tsv.gz
stacks_littlem_3_bigm_9_n10_nis1morethanM_sample36/sample36.matches.tsv.gz
stacks_littlem_3_bigm_9_n10_nis1morethanM_sample3/sample3.matches.bam
stacks_littlem_3_bigm_9_n10_nis1morethanM_sample51/sample51_tsv2bam.log
stacks_littlem_3_bigm_9_n10_nis1morethanM_sample36/sample36.matches.bam
stacks_littlem_3_bigm_9_n10_nis1morethanM_sample27/sample27.matches.tsv.gz
stacks_littlem_3_bigm_9_n10_nis1morethanM_sample25/sample25.matches.bam
stacks_littlem_3_bigm_9_n10_nis1morethanM_sample35/sample35.matches.tsv.gz
stacks_littlem_3_bigm_9_n10_nis1morethanM_sample7/sample7.matches.bam
stacks_littlem_3_bigm_9_n10_nis1morethanM_sample56/sample56.matches.tsv.gz
stacks_littlem_3_bigm_9_n10_nis1morethanM_sample21/sample21.matches.tsv.gz
stacks_littlem_3_bigm_9_n10_nis1morethanM_sample23/sample23.matches.tsv.gz
stacks_littlem_3_bigm_9_n10_nis1morethanM_sample49/sample49.matches.bam
stacks_littlem_3_bigm_9_n10_nis1morethanM_sample27/sample27.matches.bam
stacks_littlem_3_bigm_9_n10_nis1morethanM_sample35/sample35.matches.bam
stacks_littlem_3_bigm_9_n10_nis1morethanM_sample84/sample84.matches.tsv.gz
stacks_littlem_3_bigm_9_n10_nis1morethanM_sample30/sample30.matches.tsv.gz
stacks_littlem_3_bigm_9_n10_nis1morethanM_sample86/sample86.matches.tsv.gz
stacks_littlem_3_bigm_9_n10_nis1morethanM_sample61/sample61.matches.tsv.gz
stacks_littlem_3_bigm_9_n10_nis1morethanM_sample59/sample59.matches.bam
stacks_littlem_3_bigm_9_n10_nis1morethanM_sample67/sample67.matches.tsv.gz
stacks_littlem_3_bigm_9_n10_nis1morethanM_sample94/sample94.matches.tsv.gz
stacks_littlem_3_bigm_9_n10_nis1morethanM_sample56/sample56.matches.bam
stacks_littlem_3_bigm_9_n10_nis1morethanM_sample21/sample21.matches.bam
stacks_littlem_3_bigm_9_n10_nis1morethanM_sample38/sample38.matches.tsv.gz
stacks_littlem_3_bigm_9_n10_nis1morethanM_sample23/sample23.matches.bam
stacks_littlem_3_bigm_9_n10_nis1morethanM_sample84/sample84.matches.bam
stacks_littlem_3_bigm_9_n10_nis1morethanM_sample62/sample62.matches.tsv.gz
stacks_littlem_3_bigm_9_n10_nis1morethanM_sample86/sample86.matches.bam
stacks_littlem_3_bigm_9_n10_nis1morethanM_sample62/sample62.matches.bam
stacks_littlem_3_bigm_9_n10_nis1morethanM_sample30/sample30.matches.bam
stacks_littlem_3_bigm_9_n10_nis1morethanM_sample38/sample38.matches.bam
stacks_littlem_3_bigm_9_n10_nis1morethanM_sample68/sample68.matches.tsv.gz
stacks_littlem_3_bigm_9_n10_nis1morethanM_sample1/sample1.matches.tsv.gz
stacks_littlem_3_bigm_9_n10_nis1morethanM_sample71/sample71.matches.tsv.gz
stacks_littlem_3_bigm_9_n10_nis1morethanM_sample61/sample61.matches.bam
stacks_littlem_3_bigm_9_n10_nis1morethanM_sample68/sample68.matches.bam
stacks_littlem_3_bigm_9_n10_nis1morethanM_sample71/sample71.matches.bam
stacks_littlem_3_bigm_9_n10_nis1morethanM_sample94/sample94.matches.bam
stacks_littlem_3_bigm_9_n10_nis1morethanM_sample67/sample67.matches.bam
stacks_littlem_3_bigm_9_n10_nis1morethanM_sample60/sample60.matches.tsv.gz
stacks_littlem_3_bigm_9_n10_nis1morethanM_sample15/sample15.matches.tsv.gz
stacks_littlem_3_bigm_9_n10_nis1morethanM_sample72/sample72.matches.tsv.gz
stacks_littlem_3_bigm_9_n10_nis1morethanM_sample72/sample72.matches.bam
stacks_littlem_3_bigm_9_n10_nis1morethanM_sample26/sample26.matches.tsv.gz
stacks_littlem_3_bigm_9_n10_nis1morethanM_sample55/sample55.matches.tsv.gz
stacks_littlem_3_bigm_9_n10_nis1morethanM_sample55/sample55.matches.bam
stacks_littlem_3_bigm_9_n10_nis1morethanM_sample76/sample76.matches.tsv.gz
stacks_littlem_3_bigm_9_n10_nis1morethanM_sample1/sample1.matches.bam
stacks_littlem_3_bigm_9_n10_nis1morethanM_sample57/sample57.matches.tsv.gz
stacks_littlem_3_bigm_9_n10_nis1morethanM_sample60/sample60.matches.bam
stacks_littlem_3_bigm_9_n10_nis1morethanM_sample15/sample15.matches.bam
stacks_littlem_3_bigm_9_n10_nis1morethanM_sample26/sample26.matches.bam
stacks_littlem_3_bigm_9_n10_nis1morethanM_sample76/sample76.matches.bam
stacks_littlem_3_bigm_9_n10_nis1morethanM_sample39/sample39.matches.tsv.gz
stacks_littlem_3_bigm_9_n10_nis1morethanM_sample81/sample81.matches.tsv.gz
stacks_littlem_3_bigm_9_n10_nis1morethanM_sample48/sample48.matches.tsv.gz
stacks_littlem_3_bigm_9_n10_nis1morethanM_sample48/sample48.matches.bam
stacks_littlem_3_bigm_9_n10_nis1morethanM_sample57/sample57.matches.bam
stacks_littlem_3_bigm_9_n10_nis1morethanM_sample83/sample83.matches.tsv.gz
stacks_littlem_3_bigm_9_n10_nis1morethanM_sample31/sample31.matches.tsv.gz
stacks_littlem_3_bigm_9_n10_nis1morethanM_sample39/sample39.matches.bam
stacks_littlem_3_bigm_9_n10_nis1morethanM_sample81/sample81.matches.bam
stacks_littlem_3_bigm_9_n10_nis1morethanM_sample75/sample75.matches.tsv.gz
stacks_littlem_3_bigm_9_n10_nis1morethanM_sample87/sample87.matches.tsv.gz
stacks_littlem_3_bigm_9_n10_nis1morethanM_sample5/sample5.matches.tsv.gz
stacks_littlem_3_bigm_9_n10_nis1morethanM_sample83/sample83.matches.bam
stacks_littlem_3_bigm_9_n10_nis1morethanM_sample74/sample74.matches.tsv.gz
stacks_littlem_3_bigm_9_n10_nis1morethanM_sample54/sample54_tsv2bam.log
stacks_littlem_3_bigm_9_n10_nis1morethanM_sample75/sample75.matches.bam
stacks_littlem_3_bigm_9_n10_nis1morethanM_sample28/sample28.matches.tsv.gz
stacks_littlem_3_bigm_9_n10_nis1morethanM_sample28/sample28.matches.bam
stacks_littlem_3_bigm_9_n10_nis1morethanM_sample31/sample31.matches.bam
stacks_littlem_3_bigm_9_n10_nis1morethanM_sample87/sample87.matches.bam
stacks_littlem_3_bigm_9_n10_nis1morethanM_sample74/sample74.matches.bam
stacks_littlem_3_bigm_9_n10_nis1morethanM_sample5/sample5.matches.bam
stacks_littlem_3_bigm_9_n10_nis1morethanM_sample90/sample90.matches.tsv.gz
stacks_littlem_3_bigm_9_n10_nis1morethanM_sample77/sample77.matches.tsv.gz
stacks_littlem_3_bigm_9_n10_nis1morethanM_sample92/sample92.matches.tsv.gz
stacks_littlem_3_bigm_9_n10_nis1morethanM_sample92/sample92.matches.bam
stacks_littlem_3_bigm_9_n10_nis1morethanM_sample96/sample96.matches.tsv.gz
stacks_littlem_3_bigm_9_n10_nis1morethanM_sample90/sample90.matches.bam
stacks_littlem_3_bigm_9_n10_nis1morethanM_sample77/sample77.matches.bam
stacks_littlem_3_bigm_9_n10_nis1morethanM_sample96/sample96.matches.bam
stacks_littlem_3_bigm_9_n10_nis1morethanM_sample88/sample88.matches.tsv.gz
stacks_littlem_3_bigm_9_n10_nis1morethanM_sample88/sample88.matches.bam
stacks_littlem_3_bigm_9_n10_nis1morethanM_sample37/sample37_tsv2bam.log
stacks_littlem_3_bigm_9_n10_nis1morethanM_sample29/sample29_tsv2bam.log
stacks_littlem_3_bigm_9_n10_nis1morethanM_sample42/sample42_tsv2bam.log
stacks_littlem_3_bigm_9_n10_nis1morethanM_sample11/sample11_tsv2bam.log
stacks_littlem_3_bigm_9_n10_nis1morethanM_sample47/sample47_tsv2bam.log
stacks_littlem_3_bigm_9_n10_nis1morethanM_sample64/sample64_tsv2bam.log
stacks_littlem_3_bigm_9_n10_nis1morethanM_sample32/sample32_tsv2bam.log
stacks_littlem_3_bigm_9_n10_nis1morethanM_sample99/sample99_tsv2bam.log
stacks_littlem_3_bigm_9_n10_nis1morethanM_sample79/sample79_tsv2bam.log
stacks_littlem_3_bigm_9_n10_nis1morethanM_sample19/sample19_tsv2bam.log
stacks_littlem_3_bigm_9_n10_nis1morethanM_sample73/sample73_tsv2bam.log
stacks_littlem_3_bigm_9_n10_nis1morethanM_sample9/sample9_tsv2bam.log
stacks_littlem_3_bigm_9_n10_nis1morethanM_sample91/sample91_tsv2bam.log
stacks_littlem_3_bigm_9_n10_nis1morethanM_sample38/sample38_tsv2bam.log
stacks_littlem_3_bigm_9_n10_nis1morethanM_sample70/sample70_tsv2bam.log
stacks_littlem_3_bigm_9_n10_nis1morethanM_sample21/sample21_tsv2bam.log
stacks_littlem_3_bigm_9_n10_nis1morethanM_sample6/sample6_tsv2bam.log
stacks_littlem_3_bigm_9_n10_nis1morethanM_sample89/sample89_tsv2bam.log
stacks_littlem_3_bigm_9_n10_nis1morethanM_sample33/sample33_tsv2bam.log
stacks_littlem_3_bigm_9_n10_nis1morethanM_sample12/sample12_tsv2bam.log
stacks_littlem_3_bigm_9_n10_nis1morethanM_sample53/sample53_tsv2bam.log
stacks_littlem_3_bigm_9_n10_nis1morethanM_sample24/sample24_tsv2bam.log
stacks_littlem_3_bigm_9_n10_nis1morethanM_sample67/sample67_tsv2bam.log
stacks_littlem_3_bigm_9_n10_nis1morethanM_sample97/sample97_tsv2bam.log
stacks_littlem_3_bigm_9_n10_nis1morethanM_sample50/sample50_tsv2bam.log
stacks_littlem_3_bigm_9_n10_nis1morethanM_sample66/sample66_tsv2bam.log
stacks_littlem_3_bigm_9_n10_nis1morethanM_sample18/sample18_tsv2bam.log
stacks_littlem_3_bigm_9_n10_nis1morethanM_sample34/sample34_tsv2bam.log
stacks_littlem_3_bigm_9_n10_nis1morethanM_sample82/sample82_tsv2bam.log
stacks_littlem_3_bigm_9_n10_nis1morethanM_sample10/sample10_tsv2bam.log
stacks_littlem_3_bigm_9_n10_nis1morethanM_sample16/sample16_tsv2bam.log
stacks_littlem_3_bigm_9_n10_nis1morethanM_sample78/sample78_tsv2bam.log
stacks_littlem_3_bigm_9_n10_nis1morethanM_sample98/sample98_tsv2bam.log
stacks_littlem_3_bigm_9_n10_nis1morethanM_sample13/sample13_tsv2bam.log
stacks_littlem_3_bigm_9_n10_nis1morethanM_sample2/sample2_tsv2bam.log
stacks_littlem_3_bigm_9_n10_nis1morethanM_sample30/sample30_tsv2bam.log
stacks_littlem_3_bigm_9_n10_nis1morethanM_sample86/sample86_tsv2bam.log
stacks_littlem_3_bigm_9_n10_nis1morethanM_sample92/sample92_tsv2bam.log
stacks_littlem_3_bigm_9_n10_nis1morethanM_sample85/sample85_tsv2bam.log
stacks_littlem_3_bigm_9_n10_nis1morethanM_sample52/sample52_tsv2bam.log
stacks_littlem_3_bigm_9_n10_nis1morethanM_sample63/sample63_tsv2bam.log
stacks_littlem_3_bigm_9_n10_nis1morethanM_sample25/sample25_tsv2bam.log
stacks_littlem_3_bigm_9_n10_nis1morethanM_sample28/sample28_tsv2bam.log
stacks_littlem_3_bigm_9_n10_nis1morethanM_sample8/sample8_tsv2bam.log
stacks_littlem_3_bigm_9_n10_nis1morethanM_sample95/sample95_tsv2bam.log
stacks_littlem_3_bigm_9_n10_nis1morethanM_sample3/sample3_tsv2bam.log
stacks_littlem_3_bigm_9_n10_nis1morethanM_sample84/sample84_tsv2bam.log
stacks_littlem_3_bigm_9_n10_nis1morethanM_sample22/sample22_tsv2bam.log
stacks_littlem_3_bigm_9_n10_nis1morethanM_sample48/sample48_tsv2bam.log
stacks_littlem_3_bigm_9_n10_nis1morethanM_sample40/sample40_tsv2bam.log
stacks_littlem_3_bigm_9_n10_nis1morethanM_sample27/sample27_tsv2bam.log
stacks_littlem_3_bigm_9_n10_nis1morethanM_sample62/sample62_tsv2bam.log
stacks_littlem_3_bigm_9_n10_nis1morethanM_sample56/sample56_tsv2bam.log
stacks_littlem_3_bigm_9_n10_nis1morethanM_sample36/sample36_tsv2bam.log
stacks_littlem_3_bigm_9_n10_nis1morethanM_sample7/sample7_tsv2bam.log
stacks_littlem_3_bigm_9_n10_nis1morethanM_sample71/sample71_tsv2bam.log
stacks_littlem_3_bigm_9_n10_nis1morethanM_sample43/sample43_tsv2bam.log
stacks_littlem_3_bigm_9_n10_nis1morethanM_sample58/sample58_tsv2bam.log
stacks_littlem_3_bigm_9_n10_nis1morethanM_sample87/sample87_tsv2bam.log
stacks_littlem_3_bigm_9_n10_nis1morethanM_sample35/sample35_tsv2bam.log
stacks_littlem_3_bigm_9_n10_nis1morethanM_sample60/sample60_tsv2bam.log
stacks_littlem_3_bigm_9_n10_nis1morethanM_sample65/sample65_tsv2bam.log
stacks_littlem_3_bigm_9_n10_nis1morethanM_sample49/sample49_tsv2bam.log
stacks_littlem_3_bigm_9_n10_nis1morethanM_sample94/sample94_tsv2bam.log
stacks_littlem_3_bigm_9_n10_nis1morethanM_sample68/sample68_tsv2bam.log
stacks_littlem_3_bigm_9_n10_nis1morethanM_sample74/sample74_tsv2bam.log
stacks_littlem_3_bigm_9_n10_nis1morethanM_sample76/sample76_tsv2bam.log
stacks_littlem_3_bigm_9_n10_nis1morethanM_sample55/sample55_tsv2bam.log
stacks_littlem_3_bigm_9_n10_nis1morethanM_sample72/sample72_tsv2bam.log
stacks_littlem_3_bigm_9_n10_nis1morethanM_sample1/sample1_tsv2bam.log
stacks_littlem_3_bigm_9_n10_nis1morethanM_sample81/sample81_tsv2bam.log
stacks_littlem_3_bigm_9_n10_nis1morethanM_sample83/sample83_tsv2bam.log
stacks_littlem_3_bigm_9_n10_nis1morethanM_sample41/sample41_tsv2bam.log
stacks_littlem_3_bigm_9_n10_nis1morethanM_sample96/sample96_tsv2bam.log
stacks_littlem_3_bigm_9_n10_nis1morethanM_sample23/sample23_tsv2bam.log
stacks_littlem_3_bigm_9_n10_nis1morethanM_sample26/sample26_tsv2bam.log
stacks_littlem_3_bigm_9_n10_nis1morethanM_sample59/sample59_tsv2bam.log
stacks_littlem_3_bigm_9_n10_nis1morethanM_sample69/sample69_tsv2bam.log
stacks_littlem_3_bigm_9_n10_nis1morethanM_sample75/sample75_tsv2bam.log
stacks_littlem_3_bigm_9_n10_nis1morethanM_sample57/sample57_tsv2bam.log
stacks_littlem_3_bigm_9_n10_nis1morethanM_sample77/sample77_tsv2bam.log
stacks_littlem_3_bigm_9_n10_nis1morethanM_sample88/sample88_tsv2bam.log
stacks_littlem_3_bigm_9_n10_nis1morethanM_sample15/sample15_tsv2bam.log
stacks_littlem_3_bigm_9_n10_nis1morethanM_sample80/sample80_tsv2bam.log
stacks_littlem_3_bigm_9_n10_nis1morethanM_sample90/sample90_tsv2bam.log
stacks_littlem_3_bigm_9_n10_nis1morethanM_sample14/sample14_tsv2bam.log
stacks_littlem_3_bigm_9_n10_nis1morethanM_sample61/sample61_tsv2bam.log
stacks_littlem_3_bigm_9_n10_nis1morethanM_sample5/sample5_tsv2bam.log
stacks_littlem_3_bigm_9_n10_nis1morethanM_sample39/sample39_tsv2bam.log
stacks_littlem_3_bigm_9_n10_nis1morethanM_sample31/sample31_tsv2bam.log
Logging to '/tmp/local/20899663/bioprj_PRJDB7819_Zenarchopterus-dunckeri/stacks_littlem_3_bigm_9_n10_nis1morethanM/gstacks.log'.
Locus/sample distributions will be written to '/tmp/local/20899663/bioprj_PRJDB7819_Zenarchopterus-dunckeri/stacks_littlem_3_bigm_9_n10_nis1morethanM/gstacks.log.distribs'.

Configuration for this run:
  Input mode: denovo
  Population map: '/tmp/local/20899663/bioprj_PRJDB7819_Zenarchopterus-dunckeri/stacks_littlem_3_bigm_9_n10_nis1morethanM/popmap'
  Input files: 100, e.g. '/tmp/local/20899663/bioprj_PRJDB7819_Zenarchopterus-dunckeri/stacks_littlem_3_bigm_9_n10_nis1morethanM/sample0.matches.bam'
  Output to: '/tmp/local/20899663/bioprj_PRJDB7819_Zenarchopterus-dunckeri/stacks_littlem_3_bigm_9_n10_nis1morethanM/'
  Model: marukilow (var_alpha: 0.01, gt_alpha: 0.05)

Reading BAM headers...
Processing all loci...
1%...
2%...
5%...
10%...
20%...
50%...
100%
Input appears to be single-end (no paired-end reads were seen).

Genotyped 253127 loci:
  effective per-sample coverage: mean=18.0x, stdev=1.8x, min=14.6x, max=22.1x
  mean number of sites per locus: 100.6
  a consistent phasing was found for 102510 of out 136727 (75.0%) diploid loci needing phasing

gstacks is done.
stacks_littlem_3_bigm_9_n10_nis1morethanM/
stacks_littlem_3_bigm_9_n10_nis1morethanM/sample36.alleles.tsv.gz
stacks_littlem_3_bigm_9_n10_nis1morethanM/sample36.snps.tsv.gz
stacks_littlem_3_bigm_9_n10_nis1morethanM/sample36.tags.tsv.gz
stacks_littlem_3_bigm_9_n10_nis1morethanM/sample36.matches.tsv.gz
stacks_littlem_3_bigm_9_n10_nis1morethanM/sample36.matches.bam
stacks_littlem_3_bigm_9_n10_nis1morethanM/sample36_tsv2bam.log
stacks_littlem_3_bigm_9_n10_nis1morethanM/sample27.alleles.tsv.gz
stacks_littlem_3_bigm_9_n10_nis1morethanM/sample27.snps.tsv.gz
stacks_littlem_3_bigm_9_n10_nis1morethanM/sample27.tags.tsv.gz
stacks_littlem_3_bigm_9_n10_nis1morethanM/sample27.matches.tsv.gz
stacks_littlem_3_bigm_9_n10_nis1morethanM/sample27.matches.bam
stacks_littlem_3_bigm_9_n10_nis1morethanM/sample27_tsv2bam.log
stacks_littlem_3_bigm_9_n10_nis1morethanM/sample2.alleles.tsv.gz
stacks_littlem_3_bigm_9_n10_nis1morethanM/sample2.snps.tsv.gz
stacks_littlem_3_bigm_9_n10_nis1morethanM/sample2.tags.tsv.gz
stacks_littlem_3_bigm_9_n10_nis1morethanM/sample2.matches.tsv.gz
stacks_littlem_3_bigm_9_n10_nis1morethanM/sample2.matches.bam
stacks_littlem_3_bigm_9_n10_nis1morethanM/sample2_tsv2bam.log
stacks_littlem_3_bigm_9_n10_nis1morethanM/sample37.alleles.tsv.gz
stacks_littlem_3_bigm_9_n10_nis1morethanM/sample37.snps.tsv.gz
stacks_littlem_3_bigm_9_n10_nis1morethanM/sample37.tags.tsv.gz
stacks_littlem_3_bigm_9_n10_nis1morethanM/sample37.matches.tsv.gz
stacks_littlem_3_bigm_9_n10_nis1morethanM/sample37.matches.bam
stacks_littlem_3_bigm_9_n10_nis1morethanM/sample37_tsv2bam.log
stacks_littlem_3_bigm_9_n10_nis1morethanM/sample34.alleles.tsv.gz
stacks_littlem_3_bigm_9_n10_nis1morethanM/sample34.snps.tsv.gz
stacks_littlem_3_bigm_9_n10_nis1morethanM/sample34.tags.tsv.gz
stacks_littlem_3_bigm_9_n10_nis1morethanM/sample34.matches.tsv.gz
stacks_littlem_3_bigm_9_n10_nis1morethanM/sample34.matches.bam
stacks_littlem_3_bigm_9_n10_nis1morethanM/sample34_tsv2bam.log
stacks_littlem_3_bigm_9_n10_nis1morethanM/sample45.alleles.tsv.gz
stacks_littlem_3_bigm_9_n10_nis1morethanM/sample45.snps.tsv.gz
stacks_littlem_3_bigm_9_n10_nis1morethanM/sample45.tags.tsv.gz
stacks_littlem_3_bigm_9_n10_nis1morethanM/sample45.matches.tsv.gz
stacks_littlem_3_bigm_9_n10_nis1morethanM/sample45.matches.bam
stacks_littlem_3_bigm_9_n10_nis1morethanM/sample45_tsv2bam.log
stacks_littlem_3_bigm_9_n10_nis1morethanM/sample0.alleles.tsv.gz
stacks_littlem_3_bigm_9_n10_nis1morethanM/sample0.snps.tsv.gz
stacks_littlem_3_bigm_9_n10_nis1morethanM/sample0.tags.tsv.gz
stacks_littlem_3_bigm_9_n10_nis1morethanM/sample0.matches.tsv.gz
stacks_littlem_3_bigm_9_n10_nis1morethanM/sample0.matches.bam
stacks_littlem_3_bigm_9_n10_nis1morethanM/sample0_tsv2bam.log
stacks_littlem_3_bigm_9_n10_nis1morethanM/sample38.alleles.tsv.gz
stacks_littlem_3_bigm_9_n10_nis1morethanM/sample38.snps.tsv.gz
stacks_littlem_3_bigm_9_n10_nis1morethanM/sample38.tags.tsv.gz
stacks_littlem_3_bigm_9_n10_nis1morethanM/sample38.matches.tsv.gz
stacks_littlem_3_bigm_9_n10_nis1morethanM/sample38.matches.bam
stacks_littlem_3_bigm_9_n10_nis1morethanM/sample38_tsv2bam.log
stacks_littlem_3_bigm_9_n10_nis1morethanM/sample49.alleles.tsv.gz
stacks_littlem_3_bigm_9_n10_nis1morethanM/sample49.snps.tsv.gz
stacks_littlem_3_bigm_9_n10_nis1morethanM/sample49.tags.tsv.gz
stacks_littlem_3_bigm_9_n10_nis1morethanM/sample49.matches.tsv.gz
stacks_littlem_3_bigm_9_n10_nis1morethanM/sample49.matches.bam
stacks_littlem_3_bigm_9_n10_nis1morethanM/sample49_tsv2bam.log
stacks_littlem_3_bigm_9_n10_nis1morethanM/sample33.alleles.tsv.gz
stacks_littlem_3_bigm_9_n10_nis1morethanM/sample33.snps.tsv.gz
stacks_littlem_3_bigm_9_n10_nis1morethanM/sample33.tags.tsv.gz
stacks_littlem_3_bigm_9_n10_nis1morethanM/sample33.matches.tsv.gz
stacks_littlem_3_bigm_9_n10_nis1morethanM/sample33.matches.bam
stacks_littlem_3_bigm_9_n10_nis1morethanM/sample33_tsv2bam.log
stacks_littlem_3_bigm_9_n10_nis1morethanM/sample25.alleles.tsv.gz
stacks_littlem_3_bigm_9_n10_nis1morethanM/sample25.snps.tsv.gz
stacks_littlem_3_bigm_9_n10_nis1morethanM/sample25.tags.tsv.gz
stacks_littlem_3_bigm_9_n10_nis1morethanM/sample25.matches.tsv.gz
stacks_littlem_3_bigm_9_n10_nis1morethanM/sample25.matches.bam
stacks_littlem_3_bigm_9_n10_nis1morethanM/sample25_tsv2bam.log
stacks_littlem_3_bigm_9_n10_nis1morethanM/sample64.alleles.tsv.gz
stacks_littlem_3_bigm_9_n10_nis1morethanM/sample64.snps.tsv.gz
stacks_littlem_3_bigm_9_n10_nis1morethanM/sample64.tags.tsv.gz
stacks_littlem_3_bigm_9_n10_nis1morethanM/sample64.matches.tsv.gz
stacks_littlem_3_bigm_9_n10_nis1morethanM/sample64.matches.bam
stacks_littlem_3_bigm_9_n10_nis1morethanM/sample64_tsv2bam.log
stacks_littlem_3_bigm_9_n10_nis1morethanM/sample22.alleles.tsv.gz
stacks_littlem_3_bigm_9_n10_nis1morethanM/sample22.snps.tsv.gz
stacks_littlem_3_bigm_9_n10_nis1morethanM/sample22.tags.tsv.gz
stacks_littlem_3_bigm_9_n10_nis1morethanM/sample22.matches.tsv.gz
stacks_littlem_3_bigm_9_n10_nis1morethanM/sample22.matches.bam
stacks_littlem_3_bigm_9_n10_nis1morethanM/sample22_tsv2bam.log
stacks_littlem_3_bigm_9_n10_nis1morethanM/sample62.alleles.tsv.gz
stacks_littlem_3_bigm_9_n10_nis1morethanM/sample62.snps.tsv.gz
stacks_littlem_3_bigm_9_n10_nis1morethanM/sample62.tags.tsv.gz
stacks_littlem_3_bigm_9_n10_nis1morethanM/sample62.matches.tsv.gz
stacks_littlem_3_bigm_9_n10_nis1morethanM/sample62.matches.bam
stacks_littlem_3_bigm_9_n10_nis1morethanM/sample62_tsv2bam.log
stacks_littlem_3_bigm_9_n10_nis1morethanM/sample3.alleles.tsv.gz
stacks_littlem_3_bigm_9_n10_nis1morethanM/sample3.snps.tsv.gz
stacks_littlem_3_bigm_9_n10_nis1morethanM/sample3.tags.tsv.gz
stacks_littlem_3_bigm_9_n10_nis1morethanM/sample3.matches.tsv.gz
stacks_littlem_3_bigm_9_n10_nis1morethanM/sample3.matches.bam
stacks_littlem_3_bigm_9_n10_nis1morethanM/sample3_tsv2bam.log
stacks_littlem_3_bigm_9_n10_nis1morethanM/sample4.alleles.tsv.gz
stacks_littlem_3_bigm_9_n10_nis1morethanM/sample4.snps.tsv.gz
stacks_littlem_3_bigm_9_n10_nis1morethanM/sample4.tags.tsv.gz
stacks_littlem_3_bigm_9_n10_nis1morethanM/sample4.matches.tsv.gz
stacks_littlem_3_bigm_9_n10_nis1morethanM/sample4.matches.bam
stacks_littlem_3_bigm_9_n10_nis1morethanM/sample4_tsv2bam.log
stacks_littlem_3_bigm_9_n10_nis1morethanM/sample97.alleles.tsv.gz
stacks_littlem_3_bigm_9_n10_nis1morethanM/sample97.snps.tsv.gz
stacks_littlem_3_bigm_9_n10_nis1morethanM/sample97.tags.tsv.gz
stacks_littlem_3_bigm_9_n10_nis1morethanM/sample97.matches.tsv.gz
stacks_littlem_3_bigm_9_n10_nis1morethanM/sample97.matches.bam
stacks_littlem_3_bigm_9_n10_nis1morethanM/sample97_tsv2bam.log
stacks_littlem_3_bigm_9_n10_nis1morethanM/sample24.alleles.tsv.gz
stacks_littlem_3_bigm_9_n10_nis1morethanM/sample24.snps.tsv.gz
stacks_littlem_3_bigm_9_n10_nis1morethanM/sample24.tags.tsv.gz
stacks_littlem_3_bigm_9_n10_nis1morethanM/sample24.matches.tsv.gz
stacks_littlem_3_bigm_9_n10_nis1morethanM/sample24.matches.bam
stacks_littlem_3_bigm_9_n10_nis1morethanM/sample24_tsv2bam.log
stacks_littlem_3_bigm_9_n10_nis1morethanM/sample15.alleles.tsv.gz
stacks_littlem_3_bigm_9_n10_nis1morethanM/sample15.snps.tsv.gz
stacks_littlem_3_bigm_9_n10_nis1morethanM/sample15.tags.tsv.gz
stacks_littlem_3_bigm_9_n10_nis1morethanM/sample15.matches.tsv.gz
stacks_littlem_3_bigm_9_n10_nis1morethanM/sample15.matches.bam
stacks_littlem_3_bigm_9_n10_nis1morethanM/catalog.alleles.tsv.gz
stacks_littlem_3_bigm_9_n10_nis1morethanM/catalog.snps.tsv.gz
stacks_littlem_3_bigm_9_n10_nis1morethanM/sample95.alleles.tsv.gz
stacks_littlem_3_bigm_9_n10_nis1morethanM/sample95.snps.tsv.gz
stacks_littlem_3_bigm_9_n10_nis1morethanM/sample95.tags.tsv.gz
stacks_littlem_3_bigm_9_n10_nis1morethanM/sample95.matches.tsv.gz
stacks_littlem_3_bigm_9_n10_nis1morethanM/sample95.matches.bam
stacks_littlem_3_bigm_9_n10_nis1morethanM/sample95_tsv2bam.log
stacks_littlem_3_bigm_9_n10_nis1morethanM/sample89.alleles.tsv.gz
stacks_littlem_3_bigm_9_n10_nis1morethanM/sample89.snps.tsv.gz
stacks_littlem_3_bigm_9_n10_nis1morethanM/sample89.tags.tsv.gz
stacks_littlem_3_bigm_9_n10_nis1morethanM/sample89.matches.tsv.gz
stacks_littlem_3_bigm_9_n10_nis1morethanM/sample89.matches.bam
stacks_littlem_3_bigm_9_n10_nis1morethanM/sample89_tsv2bam.log
stacks_littlem_3_bigm_9_n10_nis1morethanM/sample29.alleles.tsv.gz
stacks_littlem_3_bigm_9_n10_nis1morethanM/sample29.snps.tsv.gz
stacks_littlem_3_bigm_9_n10_nis1morethanM/sample29.tags.tsv.gz
stacks_littlem_3_bigm_9_n10_nis1morethanM/sample29.matches.tsv.gz
stacks_littlem_3_bigm_9_n10_nis1morethanM/sample29.matches.bam
stacks_littlem_3_bigm_9_n10_nis1morethanM/sample29_tsv2bam.log
stacks_littlem_3_bigm_9_n10_nis1morethanM/sample14.alleles.tsv.gz
stacks_littlem_3_bigm_9_n10_nis1morethanM/sample14.snps.tsv.gz
stacks_littlem_3_bigm_9_n10_nis1morethanM/sample14.tags.tsv.gz
stacks_littlem_3_bigm_9_n10_nis1morethanM/sample14.matches.tsv.gz
stacks_littlem_3_bigm_9_n10_nis1morethanM/sample14.matches.bam
stacks_littlem_3_bigm_9_n10_nis1morethanM/sample14_tsv2bam.log
stacks_littlem_3_bigm_9_n10_nis1morethanM/sample58.alleles.tsv.gz
stacks_littlem_3_bigm_9_n10_nis1morethanM/sample58.snps.tsv.gz
stacks_littlem_3_bigm_9_n10_nis1morethanM/sample58.tags.tsv.gz
stacks_littlem_3_bigm_9_n10_nis1morethanM/sample58.matches.tsv.gz
stacks_littlem_3_bigm_9_n10_nis1morethanM/sample58.matches.bam
stacks_littlem_3_bigm_9_n10_nis1morethanM/sample58_tsv2bam.log
stacks_littlem_3_bigm_9_n10_nis1morethanM/sample16.alleles.tsv.gz
stacks_littlem_3_bigm_9_n10_nis1morethanM/sample16.snps.tsv.gz
stacks_littlem_3_bigm_9_n10_nis1morethanM/sample16.tags.tsv.gz
stacks_littlem_3_bigm_9_n10_nis1morethanM/sample16.matches.tsv.gz
stacks_littlem_3_bigm_9_n10_nis1morethanM/sample16.matches.bam
stacks_littlem_3_bigm_9_n10_nis1morethanM/sample16_tsv2bam.log
stacks_littlem_3_bigm_9_n10_nis1morethanM/sample99.alleles.tsv.gz
stacks_littlem_3_bigm_9_n10_nis1morethanM/sample99.snps.tsv.gz
stacks_littlem_3_bigm_9_n10_nis1morethanM/sample99.tags.tsv.gz
stacks_littlem_3_bigm_9_n10_nis1morethanM/sample99.matches.tsv.gz
stacks_littlem_3_bigm_9_n10_nis1morethanM/sample99.matches.bam
stacks_littlem_3_bigm_9_n10_nis1morethanM/sample99_tsv2bam.log
stacks_littlem_3_bigm_9_n10_nis1morethanM/sample44.alleles.tsv.gz
stacks_littlem_3_bigm_9_n10_nis1morethanM/sample44.snps.tsv.gz
stacks_littlem_3_bigm_9_n10_nis1morethanM/sample44.tags.tsv.gz
stacks_littlem_3_bigm_9_n10_nis1morethanM/sample44.matches.tsv.gz
stacks_littlem_3_bigm_9_n10_nis1morethanM/sample44.matches.bam
stacks_littlem_3_bigm_9_n10_nis1morethanM/sample44_tsv2bam.log
stacks_littlem_3_bigm_9_n10_nis1morethanM/sample32.alleles.tsv.gz
stacks_littlem_3_bigm_9_n10_nis1morethanM/sample32.snps.tsv.gz
stacks_littlem_3_bigm_9_n10_nis1morethanM/sample32.tags.tsv.gz
stacks_littlem_3_bigm_9_n10_nis1morethanM/sample32.matches.tsv.gz
stacks_littlem_3_bigm_9_n10_nis1morethanM/sample32.matches.bam
stacks_littlem_3_bigm_9_n10_nis1morethanM/sample32_tsv2bam.log
stacks_littlem_3_bigm_9_n10_nis1morethanM/sample1.alleles.tsv.gz
stacks_littlem_3_bigm_9_n10_nis1morethanM/sample1.snps.tsv.gz
stacks_littlem_3_bigm_9_n10_nis1morethanM/sample1.tags.tsv.gz
stacks_littlem_3_bigm_9_n10_nis1morethanM/sample1.matches.tsv.gz
stacks_littlem_3_bigm_9_n10_nis1morethanM/sample1.matches.bam
stacks_littlem_3_bigm_9_n10_nis1morethanM/sample1_tsv2bam.log
stacks_littlem_3_bigm_9_n10_nis1morethanM/sample48.alleles.tsv.gz
stacks_littlem_3_bigm_9_n10_nis1morethanM/sample48.snps.tsv.gz
stacks_littlem_3_bigm_9_n10_nis1morethanM/sample48.tags.tsv.gz
stacks_littlem_3_bigm_9_n10_nis1morethanM/sample48.matches.tsv.gz
stacks_littlem_3_bigm_9_n10_nis1morethanM/sample48.matches.bam
stacks_littlem_3_bigm_9_n10_nis1morethanM/sample48_tsv2bam.log
stacks_littlem_3_bigm_9_n10_nis1morethanM/sample59.alleles.tsv.gz
stacks_littlem_3_bigm_9_n10_nis1morethanM/sample59.snps.tsv.gz
stacks_littlem_3_bigm_9_n10_nis1morethanM/sample59.tags.tsv.gz
stacks_littlem_3_bigm_9_n10_nis1morethanM/sample59.matches.tsv.gz
stacks_littlem_3_bigm_9_n10_nis1morethanM/sample59.matches.bam
stacks_littlem_3_bigm_9_n10_nis1morethanM/sample59_tsv2bam.log
stacks_littlem_3_bigm_9_n10_nis1morethanM/sample56.alleles.tsv.gz
stacks_littlem_3_bigm_9_n10_nis1morethanM/sample56.snps.tsv.gz
stacks_littlem_3_bigm_9_n10_nis1morethanM/sample56.tags.tsv.gz
stacks_littlem_3_bigm_9_n10_nis1morethanM/sample56.matches.tsv.gz
stacks_littlem_3_bigm_9_n10_nis1morethanM/sample56.matches.bam
stacks_littlem_3_bigm_9_n10_nis1morethanM/sample56_tsv2bam.log
stacks_littlem_3_bigm_9_n10_nis1morethanM/sample47.alleles.tsv.gz
stacks_littlem_3_bigm_9_n10_nis1morethanM/sample47.snps.tsv.gz
stacks_littlem_3_bigm_9_n10_nis1morethanM/sample47.tags.tsv.gz
stacks_littlem_3_bigm_9_n10_nis1morethanM/sample47.matches.tsv.gz
stacks_littlem_3_bigm_9_n10_nis1morethanM/sample47.matches.bam
stacks_littlem_3_bigm_9_n10_nis1morethanM/sample47_tsv2bam.log
stacks_littlem_3_bigm_9_n10_nis1morethanM/sample57.alleles.tsv.gz
stacks_littlem_3_bigm_9_n10_nis1morethanM/sample57.snps.tsv.gz
stacks_littlem_3_bigm_9_n10_nis1morethanM/sample57.tags.tsv.gz
stacks_littlem_3_bigm_9_n10_nis1morethanM/sample57.matches.tsv.gz
stacks_littlem_3_bigm_9_n10_nis1morethanM/sample57.matches.bam
stacks_littlem_3_bigm_9_n10_nis1morethanM/sample57_tsv2bam.log
stacks_littlem_3_bigm_9_n10_nis1morethanM/sample55.alleles.tsv.gz
stacks_littlem_3_bigm_9_n10_nis1morethanM/sample55.snps.tsv.gz
stacks_littlem_3_bigm_9_n10_nis1morethanM/sample55.tags.tsv.gz
stacks_littlem_3_bigm_9_n10_nis1morethanM/sample55.matches.tsv.gz
stacks_littlem_3_bigm_9_n10_nis1morethanM/sample55.matches.bam
stacks_littlem_3_bigm_9_n10_nis1morethanM/sample55_tsv2bam.log
stacks_littlem_3_bigm_9_n10_nis1morethanM/sample39.alleles.tsv.gz
stacks_littlem_3_bigm_9_n10_nis1morethanM/sample39.snps.tsv.gz
stacks_littlem_3_bigm_9_n10_nis1morethanM/sample39.tags.tsv.gz
stacks_littlem_3_bigm_9_n10_nis1morethanM/sample39.matches.tsv.gz
stacks_littlem_3_bigm_9_n10_nis1morethanM/sample39.matches.bam
stacks_littlem_3_bigm_9_n10_nis1morethanM/sample39_tsv2bam.log
stacks_littlem_3_bigm_9_n10_nis1morethanM/sample5.alleles.tsv.gz
stacks_littlem_3_bigm_9_n10_nis1morethanM/sample5.snps.tsv.gz
stacks_littlem_3_bigm_9_n10_nis1morethanM/sample5.tags.tsv.gz
stacks_littlem_3_bigm_9_n10_nis1morethanM/sample5.matches.tsv.gz
stacks_littlem_3_bigm_9_n10_nis1morethanM/sample5.matches.bam
stacks_littlem_3_bigm_9_n10_nis1morethanM/sample5_tsv2bam.log
stacks_littlem_3_bigm_9_n10_nis1morethanM/sample83.alleles.tsv.gz
stacks_littlem_3_bigm_9_n10_nis1morethanM/sample83.snps.tsv.gz
stacks_littlem_3_bigm_9_n10_nis1morethanM/sample83.tags.tsv.gz
stacks_littlem_3_bigm_9_n10_nis1morethanM/sample83.matches.tsv.gz
stacks_littlem_3_bigm_9_n10_nis1morethanM/sample83.matches.bam
stacks_littlem_3_bigm_9_n10_nis1morethanM/sample83_tsv2bam.log
stacks_littlem_3_bigm_9_n10_nis1morethanM/sample23.alleles.tsv.gz
stacks_littlem_3_bigm_9_n10_nis1morethanM/sample23.snps.tsv.gz
stacks_littlem_3_bigm_9_n10_nis1morethanM/sample15_tsv2bam.log
stacks_littlem_3_bigm_9_n10_nis1morethanM/sample82.alleles.tsv.gz
stacks_littlem_3_bigm_9_n10_nis1morethanM/sample82.snps.tsv.gz
stacks_littlem_3_bigm_9_n10_nis1morethanM/sample82.tags.tsv.gz
stacks_littlem_3_bigm_9_n10_nis1morethanM/sample82.matches.tsv.gz
stacks_littlem_3_bigm_9_n10_nis1morethanM/sample82.matches.bam
stacks_littlem_3_bigm_9_n10_nis1morethanM/sample82_tsv2bam.log
stacks_littlem_3_bigm_9_n10_nis1morethanM/sample21.alleles.tsv.gz
stacks_littlem_3_bigm_9_n10_nis1morethanM/sample21.snps.tsv.gz
stacks_littlem_3_bigm_9_n10_nis1morethanM/sample21.tags.tsv.gz
stacks_littlem_3_bigm_9_n10_nis1morethanM/sample21.matches.tsv.gz
stacks_littlem_3_bigm_9_n10_nis1morethanM/sample21.matches.bam
stacks_littlem_3_bigm_9_n10_nis1morethanM/sample21_tsv2bam.log
stacks_littlem_3_bigm_9_n10_nis1morethanM/sample10.alleles.tsv.gz
stacks_littlem_3_bigm_9_n10_nis1morethanM/sample10.snps.tsv.gz
stacks_littlem_3_bigm_9_n10_nis1morethanM/sample10.tags.tsv.gz
stacks_littlem_3_bigm_9_n10_nis1morethanM/sample10.matches.tsv.gz
stacks_littlem_3_bigm_9_n10_nis1morethanM/sample10.matches.bam
stacks_littlem_3_bigm_9_n10_nis1morethanM/sample10_tsv2bam.log
stacks_littlem_3_bigm_9_n10_nis1morethanM/sample20.alleles.tsv.gz
stacks_littlem_3_bigm_9_n10_nis1morethanM/sample20.snps.tsv.gz
stacks_littlem_3_bigm_9_n10_nis1morethanM/sample20.tags.tsv.gz
stacks_littlem_3_bigm_9_n10_nis1morethanM/sample20.matches.tsv.gz
stacks_littlem_3_bigm_9_n10_nis1morethanM/sample20.matches.bam
stacks_littlem_3_bigm_9_n10_nis1morethanM/sample20_tsv2bam.log
stacks_littlem_3_bigm_9_n10_nis1morethanM/sample12.alleles.tsv.gz
stacks_littlem_3_bigm_9_n10_nis1morethanM/sample12.snps.tsv.gz
stacks_littlem_3_bigm_9_n10_nis1morethanM/sample12.tags.tsv.gz
stacks_littlem_3_bigm_9_n10_nis1morethanM/sample12.matches.tsv.gz
stacks_littlem_3_bigm_9_n10_nis1morethanM/sample12.matches.bam
stacks_littlem_3_bigm_9_n10_nis1morethanM/sample12_tsv2bam.log
stacks_littlem_3_bigm_9_n10_nis1morethanM/sample74.alleles.tsv.gz
stacks_littlem_3_bigm_9_n10_nis1morethanM/sample74.snps.tsv.gz
stacks_littlem_3_bigm_9_n10_nis1morethanM/sample74.tags.tsv.gz
stacks_littlem_3_bigm_9_n10_nis1morethanM/sample74.matches.tsv.gz
stacks_littlem_3_bigm_9_n10_nis1morethanM/sample74.matches.bam
stacks_littlem_3_bigm_9_n10_nis1morethanM/sample74_tsv2bam.log
stacks_littlem_3_bigm_9_n10_nis1morethanM/sample94.alleles.tsv.gz
stacks_littlem_3_bigm_9_n10_nis1morethanM/sample94.snps.tsv.gz
stacks_littlem_3_bigm_9_n10_nis1morethanM/sample94.tags.tsv.gz
stacks_littlem_3_bigm_9_n10_nis1morethanM/sample94.matches.tsv.gz
stacks_littlem_3_bigm_9_n10_nis1morethanM/sample94.matches.bam
stacks_littlem_3_bigm_9_n10_nis1morethanM/sample94_tsv2bam.log
stacks_littlem_3_bigm_9_n10_nis1morethanM/sample50.alleles.tsv.gz
stacks_littlem_3_bigm_9_n10_nis1morethanM/sample50.snps.tsv.gz
stacks_littlem_3_bigm_9_n10_nis1morethanM/sample50.tags.tsv.gz
stacks_littlem_3_bigm_9_n10_nis1morethanM/sample50.matches.tsv.gz
stacks_littlem_3_bigm_9_n10_nis1morethanM/sample50.matches.bam
stacks_littlem_3_bigm_9_n10_nis1morethanM/sample50_tsv2bam.log
stacks_littlem_3_bigm_9_n10_nis1morethanM/sample18.alleles.tsv.gz
stacks_littlem_3_bigm_9_n10_nis1morethanM/sample18.snps.tsv.gz
stacks_littlem_3_bigm_9_n10_nis1morethanM/sample18.tags.tsv.gz
stacks_littlem_3_bigm_9_n10_nis1morethanM/sample18.matches.tsv.gz
stacks_littlem_3_bigm_9_n10_nis1morethanM/sample18.matches.bam
stacks_littlem_3_bigm_9_n10_nis1morethanM/sample18_tsv2bam.log
stacks_littlem_3_bigm_9_n10_nis1morethanM/sample30.alleles.tsv.gz
stacks_littlem_3_bigm_9_n10_nis1morethanM/sample30.snps.tsv.gz
stacks_littlem_3_bigm_9_n10_nis1morethanM/sample30.tags.tsv.gz
stacks_littlem_3_bigm_9_n10_nis1morethanM/sample30.matches.tsv.gz
stacks_littlem_3_bigm_9_n10_nis1morethanM/sample30.matches.bam
stacks_littlem_3_bigm_9_n10_nis1morethanM/sample30_tsv2bam.log
stacks_littlem_3_bigm_9_n10_nis1morethanM/sample46.alleles.tsv.gz
stacks_littlem_3_bigm_9_n10_nis1morethanM/sample46.snps.tsv.gz
stacks_littlem_3_bigm_9_n10_nis1morethanM/sample46.tags.tsv.gz
stacks_littlem_3_bigm_9_n10_nis1morethanM/sample46.matches.tsv.gz
stacks_littlem_3_bigm_9_n10_nis1morethanM/sample46.matches.bam
stacks_littlem_3_bigm_9_n10_nis1morethanM/sample46_tsv2bam.log
stacks_littlem_3_bigm_9_n10_nis1morethanM/sample70.alleles.tsv.gz
stacks_littlem_3_bigm_9_n10_nis1morethanM/sample70.snps.tsv.gz
stacks_littlem_3_bigm_9_n10_nis1morethanM/sample70.tags.tsv.gz
stacks_littlem_3_bigm_9_n10_nis1morethanM/sample70.matches.tsv.gz
stacks_littlem_3_bigm_9_n10_nis1morethanM/sample70.matches.bam
stacks_littlem_3_bigm_9_n10_nis1morethanM/sample70_tsv2bam.log
stacks_littlem_3_bigm_9_n10_nis1morethanM/sample93.alleles.tsv.gz
stacks_littlem_3_bigm_9_n10_nis1morethanM/sample93.snps.tsv.gz
stacks_littlem_3_bigm_9_n10_nis1morethanM/sample93.tags.tsv.gz
stacks_littlem_3_bigm_9_n10_nis1morethanM/sample93.matches.tsv.gz
stacks_littlem_3_bigm_9_n10_nis1morethanM/sample93.matches.bam
stacks_littlem_3_bigm_9_n10_nis1morethanM/sample93_tsv2bam.log
stacks_littlem_3_bigm_9_n10_nis1morethanM/sample13.alleles.tsv.gz
stacks_littlem_3_bigm_9_n10_nis1morethanM/sample13.snps.tsv.gz
stacks_littlem_3_bigm_9_n10_nis1morethanM/sample13.tags.tsv.gz
stacks_littlem_3_bigm_9_n10_nis1morethanM/sample13.matches.tsv.gz
stacks_littlem_3_bigm_9_n10_nis1morethanM/sample13.matches.bam
stacks_littlem_3_bigm_9_n10_nis1morethanM/sample13_tsv2bam.log
stacks_littlem_3_bigm_9_n10_nis1morethanM/sample31.alleles.tsv.gz
stacks_littlem_3_bigm_9_n10_nis1morethanM/sample31.snps.tsv.gz
stacks_littlem_3_bigm_9_n10_nis1morethanM/sample31.tags.tsv.gz
stacks_littlem_3_bigm_9_n10_nis1morethanM/sample31.matches.tsv.gz
stacks_littlem_3_bigm_9_n10_nis1morethanM/sample31.matches.bam
stacks_littlem_3_bigm_9_n10_nis1morethanM/sample31_tsv2bam.log
stacks_littlem_3_bigm_9_n10_nis1morethanM/sample78.alleles.tsv.gz
stacks_littlem_3_bigm_9_n10_nis1morethanM/sample78.snps.tsv.gz
stacks_littlem_3_bigm_9_n10_nis1morethanM/sample78.tags.tsv.gz
stacks_littlem_3_bigm_9_n10_nis1morethanM/sample78.matches.tsv.gz
stacks_littlem_3_bigm_9_n10_nis1morethanM/sample78.matches.bam
stacks_littlem_3_bigm_9_n10_nis1morethanM/sample78_tsv2bam.log
stacks_littlem_3_bigm_9_n10_nis1morethanM/catalog.tags.tsv.gz
stacks_littlem_3_bigm_9_n10_nis1morethanM/sample85.alleles.tsv.gz
stacks_littlem_3_bigm_9_n10_nis1morethanM/sample85.snps.tsv.gz
stacks_littlem_3_bigm_9_n10_nis1morethanM/sample85.tags.tsv.gz
stacks_littlem_3_bigm_9_n10_nis1morethanM/sample85.matches.tsv.gz
stacks_littlem_3_bigm_9_n10_nis1morethanM/sample85.matches.bam
stacks_littlem_3_bigm_9_n10_nis1morethanM/sample85_tsv2bam.log
stacks_littlem_3_bigm_9_n10_nis1morethanM/sample17.alleles.tsv.gz
stacks_littlem_3_bigm_9_n10_nis1morethanM/sample17.snps.tsv.gz
stacks_littlem_3_bigm_9_n10_nis1morethanM/sample17.tags.tsv.gz
stacks_littlem_3_bigm_9_n10_nis1morethanM/sample17.matches.tsv.gz
stacks_littlem_3_bigm_9_n10_nis1morethanM/sample17.matches.bam
stacks_littlem_3_bigm_9_n10_nis1morethanM/sample17_tsv2bam.log
stacks_littlem_3_bigm_9_n10_nis1morethanM/sample35.alleles.tsv.gz
stacks_littlem_3_bigm_9_n10_nis1morethanM/sample35.snps.tsv.gz
stacks_littlem_3_bigm_9_n10_nis1morethanM/sample35.tags.tsv.gz
stacks_littlem_3_bigm_9_n10_nis1morethanM/sample35.matches.tsv.gz
stacks_littlem_3_bigm_9_n10_nis1morethanM/sample35.matches.bam
stacks_littlem_3_bigm_9_n10_nis1morethanM/sample35_tsv2bam.log
stacks_littlem_3_bigm_9_n10_nis1morethanM/sample11.alleles.tsv.gz
stacks_littlem_3_bigm_9_n10_nis1morethanM/sample11.snps.tsv.gz
stacks_littlem_3_bigm_9_n10_nis1morethanM/sample11.tags.tsv.gz
stacks_littlem_3_bigm_9_n10_nis1morethanM/sample11.matches.tsv.gz
stacks_littlem_3_bigm_9_n10_nis1morethanM/sample11.matches.bam
stacks_littlem_3_bigm_9_n10_nis1morethanM/sample11_tsv2bam.log
stacks_littlem_3_bigm_9_n10_nis1morethanM/sample86.alleles.tsv.gz
stacks_littlem_3_bigm_9_n10_nis1morethanM/sample86.snps.tsv.gz
stacks_littlem_3_bigm_9_n10_nis1morethanM/sample86.tags.tsv.gz
stacks_littlem_3_bigm_9_n10_nis1morethanM/sample86.matches.tsv.gz
stacks_littlem_3_bigm_9_n10_nis1morethanM/sample86.matches.bam
stacks_littlem_3_bigm_9_n10_nis1morethanM/sample86_tsv2bam.log
stacks_littlem_3_bigm_9_n10_nis1morethanM/sample87.alleles.tsv.gz
stacks_littlem_3_bigm_9_n10_nis1morethanM/sample87.snps.tsv.gz
stacks_littlem_3_bigm_9_n10_nis1morethanM/sample87.tags.tsv.gz
stacks_littlem_3_bigm_9_n10_nis1morethanM/sample87.matches.tsv.gz
stacks_littlem_3_bigm_9_n10_nis1morethanM/sample87.matches.bam
stacks_littlem_3_bigm_9_n10_nis1morethanM/sample87_tsv2bam.log
stacks_littlem_3_bigm_9_n10_nis1morethanM/sample42.alleles.tsv.gz
stacks_littlem_3_bigm_9_n10_nis1morethanM/sample42.snps.tsv.gz
stacks_littlem_3_bigm_9_n10_nis1morethanM/sample42.tags.tsv.gz
stacks_littlem_3_bigm_9_n10_nis1morethanM/sample42.matches.tsv.gz
stacks_littlem_3_bigm_9_n10_nis1morethanM/sample42.matches.bam
stacks_littlem_3_bigm_9_n10_nis1morethanM/sample42_tsv2bam.log
stacks_littlem_3_bigm_9_n10_nis1morethanM/sample72.alleles.tsv.gz
stacks_littlem_3_bigm_9_n10_nis1morethanM/sample72.snps.tsv.gz
stacks_littlem_3_bigm_9_n10_nis1morethanM/sample72.tags.tsv.gz
stacks_littlem_3_bigm_9_n10_nis1morethanM/sample72.matches.tsv.gz
stacks_littlem_3_bigm_9_n10_nis1morethanM/sample72.matches.bam
stacks_littlem_3_bigm_9_n10_nis1morethanM/sample72_tsv2bam.log
stacks_littlem_3_bigm_9_n10_nis1morethanM/sample19.alleles.tsv.gz
stacks_littlem_3_bigm_9_n10_nis1morethanM/sample19.snps.tsv.gz
stacks_littlem_3_bigm_9_n10_nis1morethanM/sample19.tags.tsv.gz
stacks_littlem_3_bigm_9_n10_nis1morethanM/sample19.matches.tsv.gz
stacks_littlem_3_bigm_9_n10_nis1morethanM/sample19.matches.bam
stacks_littlem_3_bigm_9_n10_nis1morethanM/sample19_tsv2bam.log
stacks_littlem_3_bigm_9_n10_nis1morethanM/sample28.alleles.tsv.gz
stacks_littlem_3_bigm_9_n10_nis1morethanM/sample28.snps.tsv.gz
stacks_littlem_3_bigm_9_n10_nis1morethanM/sample28.tags.tsv.gz
stacks_littlem_3_bigm_9_n10_nis1morethanM/sample28.matches.tsv.gz
stacks_littlem_3_bigm_9_n10_nis1morethanM/sample28.matches.bam
stacks_littlem_3_bigm_9_n10_nis1morethanM/sample28_tsv2bam.log
stacks_littlem_3_bigm_9_n10_nis1morethanM/sample40.alleles.tsv.gz
stacks_littlem_3_bigm_9_n10_nis1morethanM/sample40.snps.tsv.gz
stacks_littlem_3_bigm_9_n10_nis1morethanM/sample40.tags.tsv.gz
stacks_littlem_3_bigm_9_n10_nis1morethanM/sample40.matches.tsv.gz
stacks_littlem_3_bigm_9_n10_nis1morethanM/sample40.matches.bam
stacks_littlem_3_bigm_9_n10_nis1morethanM/sample40_tsv2bam.log
stacks_littlem_3_bigm_9_n10_nis1morethanM/sample23.tags.tsv.gz
stacks_littlem_3_bigm_9_n10_nis1morethanM/sample23.matches.tsv.gz
stacks_littlem_3_bigm_9_n10_nis1morethanM/sample23.matches.bam
stacks_littlem_3_bigm_9_n10_nis1morethanM/sample23_tsv2bam.log
stacks_littlem_3_bigm_9_n10_nis1morethanM/sample69.alleles.tsv.gz
stacks_littlem_3_bigm_9_n10_nis1morethanM/sample69.snps.tsv.gz
stacks_littlem_3_bigm_9_n10_nis1morethanM/sample69.tags.tsv.gz
stacks_littlem_3_bigm_9_n10_nis1morethanM/sample69.matches.tsv.gz
stacks_littlem_3_bigm_9_n10_nis1morethanM/sample69.matches.bam
stacks_littlem_3_bigm_9_n10_nis1morethanM/sample69_tsv2bam.log
stacks_littlem_3_bigm_9_n10_nis1morethanM/sample26.alleles.tsv.gz
stacks_littlem_3_bigm_9_n10_nis1morethanM/sample26.snps.tsv.gz
stacks_littlem_3_bigm_9_n10_nis1morethanM/sample26.tags.tsv.gz
stacks_littlem_3_bigm_9_n10_nis1morethanM/sample26.matches.tsv.gz
stacks_littlem_3_bigm_9_n10_nis1morethanM/sample26.matches.bam
stacks_littlem_3_bigm_9_n10_nis1morethanM/sample26_tsv2bam.log
stacks_littlem_3_bigm_9_n10_nis1morethanM/sample80.alleles.tsv.gz
stacks_littlem_3_bigm_9_n10_nis1morethanM/sample80.snps.tsv.gz
stacks_littlem_3_bigm_9_n10_nis1morethanM/sample80.tags.tsv.gz
stacks_littlem_3_bigm_9_n10_nis1morethanM/sample80.matches.tsv.gz
stacks_littlem_3_bigm_9_n10_nis1morethanM/sample80.matches.bam
stacks_littlem_3_bigm_9_n10_nis1morethanM/sample80_tsv2bam.log
stacks_littlem_3_bigm_9_n10_nis1morethanM/sample76.alleles.tsv.gz
stacks_littlem_3_bigm_9_n10_nis1morethanM/sample76.snps.tsv.gz
stacks_littlem_3_bigm_9_n10_nis1morethanM/sample76.tags.tsv.gz
stacks_littlem_3_bigm_9_n10_nis1morethanM/sample76.matches.tsv.gz
stacks_littlem_3_bigm_9_n10_nis1morethanM/sample76.matches.bam
stacks_littlem_3_bigm_9_n10_nis1morethanM/sample76_tsv2bam.log
stacks_littlem_3_bigm_9_n10_nis1morethanM/sample53.alleles.tsv.gz
stacks_littlem_3_bigm_9_n10_nis1morethanM/sample53.snps.tsv.gz
stacks_littlem_3_bigm_9_n10_nis1morethanM/sample53.tags.tsv.gz
stacks_littlem_3_bigm_9_n10_nis1morethanM/sample53.matches.tsv.gz
stacks_littlem_3_bigm_9_n10_nis1morethanM/sample53.matches.bam
stacks_littlem_3_bigm_9_n10_nis1morethanM/sample53_tsv2bam.log
stacks_littlem_3_bigm_9_n10_nis1morethanM/sample98.alleles.tsv.gz
stacks_littlem_3_bigm_9_n10_nis1morethanM/sample98.snps.tsv.gz
stacks_littlem_3_bigm_9_n10_nis1morethanM/sample98.tags.tsv.gz
stacks_littlem_3_bigm_9_n10_nis1morethanM/sample98.matches.tsv.gz
stacks_littlem_3_bigm_9_n10_nis1morethanM/sample98.matches.bam
stacks_littlem_3_bigm_9_n10_nis1morethanM/sample98_tsv2bam.log
stacks_littlem_3_bigm_9_n10_nis1morethanM/sample63.alleles.tsv.gz
stacks_littlem_3_bigm_9_n10_nis1morethanM/sample63.snps.tsv.gz
stacks_littlem_3_bigm_9_n10_nis1morethanM/sample63.tags.tsv.gz
stacks_littlem_3_bigm_9_n10_nis1morethanM/sample63.matches.tsv.gz
stacks_littlem_3_bigm_9_n10_nis1morethanM/sample63.matches.bam
stacks_littlem_3_bigm_9_n10_nis1morethanM/sample63_tsv2bam.log
stacks_littlem_3_bigm_9_n10_nis1morethanM/sample68.alleles.tsv.gz
stacks_littlem_3_bigm_9_n10_nis1morethanM/sample68.snps.tsv.gz
stacks_littlem_3_bigm_9_n10_nis1morethanM/sample68.tags.tsv.gz
stacks_littlem_3_bigm_9_n10_nis1morethanM/sample68.matches.tsv.gz
stacks_littlem_3_bigm_9_n10_nis1morethanM/sample68.matches.bam
stacks_littlem_3_bigm_9_n10_nis1morethanM/sample68_tsv2bam.log
stacks_littlem_3_bigm_9_n10_nis1morethanM/sample67.alleles.tsv.gz
stacks_littlem_3_bigm_9_n10_nis1morethanM/sample67.snps.tsv.gz
stacks_littlem_3_bigm_9_n10_nis1morethanM/sample67.tags.tsv.gz
stacks_littlem_3_bigm_9_n10_nis1morethanM/sample67.matches.tsv.gz
stacks_littlem_3_bigm_9_n10_nis1morethanM/sample67.matches.bam
stacks_littlem_3_bigm_9_n10_nis1morethanM/sample67_tsv2bam.log
stacks_littlem_3_bigm_9_n10_nis1morethanM/sample65.alleles.tsv.gz
stacks_littlem_3_bigm_9_n10_nis1morethanM/sample65.snps.tsv.gz
stacks_littlem_3_bigm_9_n10_nis1morethanM/sample65.tags.tsv.gz
stacks_littlem_3_bigm_9_n10_nis1morethanM/sample65.matches.tsv.gz
stacks_littlem_3_bigm_9_n10_nis1morethanM/sample65.matches.bam
stacks_littlem_3_bigm_9_n10_nis1morethanM/sample65_tsv2bam.log
stacks_littlem_3_bigm_9_n10_nis1morethanM/sample51.alleles.tsv.gz
stacks_littlem_3_bigm_9_n10_nis1morethanM/sample51.snps.tsv.gz
stacks_littlem_3_bigm_9_n10_nis1morethanM/sample51.tags.tsv.gz
stacks_littlem_3_bigm_9_n10_nis1morethanM/sample51.matches.tsv.gz
stacks_littlem_3_bigm_9_n10_nis1morethanM/sample51.matches.bam
stacks_littlem_3_bigm_9_n10_nis1morethanM/sample51_tsv2bam.log
stacks_littlem_3_bigm_9_n10_nis1morethanM/sample90.alleles.tsv.gz
stacks_littlem_3_bigm_9_n10_nis1morethanM/sample90.snps.tsv.gz
stacks_littlem_3_bigm_9_n10_nis1morethanM/sample90.tags.tsv.gz
stacks_littlem_3_bigm_9_n10_nis1morethanM/sample90.matches.tsv.gz
stacks_littlem_3_bigm_9_n10_nis1morethanM/sample90.matches.bam
stacks_littlem_3_bigm_9_n10_nis1morethanM/sample90_tsv2bam.log
stacks_littlem_3_bigm_9_n10_nis1morethanM/sample91.alleles.tsv.gz
stacks_littlem_3_bigm_9_n10_nis1morethanM/sample91.snps.tsv.gz
stacks_littlem_3_bigm_9_n10_nis1morethanM/sample91.tags.tsv.gz
stacks_littlem_3_bigm_9_n10_nis1morethanM/sample91.matches.tsv.gz
stacks_littlem_3_bigm_9_n10_nis1morethanM/sample91.matches.bam
stacks_littlem_3_bigm_9_n10_nis1morethanM/sample91_tsv2bam.log
stacks_littlem_3_bigm_9_n10_nis1morethanM/sample84.alleles.tsv.gz
stacks_littlem_3_bigm_9_n10_nis1morethanM/sample84.snps.tsv.gz
stacks_littlem_3_bigm_9_n10_nis1morethanM/sample84.tags.tsv.gz
stacks_littlem_3_bigm_9_n10_nis1morethanM/sample84.matches.tsv.gz
stacks_littlem_3_bigm_9_n10_nis1morethanM/sample84.matches.bam
stacks_littlem_3_bigm_9_n10_nis1morethanM/sample84_tsv2bam.log
stacks_littlem_3_bigm_9_n10_nis1morethanM/sample66.alleles.tsv.gz
stacks_littlem_3_bigm_9_n10_nis1morethanM/sample66.snps.tsv.gz
stacks_littlem_3_bigm_9_n10_nis1morethanM/sample66.tags.tsv.gz
stacks_littlem_3_bigm_9_n10_nis1morethanM/sample66.matches.tsv.gz
stacks_littlem_3_bigm_9_n10_nis1morethanM/sample66.matches.bam
stacks_littlem_3_bigm_9_n10_nis1morethanM/sample66_tsv2bam.log
stacks_littlem_3_bigm_9_n10_nis1morethanM/sample8.alleles.tsv.gz
stacks_littlem_3_bigm_9_n10_nis1morethanM/sample8.snps.tsv.gz
stacks_littlem_3_bigm_9_n10_nis1morethanM/sample8.tags.tsv.gz
stacks_littlem_3_bigm_9_n10_nis1morethanM/sample8.matches.tsv.gz
stacks_littlem_3_bigm_9_n10_nis1morethanM/sample8.matches.bam
stacks_littlem_3_bigm_9_n10_nis1morethanM/sample8_tsv2bam.log
stacks_littlem_3_bigm_9_n10_nis1morethanM/sample7.alleles.tsv.gz
stacks_littlem_3_bigm_9_n10_nis1morethanM/sample7.snps.tsv.gz
stacks_littlem_3_bigm_9_n10_nis1morethanM/sample7.tags.tsv.gz
stacks_littlem_3_bigm_9_n10_nis1morethanM/sample7.matches.tsv.gz
stacks_littlem_3_bigm_9_n10_nis1morethanM/sample7.matches.bam
stacks_littlem_3_bigm_9_n10_nis1morethanM/sample7_tsv2bam.log
stacks_littlem_3_bigm_9_n10_nis1morethanM/sample73.alleles.tsv.gz
stacks_littlem_3_bigm_9_n10_nis1morethanM/sample73.snps.tsv.gz
stacks_littlem_3_bigm_9_n10_nis1morethanM/sample73.tags.tsv.gz
stacks_littlem_3_bigm_9_n10_nis1morethanM/sample73.matches.tsv.gz
stacks_littlem_3_bigm_9_n10_nis1morethanM/sample73.matches.bam
stacks_littlem_3_bigm_9_n10_nis1morethanM/sample73_tsv2bam.log
stacks_littlem_3_bigm_9_n10_nis1morethanM/sample79.alleles.tsv.gz
stacks_littlem_3_bigm_9_n10_nis1morethanM/sample79.snps.tsv.gz
stacks_littlem_3_bigm_9_n10_nis1morethanM/sample79.tags.tsv.gz
stacks_littlem_3_bigm_9_n10_nis1morethanM/sample79.matches.tsv.gz
stacks_littlem_3_bigm_9_n10_nis1morethanM/sample79.matches.bam
stacks_littlem_3_bigm_9_n10_nis1morethanM/sample79_tsv2bam.log
stacks_littlem_3_bigm_9_n10_nis1morethanM/sample52.alleles.tsv.gz
stacks_littlem_3_bigm_9_n10_nis1morethanM/sample52.snps.tsv.gz
stacks_littlem_3_bigm_9_n10_nis1morethanM/sample52.tags.tsv.gz
stacks_littlem_3_bigm_9_n10_nis1morethanM/sample52.matches.tsv.gz
stacks_littlem_3_bigm_9_n10_nis1morethanM/sample52.matches.bam
stacks_littlem_3_bigm_9_n10_nis1morethanM/sample52_tsv2bam.log
stacks_littlem_3_bigm_9_n10_nis1morethanM/sample41.alleles.tsv.gz
stacks_littlem_3_bigm_9_n10_nis1morethanM/sample41.snps.tsv.gz
stacks_littlem_3_bigm_9_n10_nis1morethanM/sample41.tags.tsv.gz
stacks_littlem_3_bigm_9_n10_nis1morethanM/sample41.matches.tsv.gz
stacks_littlem_3_bigm_9_n10_nis1morethanM/sample41.matches.bam
stacks_littlem_3_bigm_9_n10_nis1morethanM/sample41_tsv2bam.log
stacks_littlem_3_bigm_9_n10_nis1morethanM/sample96.alleles.tsv.gz
stacks_littlem_3_bigm_9_n10_nis1morethanM/sample96.snps.tsv.gz
stacks_littlem_3_bigm_9_n10_nis1morethanM/sample96.tags.tsv.gz
stacks_littlem_3_bigm_9_n10_nis1morethanM/sample96.matches.tsv.gz
stacks_littlem_3_bigm_9_n10_nis1morethanM/sample96.matches.bam
stacks_littlem_3_bigm_9_n10_nis1morethanM/sample96_tsv2bam.log
stacks_littlem_3_bigm_9_n10_nis1morethanM/sample77.alleles.tsv.gz
stacks_littlem_3_bigm_9_n10_nis1morethanM/sample77.snps.tsv.gz
stacks_littlem_3_bigm_9_n10_nis1morethanM/sample77.tags.tsv.gz
stacks_littlem_3_bigm_9_n10_nis1morethanM/sample77.matches.tsv.gz
stacks_littlem_3_bigm_9_n10_nis1morethanM/sample77.matches.bam
stacks_littlem_3_bigm_9_n10_nis1morethanM/sample77_tsv2bam.log
stacks_littlem_3_bigm_9_n10_nis1morethanM/sample61.alleles.tsv.gz
stacks_littlem_3_bigm_9_n10_nis1morethanM/sample61.snps.tsv.gz
stacks_littlem_3_bigm_9_n10_nis1morethanM/sample61.tags.tsv.gz
stacks_littlem_3_bigm_9_n10_nis1morethanM/sample61.matches.tsv.gz
stacks_littlem_3_bigm_9_n10_nis1morethanM/sample61.matches.bam
stacks_littlem_3_bigm_9_n10_nis1morethanM/sample61_tsv2bam.log
stacks_littlem_3_bigm_9_n10_nis1morethanM/sample43.alleles.tsv.gz
stacks_littlem_3_bigm_9_n10_nis1morethanM/sample43.snps.tsv.gz
stacks_littlem_3_bigm_9_n10_nis1morethanM/sample43.tags.tsv.gz
stacks_littlem_3_bigm_9_n10_nis1morethanM/sample43.matches.tsv.gz
stacks_littlem_3_bigm_9_n10_nis1morethanM/sample43.matches.bam
stacks_littlem_3_bigm_9_n10_nis1morethanM/sample43_tsv2bam.log
stacks_littlem_3_bigm_9_n10_nis1morethanM/sample54.alleles.tsv.gz
stacks_littlem_3_bigm_9_n10_nis1morethanM/sample54.snps.tsv.gz
stacks_littlem_3_bigm_9_n10_nis1morethanM/sample54.tags.tsv.gz
stacks_littlem_3_bigm_9_n10_nis1morethanM/sample54.matches.tsv.gz
stacks_littlem_3_bigm_9_n10_nis1morethanM/sample54.matches.bam
stacks_littlem_3_bigm_9_n10_nis1morethanM/sample54_tsv2bam.log
stacks_littlem_3_bigm_9_n10_nis1morethanM/sample6.alleles.tsv.gz
stacks_littlem_3_bigm_9_n10_nis1morethanM/sample6.snps.tsv.gz
stacks_littlem_3_bigm_9_n10_nis1morethanM/sample6.tags.tsv.gz
stacks_littlem_3_bigm_9_n10_nis1morethanM/sample6.matches.tsv.gz
stacks_littlem_3_bigm_9_n10_nis1morethanM/sample6.matches.bam
stacks_littlem_3_bigm_9_n10_nis1morethanM/sample6_tsv2bam.log
stacks_littlem_3_bigm_9_n10_nis1morethanM/sample92.alleles.tsv.gz
stacks_littlem_3_bigm_9_n10_nis1morethanM/sample92.snps.tsv.gz
stacks_littlem_3_bigm_9_n10_nis1morethanM/sample92.tags.tsv.gz
stacks_littlem_3_bigm_9_n10_nis1morethanM/sample92.matches.tsv.gz
stacks_littlem_3_bigm_9_n10_nis1morethanM/sample92.matches.bam
stacks_littlem_3_bigm_9_n10_nis1morethanM/sample92_tsv2bam.log
stacks_littlem_3_bigm_9_n10_nis1morethanM/sample71.alleles.tsv.gz
stacks_littlem_3_bigm_9_n10_nis1morethanM/sample71.snps.tsv.gz
stacks_littlem_3_bigm_9_n10_nis1morethanM/sample71.tags.tsv.gz
stacks_littlem_3_bigm_9_n10_nis1morethanM/sample71.matches.tsv.gz
stacks_littlem_3_bigm_9_n10_nis1morethanM/sample71.matches.bam
stacks_littlem_3_bigm_9_n10_nis1morethanM/sample71_tsv2bam.log
stacks_littlem_3_bigm_9_n10_nis1morethanM/sample60.alleles.tsv.gz
stacks_littlem_3_bigm_9_n10_nis1morethanM/sample60.snps.tsv.gz
stacks_littlem_3_bigm_9_n10_nis1morethanM/sample60.tags.tsv.gz
stacks_littlem_3_bigm_9_n10_nis1morethanM/sample60.matches.tsv.gz
stacks_littlem_3_bigm_9_n10_nis1morethanM/sample60.matches.bam
stacks_littlem_3_bigm_9_n10_nis1morethanM/sample60_tsv2bam.log
stacks_littlem_3_bigm_9_n10_nis1morethanM/sample9.alleles.tsv.gz
stacks_littlem_3_bigm_9_n10_nis1morethanM/sample9.snps.tsv.gz
stacks_littlem_3_bigm_9_n10_nis1morethanM/sample9.tags.tsv.gz
stacks_littlem_3_bigm_9_n10_nis1morethanM/sample9.matches.tsv.gz
stacks_littlem_3_bigm_9_n10_nis1morethanM/sample9.matches.bam
stacks_littlem_3_bigm_9_n10_nis1morethanM/sample9_tsv2bam.log
stacks_littlem_3_bigm_9_n10_nis1morethanM/sample75.alleles.tsv.gz
stacks_littlem_3_bigm_9_n10_nis1morethanM/sample75.snps.tsv.gz
stacks_littlem_3_bigm_9_n10_nis1morethanM/sample75.tags.tsv.gz
stacks_littlem_3_bigm_9_n10_nis1morethanM/sample75.matches.tsv.gz
stacks_littlem_3_bigm_9_n10_nis1morethanM/sample75.matches.bam
stacks_littlem_3_bigm_9_n10_nis1morethanM/sample75_tsv2bam.log
stacks_littlem_3_bigm_9_n10_nis1morethanM/sample81.alleles.tsv.gz
stacks_littlem_3_bigm_9_n10_nis1morethanM/sample81.snps.tsv.gz
stacks_littlem_3_bigm_9_n10_nis1morethanM/sample81.tags.tsv.gz
stacks_littlem_3_bigm_9_n10_nis1morethanM/sample81.matches.tsv.gz
stacks_littlem_3_bigm_9_n10_nis1morethanM/sample81.matches.bam
stacks_littlem_3_bigm_9_n10_nis1morethanM/sample81_tsv2bam.log
stacks_littlem_3_bigm_9_n10_nis1morethanM/sample88.alleles.tsv.gz
stacks_littlem_3_bigm_9_n10_nis1morethanM/sample88.snps.tsv.gz
stacks_littlem_3_bigm_9_n10_nis1morethanM/sample88.tags.tsv.gz
stacks_littlem_3_bigm_9_n10_nis1morethanM/sample88.matches.tsv.gz
stacks_littlem_3_bigm_9_n10_nis1morethanM/sample88.matches.bam
stacks_littlem_3_bigm_9_n10_nis1morethanM/sample88_tsv2bam.log
stacks_littlem_3_bigm_9_n10_nis1morethanM/popmap
stacks_littlem_3_bigm_9_n10_nis1morethanM/gstacks.log
stacks_littlem_3_bigm_9_n10_nis1morethanM/gstacks.log.distribs
stacks_littlem_3_bigm_9_n10_nis1morethanM/catalog.fa.gz
stacks_littlem_3_bigm_9_n10_nis1morethanM/catalog.calls
I have 609 files in bioprj_PRJDB7819_Zenarchopterus-dunckeri_stacks_littlem_3_bigm_9_n10_nis1morethanM.tar.gz tarball
I have all the files tarred and am copying them to storage node
DONE WITH GSTACKS
----------------------------------------------------------------------------------------
PRINTING SUBSET OF ENVIRONMENT VARIABLES:
BIG_M=9
COPY_FILES_TO_EXECUTE_NODE=yes
CPUS=12
CUDA_VISIBLE_DEVICES=
CVS_RSH=ssh
DIR=stacks_littlem_3_bigm_9_n10_nis1morethanM
DIRSTACK=()
ENVIRONMENT=BATCH
EUID=1035122
FILECOUNT=609
GROUPS=()
HISTCONTROL=ignoredups
HISTSIZE=1000
HOME=/mnt/home/rhtoczyd
HOSTNAME=amr-228
HOSTTYPE=x86_64
HPCC_CLUSTER_FLAVOR=amd20
IFS=' 	
'
KDEDIRS=/usr
LANG=en_US.UTF-8
LESSOPEN='||/usr/bin/lesspipe.sh %s'
LITTLE_M=3
LMOD_CMD=/usr/local/lmod/lmod/libexec/lmod
LMOD_DIR=/usr/local/lmod/lmod/libexec
LMOD_FAMILY_COMPILERC=GCC
LMOD_FAMILY_COMPILERC_VERSION=9.3.0
LMOD_FAMILY_COMPILERF=GCC
LMOD_FAMILY_COMPILERF_VERSION=9.3.0
LMOD_FAMILY_MPI=OpenMPI
LMOD_FAMILY_MPI_VERSION=4.0.3
LMOD_PKG=/usr/local/lmod/lmod
LMOD_ROOT=/usr/local/lmod
LMOD_SETTARG_FULL_SUPPORT=no
LMOD_VERSION=8.4.5.ICER
LMOD_sys=Linux
LOADEDMODULES=GCCcore/9.3.0:zlib/1.2.11:binutils/2.34:GCC/9.3.0:numactl/2.0.13:XZ/5.2.5:libxml2/2.9.10:libpciaccess/0.16:hwloc/2.2.0:UCX/1.8.0:OpenMPI/4.0.3:OpenBLAS/0.3.9:FFTW/3.3.8:ScaLAPACK/2.1.0:Stacks/2.54
LOGNAME=rhtoczyd
MACHTYPE=x86_64-redhat-linux-gnu
MAIL=/var/spool/mail/rhtoczyd
MAX_LOC=3
MODULESHOME=/usr/local/lmod/lmod
MODULES_TO_LOAD=([0]="GCC/9.3.0" [1]="OpenMPI/4.0.3" [2]="Stacks/2.54")
N=10
N_SAMPS=100
OLDPWD=/tmp/local/20899663/bioprj_PRJDB7819_Zenarchopterus-dunckeri
OMPI_MCA_btl='^openib'
OMPI_MCA_btl_openib_btls_per_lid=8
OPTERR=1
OPTIND=1
OSTYPE=linux-gnu
OUTTARBALL=bioprj_PRJDB7819_Zenarchopterus-dunckeri_stacks_littlem_3_bigm_9_n10_nis1morethanM.tar.gz
PAIRED_END=no
PBS_ARRAY_ID=20899663
PBS_ARRAY_INDEX=0
PBS_JOBDIR=/mnt/ufs18/home-173/rhtoczyd/marine-stacks-step3/bioprj_PRJDB7819_Zenarchopterus-dunckeri
PBS_JOBID=20899663
PBS_JOBNAME=run-gstacks
PBS_NODEFILE=/tmp/nodefiles/20899663
PBS_NODENUM=0
PBS_O_HOME=/mnt/home/rhtoczyd
PBS_O_LANG=en_US.UTF-8
PBS_O_LOGNAME=rhtoczyd
PBS_O_MAIL=/var/spool/mail/rhtoczyd
PBS_O_SHELL=/bin/bash
PBS_O_WORKDIR=/mnt/ufs18/home-173/rhtoczyd/marine-stacks-step3/bioprj_PRJDB7819_Zenarchopterus-dunckeri
PBS_TASKNUM=1
PIPESTATUS=([0]="0")
POSIXLY_CORRECT=y
PPID=120641
PROFILEREAD=true
PS4='+ '
PWD=/tmp/local
QTDIR=/usr/lib64/qt-3.3
QTINC=/usr/lib64/qt-3.3/include
QTLIB=/usr/lib64/qt-3.3/lib
QT_GRAPHICSSYSTEM_CHECKED=1
RUN_NAME=bioprj_PRJDB7819_Zenarchopterus-dunckeri
SAMP_STORAGE_DIR=/mnt/scratch/rhtoczyd/bioprj_PRJDB7819_Zenarchopterus-dunckeri/samples
SC15=/mnt/ls15/scratch/users/rhtoczyd
SC18=/mnt/gs18/scratch/users/rhtoczyd
SCRATCH=/mnt/gs18/scratch/users/rhtoczyd
SHELL=/bin/bash
SHELLOPTS=braceexpand:hashall:interactive-comments:posix
SHLVL=2
SLURMD_NODENAME=amr-228
SLURM_ARRAY_JOB_ID=20899663
SLURM_ARRAY_TASK_COUNT=1
SLURM_ARRAY_TASK_ID=0
SLURM_ARRAY_TASK_MAX=0
SLURM_ARRAY_TASK_MIN=0
SLURM_ARRAY_TASK_STEP=1
SLURM_CLUSTER_NAME=msuhpcc
SLURM_CONF=/etc/slurm/slurm.conf
SLURM_CPUS_ON_NODE=12
SLURM_CPUS_PER_TASK=12
SLURM_EXPORT_ENV='CPUS=12,RUN_NAME=bioprj_PRJDB7819_Zenarchopterus-dunckeri,LITTLE_M=3,MAX_LOC=3,STORAGENODE=/mnt/scratch/rhtoczyd,SAMP_STORAGE_DIR=/mnt/scratch/rhtoczyd/bioprj_PRJDB7819_Zenarchopterus-dunckeri/samples,N_SAMPS=100,BIG_M=9,SUB_NAME=nis1morethanM,COPY_FILES_TO_EXECUTE_NODE=yes,PAIRED_END=no,MODULES_TO_LOAD=GCC/9.3.0 OpenMPI/4.0.3 Stacks/2.54'
SLURM_GET_USER_ENV=1
SLURM_GTIDS=0
SLURM_JOBID=20899663
SLURM_JOB_ACCOUNT=bradburd
SLURM_JOB_CPUS_PER_NODE=12
SLURM_JOB_DEPENDENCY=afterok:20899654_0:20899654_1:20899654_2:20899654_3
SLURM_JOB_GID=2479
SLURM_JOB_ID=20899663
SLURM_JOB_NAME=run-gstacks
SLURM_JOB_NODELIST=amr-228
SLURM_JOB_NUM_NODES=1
SLURM_JOB_PARTITION=bradburd
SLURM_JOB_QOS=normal
SLURM_JOB_UID=1035122
SLURM_JOB_USER=rhtoczyd
SLURM_LOCALID=0
SLURM_MEM_PER_NODE=135168
SLURM_NNODES=1
SLURM_NODEID=0
SLURM_NODELIST=amr-228
SLURM_NODE_ALIASES='(null)'
SLURM_PRIO_PROCESS=19
SLURM_PROCID=0
SLURM_SUBMIT_DIR=/mnt/ufs18/home-173/rhtoczyd/marine-stacks-step3/bioprj_PRJDB7819_Zenarchopterus-dunckeri
SLURM_SUBMIT_HOST=dev-amd20-v100
SLURM_TASKS_PER_NODE=1
SLURM_TASK_PID=120646
SLURM_TOPOLOGY_ADDR=amr-228
SLURM_TOPOLOGY_ADDR_PATTERN=node
SLURM_WHOLE=1
SLURM_WORKING_CLUSTER=msuhpcc:slurm-01:6817:9216:109
SQUEUE_ALL=
STORAGEDIR=/mnt/scratch/rhtoczyd/bioprj_PRJDB7819_Zenarchopterus-dunckeri/stacks_littlem_3_bigm_9
STORAGENODE=/mnt/scratch/rhtoczyd
SUB_NAME=nis1morethanM
TERM=dumb
TMPDIR=/tmp/local/20899663
UID=1035122
UNIQUEJOBID=20899663_0
USER=rhtoczyd
WORKDIR=/tmp/local/20899663/bioprj_PRJDB7819_Zenarchopterus-dunckeri
XDG_DATA_DIRS=/opt/software/FFTW/3.3.8-gompi-2020a/share:/opt/software/OpenMPI/4.0.3-GCC-9.3.0/share:/opt/software/UCX/1.8.0-GCCcore-9.3.0/share:/opt/software/hwloc/2.2.0-GCCcore-9.3.0/share:/opt/software/libxml2/2.9.10-GCCcore-9.3.0/share:/opt/software/XZ/5.2.5-GCCcore-9.3.0/share:/opt/software/numactl/2.0.13-GCCcore-9.3.0/share:/opt/software/binutils/2.34-GCCcore-9.3.0/share:/opt/software/zlib/1.2.11-GCCcore-9.3.0/share:/opt/software/GCCcore/9.3.0/share:/mnt/home/rhtoczyd/.local/share/flatpak/exports/share:/var/lib/flatpak/exports/share:/usr/local/share:/usr/share
f=bioprj_PRJDB7819_Zenarchopterus-dunckeri_stacks_littlem_3_bigm_9_n10_nis1morethanM_sample9.tar.gz
is=bash
